{"C:\\Users\\dietr\\Desktop\\PFE\\Kokoroji-app\\src\\components\\AvatarPicker.tsx": {"path":"C:\\Users\\dietr\\Desktop\\PFE\\Kokoroji-app\\src\\components\\AvatarPicker.tsx","statementMap":{"0":{"start":{"line":30,"column":4},"end":{"line":49,"column":6}},"1":{"start":{"line":33,"column":16},"end":{"line":46,"column":35}},"2":{"start":{"line":35,"column":35},"end":{"line":35,"column":48}},"3":{"start":{"line":52,"column":15},"end":{"line":73,"column":2}}},"fnMap":{"0":{"name":"AvatarPicker","decl":{"start":{"line":29,"column":16},"end":{"line":29,"column":28}},"loc":{"start":{"line":29,"column":91},"end":{"line":50,"column":1}},"line":29},"1":{"name":"(anonymous_1)","decl":{"start":{"line":32,"column":25},"end":{"line":32,"column":26}},"loc":{"start":{"line":33,"column":16},"end":{"line":46,"column":35}},"line":33},"2":{"name":"(anonymous_2)","decl":{"start":{"line":35,"column":29},"end":{"line":35,"column":30}},"loc":{"start":{"line":35,"column":35},"end":{"line":35,"column":48}},"line":35}},"branchMap":{"0":{"loc":{"start":{"line":41,"column":28},"end":{"line":41,"column":69}},"type":"binary-expr","locations":[{"start":{"line":41,"column":28},"end":{"line":41,"column":44}},{"start":{"line":41,"column":48},"end":{"line":41,"column":69}}],"line":41}},"s":{"0":14,"1":106,"2":1,"3":2},"f":{"0":14,"1":106,"2":1},"b":{"0":[106,14]},"_coverageSchema":"1a1c01bbd47fc00a2c39e90264f33305004495a9","hash":"5420d596eaf268a3f8d7a92455a10425413de469"}
,"C:\\Users\\dietr\\Desktop\\PFE\\Kokoroji-app\\src\\components\\ButtonPrimary.tsx": {"path":"C:\\Users\\dietr\\Desktop\\PFE\\Kokoroji-app\\src\\components\\ButtonPrimary.tsx","statementMap":{"0":{"start":{"line":33,"column":52},"end":{"line":69,"column":1}},"1":{"start":{"line":43,"column":4},"end":{"line":68,"column":6}},"2":{"start":{"line":71,"column":15},"end":{"line":105,"column":2}}},"fnMap":{"0":{"name":"(anonymous_0)","decl":{"start":{"line":33,"column":52},"end":{"line":33,"column":53}},"loc":{"start":{"line":42,"column":6},"end":{"line":69,"column":1}},"line":42}},"branchMap":{"0":{"loc":{"start":{"line":36,"column":4},"end":{"line":36,"column":20}},"type":"default-arg","locations":[{"start":{"line":36,"column":15},"end":{"line":36,"column":20}}],"line":36},"1":{"loc":{"start":{"line":37,"column":4},"end":{"line":37,"column":19}},"type":"default-arg","locations":[{"start":{"line":37,"column":14},"end":{"line":37,"column":19}}],"line":37},"2":{"loc":{"start":{"line":41,"column":4},"end":{"line":41,"column":19}},"type":"default-arg","locations":[{"start":{"line":41,"column":14},"end":{"line":41,"column":19}}],"line":41},"3":{"loc":{"start":{"line":47,"column":16},"end":{"line":47,"column":41}},"type":"binary-expr","locations":[{"start":{"line":47,"column":16},"end":{"line":47,"column":23}},{"start":{"line":47,"column":27},"end":{"line":47,"column":41}}],"line":47},"4":{"loc":{"start":{"line":48,"column":16},"end":{"line":48,"column":55}},"type":"cond-expr","locations":[{"start":{"line":48,"column":27},"end":{"line":48,"column":48}},{"start":{"line":48,"column":51},"end":{"line":48,"column":55}}],"line":48},"5":{"loc":{"start":{"line":53,"column":22},"end":{"line":53,"column":41}},"type":"binary-expr","locations":[{"start":{"line":53,"column":22},"end":{"line":53,"column":30}},{"start":{"line":53,"column":34},"end":{"line":53,"column":41}}],"line":53},"6":{"loc":{"start":{"line":56,"column":44},"end":{"line":56,"column":63}},"type":"binary-expr","locations":[{"start":{"line":56,"column":44},"end":{"line":56,"column":52}},{"start":{"line":56,"column":56},"end":{"line":56,"column":63}}],"line":56},"7":{"loc":{"start":{"line":60,"column":13},"end":{"line":66,"column":13}},"type":"cond-expr","locations":[{"start":{"line":61,"column":16},"end":{"line":61,"column":71}},{"start":{"line":63,"column":16},"end":{"line":65,"column":23}}],"line":60},"8":{"loc":{"start":{"line":63,"column":43},"end":{"line":63,"column":80}},"type":"cond-expr","locations":[{"start":{"line":63,"column":54},"end":{"line":63,"column":73}},{"start":{"line":63,"column":76},"end":{"line":63,"column":80}}],"line":63}},"s":{"0":4,"1":24,"2":4},"f":{"0":24},"b":{"0":[5],"1":[23],"2":[24],"3":[24,0],"4":[16,8],"5":[24,8],"6":[24,8],"7":[1,23],"8":[16,7]},"_coverageSchema":"1a1c01bbd47fc00a2c39e90264f33305004495a9","hash":"e8153f0cb2ddc35343aed9ec658b283698459fd1"}
,"C:\\Users\\dietr\\Desktop\\PFE\\Kokoroji-app\\src\\components\\ChildItem.tsx": {"path":"C:\\Users\\dietr\\Desktop\\PFE\\Kokoroji-app\\src\\components\\ChildItem.tsx","statementMap":{"0":{"start":{"line":38,"column":4},"end":{"line":73,"column":6}},"1":{"start":{"line":76,"column":15},"end":{"line":101,"column":2}}},"fnMap":{"0":{"name":"ChildItem","decl":{"start":{"line":37,"column":16},"end":{"line":37,"column":25}},"loc":{"start":{"line":37,"column":89},"end":{"line":74,"column":1}},"line":37}},"branchMap":{"0":{"loc":{"start":{"line":48,"column":13},"end":{"line":71,"column":13}},"type":"binary-expr","locations":[{"start":{"line":48,"column":13},"end":{"line":48,"column":22}},{"start":{"line":49,"column":16},"end":{"line":70,"column":19}}],"line":48}},"s":{"0":6,"1":2},"f":{"0":6},"b":{"0":[6,6]},"_coverageSchema":"1a1c01bbd47fc00a2c39e90264f33305004495a9","hash":"9a5e5ac85721c7f2aab70bdd77ab99f441f9c2c9"}
,"C:\\Users\\dietr\\Desktop\\PFE\\Kokoroji-app\\src\\components\\ChildrenList.tsx": {"path":"C:\\Users\\dietr\\Desktop\\PFE\\Kokoroji-app\\src\\components\\ChildrenList.tsx","statementMap":{"0":{"start":{"line":33,"column":4},"end":{"line":57,"column":6}},"1":{"start":{"line":36,"column":38},"end":{"line":36,"column":52}},"2":{"start":{"line":38,"column":16},"end":{"line":44,"column":18}},"3":{"start":{"line":40,"column":43},"end":{"line":40,"column":56}},"4":{"start":{"line":41,"column":47},"end":{"line":41,"column":62}}},"fnMap":{"0":{"name":"ChildrenList","decl":{"start":{"line":32,"column":16},"end":{"line":32,"column":28}},"loc":{"start":{"line":32,"column":96},"end":{"line":58,"column":1}},"line":32},"1":{"name":"(anonymous_1)","decl":{"start":{"line":36,"column":26},"end":{"line":36,"column":27}},"loc":{"start":{"line":36,"column":38},"end":{"line":36,"column":52}},"line":36},"2":{"name":"(anonymous_2)","decl":{"start":{"line":37,"column":24},"end":{"line":37,"column":25}},"loc":{"start":{"line":38,"column":16},"end":{"line":44,"column":18}},"line":38},"3":{"name":"(anonymous_3)","decl":{"start":{"line":40,"column":37},"end":{"line":40,"column":38}},"loc":{"start":{"line":40,"column":43},"end":{"line":40,"column":56}},"line":40},"4":{"name":"(anonymous_4)","decl":{"start":{"line":41,"column":41},"end":{"line":41,"column":42}},"loc":{"start":{"line":41,"column":47},"end":{"line":41,"column":62}},"line":41}},"branchMap":{"0":{"loc":{"start":{"line":40,"column":28},"end":{"line":40,"column":68}},"type":"cond-expr","locations":[{"start":{"line":40,"column":37},"end":{"line":40,"column":56}},{"start":{"line":40,"column":59},"end":{"line":40,"column":68}}],"line":40},"1":{"loc":{"start":{"line":41,"column":30},"end":{"line":41,"column":74}},"type":"cond-expr","locations":[{"start":{"line":41,"column":41},"end":{"line":41,"column":62}},{"start":{"line":41,"column":65},"end":{"line":41,"column":74}}],"line":41}},"s":{"0":14,"1":7,"2":5,"3":0,"4":0},"f":{"0":14,"1":7,"2":5,"3":0,"4":0},"b":{"0":[5,0],"1":[5,0]},"_coverageSchema":"1a1c01bbd47fc00a2c39e90264f33305004495a9","hash":"716af4f03b5476bb20314dfc3cd09167cf0da8d0"}
,"C:\\Users\\dietr\\Desktop\\PFE\\Kokoroji-app\\src\\components\\CompErrorMessage.tsx": {"path":"C:\\Users\\dietr\\Desktop\\PFE\\Kokoroji-app\\src\\components\\CompErrorMessage.tsx","statementMap":{"0":{"start":{"line":19,"column":50},"end":{"line":21,"column":1}},"1":{"start":{"line":20,"column":4},"end":{"line":20,"column":59}},"2":{"start":{"line":23,"column":15},"end":{"line":29,"column":2}}},"fnMap":{"0":{"name":"(anonymous_0)","decl":{"start":{"line":19,"column":50},"end":{"line":19,"column":51}},"loc":{"start":{"line":19,"column":67},"end":{"line":21,"column":1}},"line":19}},"branchMap":{},"s":{"0":3,"1":1,"2":3},"f":{"0":1},"b":{},"_coverageSchema":"1a1c01bbd47fc00a2c39e90264f33305004495a9","hash":"3fa3646d2f6a0febd585cc9d86fd8e16810236cd"}
,"C:\\Users\\dietr\\Desktop\\PFE\\Kokoroji-app\\src\\components\\InputField.tsx": {"path":"C:\\Users\\dietr\\Desktop\\PFE\\Kokoroji-app\\src\\components\\InputField.tsx","statementMap":{"0":{"start":{"line":26,"column":46},"end":{"line":52,"column":1}},"1":{"start":{"line":34,"column":4},"end":{"line":51,"column":6}},"2":{"start":{"line":54,"column":15},"end":{"line":79,"column":2}}},"fnMap":{"0":{"name":"(anonymous_0)","decl":{"start":{"line":26,"column":46},"end":{"line":26,"column":47}},"loc":{"start":{"line":33,"column":6},"end":{"line":52,"column":1}},"line":33}},"branchMap":{"0":{"loc":{"start":{"line":29,"column":4},"end":{"line":29,"column":20}},"type":"default-arg","locations":[{"start":{"line":29,"column":18},"end":{"line":29,"column":20}}],"line":29},"1":{"loc":{"start":{"line":39,"column":20},"end":{"line":39,"column":52}},"type":"cond-expr","locations":[{"start":{"line":39,"column":28},"end":{"line":39,"column":45}},{"start":{"line":39,"column":48},"end":{"line":39,"column":52}}],"line":39},"2":{"loc":{"start":{"line":49,"column":13},"end":{"line":49,"column":73}},"type":"cond-expr","locations":[{"start":{"line":49,"column":21},"end":{"line":49,"column":66}},{"start":{"line":49,"column":69},"end":{"line":49,"column":73}}],"line":49}},"s":{"0":3,"1":15,"2":3},"f":{"0":15},"b":{"0":[2],"1":[2,13],"2":[2,13]},"_coverageSchema":"1a1c01bbd47fc00a2c39e90264f33305004495a9","hash":"4aa313913e7c2fad6c247dc66421343cb081f6a1"}
,"C:\\Users\\dietr\\Desktop\\PFE\\Kokoroji-app\\src\\database\\db.ts": {"path":"C:\\Users\\dietr\\Desktop\\PFE\\Kokoroji-app\\src\\database\\db.ts","statementMap":{"0":{"start":{"line":7,"column":22},"end":{"line":7,"column":26}},"1":{"start":{"line":15,"column":2},"end":{"line":17,"column":3}},"2":{"start":{"line":16,"column":4},"end":{"line":16,"column":56}},"3":{"start":{"line":18,"column":2},"end":{"line":18,"column":20}},"4":{"start":{"line":28,"column":13},"end":{"line":28,"column":37}},"5":{"start":{"line":29,"column":2},"end":{"line":31,"column":3}},"6":{"start":{"line":30,"column":4},"end":{"line":30,"column":30}}},"fnMap":{"0":{"name":"getDatabaseAsync","decl":{"start":{"line":14,"column":22},"end":{"line":14,"column":38}},"loc":{"start":{"line":14,"column":41},"end":{"line":19,"column":1}},"line":14},"1":{"name":"initializeDatabase","decl":{"start":{"line":27,"column":22},"end":{"line":27,"column":40}},"loc":{"start":{"line":27,"column":43},"end":{"line":32,"column":1}},"line":27}},"branchMap":{"0":{"loc":{"start":{"line":15,"column":2},"end":{"line":17,"column":3}},"type":"if","locations":[{"start":{"line":15,"column":2},"end":{"line":17,"column":3}},{"start":{},"end":{}}],"line":15}},"s":{"0":2,"1":0,"2":0,"3":0,"4":0,"5":0,"6":0},"f":{"0":0,"1":0},"b":{"0":[0,0]},"_coverageSchema":"1a1c01bbd47fc00a2c39e90264f33305004495a9","hash":"d99b6e3ecd51103f1566a858ac547a7a1d8b43c6"}
,"C:\\Users\\dietr\\Desktop\\PFE\\Kokoroji-app\\src\\database\\init.ts": {"path":"C:\\Users\\dietr\\Desktop\\PFE\\Kokoroji-app\\src\\database\\init.ts","statementMap":{"0":{"start":{"line":6,"column":37},"end":{"line":14,"column":3}},"1":{"start":{"line":16,"column":39},"end":{"line":29,"column":3}},"2":{"start":{"line":31,"column":40},"end":{"line":36,"column":3}},"3":{"start":{"line":38,"column":35},"end":{"line":52,"column":3}},"4":{"start":{"line":55,"column":42},"end":{"line":74,"column":3}},"5":{"start":{"line":76,"column":38},"end":{"line":96,"column":3}},"6":{"start":{"line":99,"column":43},"end":{"line":113,"column":3}},"7":{"start":{"line":115,"column":44},"end":{"line":128,"column":3}},"8":{"start":{"line":130,"column":45},"end":{"line":146,"column":3}},"9":{"start":{"line":149,"column":44},"end":{"line":167,"column":3}},"10":{"start":{"line":174,"column":44},"end":{"line":190,"column":3}},"11":{"start":{"line":195,"column":35},"end":{"line":207,"column":3}}},"fnMap":{},"branchMap":{},"s":{"0":2,"1":2,"2":2,"3":2,"4":2,"5":2,"6":2,"7":2,"8":2,"9":2,"10":2,"11":2},"f":{},"b":{},"_coverageSchema":"1a1c01bbd47fc00a2c39e90264f33305004495a9","hash":"f4d62c4efd7eeb2f05d3152188699065b3940ff6"}
,"C:\\Users\\dietr\\Desktop\\PFE\\Kokoroji-app\\src\\hooks\\useActiveSession.ts": {"path":"C:\\Users\\dietr\\Desktop\\PFE\\Kokoroji-app\\src\\hooks\\useActiveSession.ts","statementMap":{"0":{"start":{"line":35,"column":23},"end":{"line":35,"column":27}},"1":{"start":{"line":37,"column":44},"end":{"line":37,"column":89}},"2":{"start":{"line":38,"column":40},"end":{"line":38,"column":77}},"3":{"start":{"line":39,"column":30},"end":{"line":39,"column":60}},"4":{"start":{"line":40,"column":32},"end":{"line":40,"column":47}},"5":{"start":{"line":41,"column":28},"end":{"line":41,"column":57}},"6":{"start":{"line":44,"column":20},"end":{"line":44,"column":101}},"7":{"start":{"line":44,"column":34},"end":{"line":44,"column":83}},"8":{"start":{"line":47,"column":24},"end":{"line":54,"column":16}},"9":{"start":{"line":48,"column":4},"end":{"line":53,"column":5}},"10":{"start":{"line":49,"column":16},"end":{"line":49,"column":51}},"11":{"start":{"line":50,"column":6},"end":{"line":50,"column":39}},"12":{"start":{"line":52,"column":6},"end":{"line":52,"column":79}},"13":{"start":{"line":57,"column":24},"end":{"line":78,"column":3}},"14":{"start":{"line":59,"column":6},"end":{"line":59,"column":23}},"15":{"start":{"line":60,"column":6},"end":{"line":60,"column":21}},"16":{"start":{"line":61,"column":6},"end":{"line":75,"column":7}},"17":{"start":{"line":62,"column":25},"end":{"line":62,"column":60}},"18":{"start":{"line":63,"column":8},"end":{"line":66,"column":9}},"19":{"start":{"line":64,"column":10},"end":{"line":64,"column":37}},"20":{"start":{"line":65,"column":10},"end":{"line":65,"column":26}},"21":{"start":{"line":67,"column":24},"end":{"line":67,"column":50}},"22":{"start":{"line":68,"column":8},"end":{"line":68,"column":34}},"23":{"start":{"line":69,"column":8},"end":{"line":69,"column":23}},"24":{"start":{"line":71,"column":8},"end":{"line":71,"column":68}},"25":{"start":{"line":72,"column":8},"end":{"line":72,"column":16}},"26":{"start":{"line":74,"column":8},"end":{"line":74,"column":26}},"27":{"start":{"line":81,"column":28},"end":{"line":98,"column":3}},"28":{"start":{"line":83,"column":33},"end":{"line":83,"column":85}},"29":{"start":{"line":84,"column":6},"end":{"line":84,"column":23}},"30":{"start":{"line":85,"column":6},"end":{"line":85,"column":21}},"31":{"start":{"line":86,"column":6},"end":{"line":95,"column":7}},"32":{"start":{"line":87,"column":18},"end":{"line":87,"column":51}},"33":{"start":{"line":88,"column":8},"end":{"line":88,"column":61}},"34":{"start":{"line":89,"column":8},"end":{"line":89,"column":52}},"35":{"start":{"line":91,"column":8},"end":{"line":91,"column":65}},"36":{"start":{"line":92,"column":8},"end":{"line":92,"column":20}},"37":{"start":{"line":94,"column":8},"end":{"line":94,"column":26}},"38":{"start":{"line":101,"column":24},"end":{"line":121,"column":3}},"39":{"start":{"line":103,"column":33},"end":{"line":103,"column":85}},"40":{"start":{"line":104,"column":6},"end":{"line":104,"column":23}},"41":{"start":{"line":105,"column":6},"end":{"line":105,"column":21}},"42":{"start":{"line":106,"column":6},"end":{"line":118,"column":7}},"43":{"start":{"line":108,"column":10},"end":{"line":110,"column":44}},"44":{"start":{"line":111,"column":8},"end":{"line":111,"column":44}},"45":{"start":{"line":112,"column":8},"end":{"line":112,"column":40}},"46":{"start":{"line":114,"column":8},"end":{"line":114,"column":66}},"47":{"start":{"line":115,"column":8},"end":{"line":115,"column":18}},"48":{"start":{"line":117,"column":8},"end":{"line":117,"column":26}},"49":{"start":{"line":124,"column":23},"end":{"line":153,"column":3}},"50":{"start":{"line":132,"column":6},"end":{"line":132,"column":23}},"51":{"start":{"line":133,"column":6},"end":{"line":133,"column":21}},"52":{"start":{"line":134,"column":6},"end":{"line":150,"column":7}},"53":{"start":{"line":135,"column":19},"end":{"line":142,"column":10}},"54":{"start":{"line":143,"column":8},"end":{"line":143,"column":30}},"55":{"start":{"line":144,"column":8},"end":{"line":144,"column":18}},"56":{"start":{"line":146,"column":8},"end":{"line":146,"column":64}},"57":{"start":{"line":147,"column":8},"end":{"line":147,"column":16}},"58":{"start":{"line":149,"column":8},"end":{"line":149,"column":26}},"59":{"start":{"line":156,"column":19},"end":{"line":184,"column":3}},"60":{"start":{"line":164,"column":6},"end":{"line":164,"column":23}},"61":{"start":{"line":165,"column":6},"end":{"line":165,"column":21}},"62":{"start":{"line":166,"column":6},"end":{"line":181,"column":7}},"63":{"start":{"line":167,"column":19},"end":{"line":174,"column":10}},"64":{"start":{"line":175,"column":8},"end":{"line":175,"column":18}},"65":{"start":{"line":177,"column":8},"end":{"line":177,"column":65}},"66":{"start":{"line":178,"column":8},"end":{"line":178,"column":16}},"67":{"start":{"line":180,"column":8},"end":{"line":180,"column":26}},"68":{"start":{"line":187,"column":27},"end":{"line":203,"column":3}},"69":{"start":{"line":189,"column":6},"end":{"line":189,"column":23}},"70":{"start":{"line":190,"column":6},"end":{"line":190,"column":21}},"71":{"start":{"line":191,"column":6},"end":{"line":200,"column":7}},"72":{"start":{"line":192,"column":24},"end":{"line":192,"column":54}},"73":{"start":{"line":193,"column":8},"end":{"line":193,"column":34}},"74":{"start":{"line":194,"column":8},"end":{"line":194,"column":23}},"75":{"start":{"line":196,"column":8},"end":{"line":196,"column":68}},"76":{"start":{"line":197,"column":8},"end":{"line":197,"column":16}},"77":{"start":{"line":199,"column":8},"end":{"line":199,"column":26}},"78":{"start":{"line":206,"column":27},"end":{"line":209,"column":8}},"79":{"start":{"line":207,"column":4},"end":{"line":207,"column":25}},"80":{"start":{"line":208,"column":4},"end":{"line":208,"column":18}},"81":{"start":{"line":212,"column":22},"end":{"line":214,"column":8}},"82":{"start":{"line":213,"column":4},"end":{"line":213,"column":35}},"83":{"start":{"line":216,"column":24},"end":{"line":221,"column":3}},"84":{"start":{"line":218,"column":6},"end":{"line":218,"column":38}},"85":{"start":{"line":223,"column":23},"end":{"line":225,"column":8}},"86":{"start":{"line":224,"column":4},"end":{"line":224,"column":30}},"87":{"start":{"line":233,"column":39},"end":{"line":262,"column":25}},"88":{"start":{"line":234,"column":15},"end":{"line":234,"column":38}},"89":{"start":{"line":235,"column":4},"end":{"line":237,"column":5}},"90":{"start":{"line":236,"column":6},"end":{"line":236,"column":42}},"91":{"start":{"line":239,"column":4},"end":{"line":248,"column":5}},"92":{"start":{"line":240,"column":6},"end":{"line":240,"column":36}},"93":{"start":{"line":241,"column":6},"end":{"line":241,"column":20}},"94":{"start":{"line":242,"column":6},"end":{"line":247,"column":8}},"95":{"start":{"line":250,"column":4},"end":{"line":259,"column":5}},"96":{"start":{"line":251,"column":6},"end":{"line":251,"column":27}},"97":{"start":{"line":252,"column":6},"end":{"line":252,"column":27}},"98":{"start":{"line":253,"column":6},"end":{"line":258,"column":8}},"99":{"start":{"line":261,"column":4},"end":{"line":261,"column":40}},"100":{"start":{"line":264,"column":2},"end":{"line":266,"column":22}},"101":{"start":{"line":265,"column":4},"end":{"line":265,"column":20}},"102":{"start":{"line":268,"column":2},"end":{"line":290,"column":4}}},"fnMap":{"0":{"name":"useActiveSession","decl":{"start":{"line":34,"column":16},"end":{"line":34,"column":32}},"loc":{"start":{"line":34,"column":64},"end":{"line":291,"column":1}},"line":34},"1":{"name":"(anonymous_1)","decl":{"start":{"line":44,"column":28},"end":{"line":44,"column":29}},"loc":{"start":{"line":44,"column":34},"end":{"line":44,"column":83}},"line":44},"2":{"name":"(anonymous_2)","decl":{"start":{"line":47,"column":36},"end":{"line":47,"column":37}},"loc":{"start":{"line":47,"column":48},"end":{"line":54,"column":3}},"line":47},"3":{"name":"(anonymous_3)","decl":{"start":{"line":58,"column":4},"end":{"line":58,"column":5}},"loc":{"start":{"line":58,"column":37},"end":{"line":76,"column":5}},"line":58},"4":{"name":"(anonymous_4)","decl":{"start":{"line":82,"column":4},"end":{"line":82,"column":5}},"loc":{"start":{"line":82,"column":37},"end":{"line":96,"column":5}},"line":82},"5":{"name":"(anonymous_5)","decl":{"start":{"line":102,"column":4},"end":{"line":102,"column":5}},"loc":{"start":{"line":102,"column":53},"end":{"line":119,"column":5}},"line":102},"6":{"name":"(anonymous_6)","decl":{"start":{"line":125,"column":4},"end":{"line":125,"column":5}},"loc":{"start":{"line":131,"column":10},"end":{"line":151,"column":5}},"line":131},"7":{"name":"(anonymous_7)","decl":{"start":{"line":157,"column":4},"end":{"line":157,"column":5}},"loc":{"start":{"line":163,"column":10},"end":{"line":182,"column":5}},"line":163},"8":{"name":"(anonymous_8)","decl":{"start":{"line":188,"column":4},"end":{"line":188,"column":5}},"loc":{"start":{"line":188,"column":33},"end":{"line":201,"column":5}},"line":188},"9":{"name":"(anonymous_9)","decl":{"start":{"line":206,"column":39},"end":{"line":206,"column":40}},"loc":{"start":{"line":206,"column":45},"end":{"line":209,"column":3}},"line":206},"10":{"name":"(anonymous_10)","decl":{"start":{"line":212,"column":34},"end":{"line":212,"column":35}},"loc":{"start":{"line":212,"column":77},"end":{"line":214,"column":3}},"line":212},"11":{"name":"(anonymous_11)","decl":{"start":{"line":217,"column":4},"end":{"line":217,"column":5}},"loc":{"start":{"line":217,"column":70},"end":{"line":219,"column":5}},"line":217},"12":{"name":"(anonymous_12)","decl":{"start":{"line":223,"column":35},"end":{"line":223,"column":36}},"loc":{"start":{"line":223,"column":47},"end":{"line":225,"column":3}},"line":223},"13":{"name":"(anonymous_13)","decl":{"start":{"line":233,"column":51},"end":{"line":233,"column":52}},"loc":{"start":{"line":233,"column":63},"end":{"line":262,"column":3}},"line":233},"14":{"name":"(anonymous_14)","decl":{"start":{"line":264,"column":12},"end":{"line":264,"column":13}},"loc":{"start":{"line":264,"column":18},"end":{"line":266,"column":3}},"line":264}},"branchMap":{"0":{"loc":{"start":{"line":44,"column":42},"end":{"line":44,"column":82}},"type":"binary-expr","locations":[{"start":{"line":44,"column":42},"end":{"line":44,"column":55}},{"start":{"line":44,"column":59},"end":{"line":44,"column":82}}],"line":44},"1":{"loc":{"start":{"line":50,"column":23},"end":{"line":50,"column":37}},"type":"binary-expr","locations":[{"start":{"line":50,"column":23},"end":{"line":50,"column":24}},{"start":{"line":50,"column":28},"end":{"line":50,"column":37}}],"line":50},"2":{"loc":{"start":{"line":52,"column":15},"end":{"line":52,"column":77}},"type":"binary-expr","locations":[{"start":{"line":52,"column":15},"end":{"line":52,"column":25}},{"start":{"line":52,"column":29},"end":{"line":52,"column":77}}],"line":52},"3":{"loc":{"start":{"line":63,"column":8},"end":{"line":66,"column":9}},"type":"if","locations":[{"start":{"line":63,"column":8},"end":{"line":66,"column":9}},{"start":{},"end":{}}],"line":63},"4":{"loc":{"start":{"line":71,"column":17},"end":{"line":71,"column":66}},"type":"binary-expr","locations":[{"start":{"line":71,"column":17},"end":{"line":71,"column":27}},{"start":{"line":71,"column":31},"end":{"line":71,"column":66}}],"line":71},"5":{"loc":{"start":{"line":83,"column":56},"end":{"line":83,"column":83}},"type":"binary-expr","locations":[{"start":{"line":83,"column":56},"end":{"line":83,"column":71}},{"start":{"line":83,"column":75},"end":{"line":83,"column":83}}],"line":83},"6":{"loc":{"start":{"line":88,"column":24},"end":{"line":88,"column":33}},"type":"binary-expr","locations":[{"start":{"line":88,"column":24},"end":{"line":88,"column":25}},{"start":{"line":88,"column":29},"end":{"line":88,"column":33}}],"line":88},"7":{"loc":{"start":{"line":89,"column":16},"end":{"line":89,"column":25}},"type":"binary-expr","locations":[{"start":{"line":89,"column":16},"end":{"line":89,"column":17}},{"start":{"line":89,"column":21},"end":{"line":89,"column":25}}],"line":89},"8":{"loc":{"start":{"line":91,"column":17},"end":{"line":91,"column":63}},"type":"binary-expr","locations":[{"start":{"line":91,"column":17},"end":{"line":91,"column":27}},{"start":{"line":91,"column":31},"end":{"line":91,"column":63}}],"line":91},"9":{"loc":{"start":{"line":103,"column":56},"end":{"line":103,"column":83}},"type":"binary-expr","locations":[{"start":{"line":103,"column":56},"end":{"line":103,"column":71}},{"start":{"line":103,"column":75},"end":{"line":103,"column":83}}],"line":103},"10":{"loc":{"start":{"line":108,"column":10},"end":{"line":110,"column":44}},"type":"cond-expr","locations":[{"start":{"line":109,"column":14},"end":{"line":109,"column":51}},{"start":{"line":110,"column":14},"end":{"line":110,"column":44}}],"line":108},"11":{"loc":{"start":{"line":114,"column":17},"end":{"line":114,"column":64}},"type":"binary-expr","locations":[{"start":{"line":114,"column":17},"end":{"line":114,"column":27}},{"start":{"line":114,"column":31},"end":{"line":114,"column":64}}],"line":114},"12":{"loc":{"start":{"line":146,"column":17},"end":{"line":146,"column":62}},"type":"binary-expr","locations":[{"start":{"line":146,"column":17},"end":{"line":146,"column":27}},{"start":{"line":146,"column":31},"end":{"line":146,"column":62}}],"line":146},"13":{"loc":{"start":{"line":177,"column":17},"end":{"line":177,"column":63}},"type":"binary-expr","locations":[{"start":{"line":177,"column":17},"end":{"line":177,"column":27}},{"start":{"line":177,"column":31},"end":{"line":177,"column":63}}],"line":177},"14":{"loc":{"start":{"line":196,"column":17},"end":{"line":196,"column":66}},"type":"binary-expr","locations":[{"start":{"line":196,"column":17},"end":{"line":196,"column":27}},{"start":{"line":196,"column":31},"end":{"line":196,"column":66}}],"line":196},"15":{"loc":{"start":{"line":235,"column":4},"end":{"line":237,"column":5}},"type":"if","locations":[{"start":{"line":235,"column":4},"end":{"line":237,"column":5}},{"start":{},"end":{}}],"line":235},"16":{"loc":{"start":{"line":235,"column":8},"end":{"line":235,"column":87}},"type":"binary-expr","locations":[{"start":{"line":235,"column":8},"end":{"line":235,"column":11}},{"start":{"line":235,"column":15},"end":{"line":235,"column":28}},{"start":{"line":235,"column":32},"end":{"line":235,"column":50}},{"start":{"line":235,"column":54},"end":{"line":235,"column":87}}],"line":235},"17":{"loc":{"start":{"line":239,"column":4},"end":{"line":248,"column":5}},"type":"if","locations":[{"start":{"line":239,"column":4},"end":{"line":248,"column":5}},{"start":{},"end":{}}],"line":239},"18":{"loc":{"start":{"line":239,"column":8},"end":{"line":239,"column":52}},"type":"binary-expr","locations":[{"start":{"line":239,"column":8},"end":{"line":239,"column":35}},{"start":{"line":239,"column":39},"end":{"line":239,"column":52}}],"line":239},"19":{"loc":{"start":{"line":244,"column":27},"end":{"line":244,"column":60}},"type":"binary-expr","locations":[{"start":{"line":244,"column":27},"end":{"line":244,"column":47}},{"start":{"line":244,"column":51},"end":{"line":244,"column":60}}],"line":244},"20":{"loc":{"start":{"line":246,"column":27},"end":{"line":246,"column":52}},"type":"binary-expr","locations":[{"start":{"line":246,"column":27},"end":{"line":246,"column":47}},{"start":{"line":246,"column":51},"end":{"line":246,"column":52}}],"line":246},"21":{"loc":{"start":{"line":250,"column":4},"end":{"line":259,"column":5}},"type":"if","locations":[{"start":{"line":250,"column":4},"end":{"line":259,"column":5}},{"start":{},"end":{}}],"line":250},"22":{"loc":{"start":{"line":250,"column":8},"end":{"line":250,"column":83}},"type":"binary-expr","locations":[{"start":{"line":250,"column":8},"end":{"line":250,"column":35}},{"start":{"line":250,"column":39},"end":{"line":250,"column":63}},{"start":{"line":250,"column":67},"end":{"line":250,"column":83}}],"line":250},"23":{"loc":{"start":{"line":255,"column":27},"end":{"line":255,"column":60}},"type":"binary-expr","locations":[{"start":{"line":255,"column":27},"end":{"line":255,"column":47}},{"start":{"line":255,"column":51},"end":{"line":255,"column":60}}],"line":255},"24":{"loc":{"start":{"line":256,"column":21},"end":{"line":256,"column":76}},"type":"cond-expr","locations":[{"start":{"line":256,"column":58},"end":{"line":256,"column":72}},{"start":{"line":256,"column":75},"end":{"line":256,"column":76}}],"line":256},"25":{"loc":{"start":{"line":257,"column":27},"end":{"line":257,"column":52}},"type":"binary-expr","locations":[{"start":{"line":257,"column":27},"end":{"line":257,"column":47}},{"start":{"line":257,"column":51},"end":{"line":257,"column":52}}],"line":257}},"s":{"0":29,"1":29,"2":29,"3":29,"4":29,"5":29,"6":29,"7":22,"8":29,"9":14,"10":14,"11":14,"12":0,"13":29,"14":2,"15":2,"16":2,"17":2,"18":2,"19":1,"20":1,"21":1,"22":1,"23":1,"24":0,"25":0,"26":2,"27":29,"28":2,"29":2,"30":2,"31":2,"32":2,"33":2,"34":2,"35":0,"36":0,"37":2,"38":29,"39":2,"40":2,"41":2,"42":2,"43":2,"44":2,"45":2,"46":0,"47":0,"48":2,"49":29,"50":1,"51":1,"52":1,"53":1,"54":1,"55":1,"56":0,"57":0,"58":1,"59":29,"60":1,"61":1,"62":1,"63":1,"64":1,"65":0,"66":0,"67":1,"68":29,"69":1,"70":1,"71":1,"72":1,"73":1,"74":1,"75":0,"76":0,"77":1,"78":29,"79":1,"80":1,"81":29,"82":1,"83":29,"84":1,"85":29,"86":1,"87":29,"88":3,"89":3,"90":1,"91":2,"92":1,"93":1,"94":1,"95":1,"96":1,"97":1,"98":1,"99":0,"100":29,"101":13,"102":29},"f":{"0":29,"1":22,"2":14,"3":2,"4":2,"5":2,"6":1,"7":1,"8":1,"9":1,"10":1,"11":1,"12":1,"13":3,"14":13},"b":{"0":[22,9],"1":[14,8],"2":[0,0],"3":[1,1],"4":[0,0],"5":[2,0],"6":[2,0],"7":[2,0],"8":[0,0],"9":[2,0],"10":[1,1],"11":[0,0],"12":[0,0],"13":[0,0],"14":[0,0],"15":[1,2],"16":[3,3,3,3],"17":[1,1],"18":[2,1],"19":[1,0],"20":[1,0],"21":[1,0],"22":[1,1,1],"23":[1,0],"24":[1,0],"25":[1,0]},"_coverageSchema":"1a1c01bbd47fc00a2c39e90264f33305004495a9","hash":"64e1e0a6f0473b8cd096f0ac637a27f7b67c3590"}
,"C:\\Users\\dietr\\Desktop\\PFE\\Kokoroji-app\\src\\hooks\\useAuth.tsx": {"path":"C:\\Users\\dietr\\Desktop\\PFE\\Kokoroji-app\\src\\hooks\\useAuth.tsx","statementMap":{"0":{"start":{"line":17,"column":20},"end":{"line":17,"column":73}},"1":{"start":{"line":24,"column":28},"end":{"line":87,"column":1}},"2":{"start":{"line":25,"column":28},"end":{"line":25,"column":55}},"3":{"start":{"line":26,"column":34},"end":{"line":26,"column":48}},"4":{"start":{"line":27,"column":38},"end":{"line":27,"column":53}},"5":{"start":{"line":32,"column":20},"end":{"line":38,"column":10}},"6":{"start":{"line":33,"column":8},"end":{"line":33,"column":25}},"7":{"start":{"line":34,"column":8},"end":{"line":34,"column":38}},"8":{"start":{"line":35,"column":8},"end":{"line":35,"column":22}},"9":{"start":{"line":36,"column":8},"end":{"line":36,"column":28}},"10":{"start":{"line":37,"column":8},"end":{"line":37,"column":26}},"11":{"start":{"line":45,"column":26},"end":{"line":62,"column":10}},"12":{"start":{"line":46,"column":8},"end":{"line":46,"column":27}},"13":{"start":{"line":47,"column":8},"end":{"line":52,"column":19}},"14":{"start":{"line":53,"column":8},"end":{"line":53,"column":26}},"15":{"start":{"line":54,"column":8},"end":{"line":61,"column":9}},"16":{"start":{"line":55,"column":12},"end":{"line":60,"column":15}},"17":{"start":{"line":65,"column":4},"end":{"line":80,"column":20}},"18":{"start":{"line":66,"column":8},"end":{"line":66,"column":30}},"19":{"start":{"line":66,"column":23},"end":{"line":66,"column":30}},"20":{"start":{"line":68,"column":27},"end":{"line":72,"column":9}},"21":{"start":{"line":69,"column":29},"end":{"line":69,"column":61}},"22":{"start":{"line":70,"column":12},"end":{"line":70,"column":49}},"23":{"start":{"line":71,"column":12},"end":{"line":71,"column":30}},"24":{"start":{"line":73,"column":8},"end":{"line":73,"column":21}},"25":{"start":{"line":76,"column":35},"end":{"line":78,"column":10}},"26":{"start":{"line":77,"column":12},"end":{"line":77,"column":43}},"27":{"start":{"line":79,"column":8},"end":{"line":79,"column":64}},"28":{"start":{"line":79,"column":23},"end":{"line":79,"column":61}},"29":{"start":{"line":82,"column":4},"end":{"line":86,"column":6}},"30":{"start":{"line":95,"column":20},"end":{"line":95,"column":43}},"31":{"start":{"line":96,"column":4},"end":{"line":96,"column":84}},"32":{"start":{"line":96,"column":18},"end":{"line":96,"column":84}},"33":{"start":{"line":97,"column":4},"end":{"line":97,"column":19}}},"fnMap":{"0":{"name":"(anonymous_0)","decl":{"start":{"line":24,"column":28},"end":{"line":24,"column":29}},"loc":{"start":{"line":24,"column":77},"end":{"line":87,"column":1}},"line":24},"1":{"name":"(anonymous_1)","decl":{"start":{"line":32,"column":32},"end":{"line":32,"column":33}},"loc":{"start":{"line":32,"column":44},"end":{"line":38,"column":5}},"line":32},"2":{"name":"(anonymous_2)","decl":{"start":{"line":45,"column":38},"end":{"line":45,"column":39}},"loc":{"start":{"line":45,"column":44},"end":{"line":62,"column":5}},"line":45},"3":{"name":"(anonymous_3)","decl":{"start":{"line":65,"column":14},"end":{"line":65,"column":15}},"loc":{"start":{"line":65,"column":20},"end":{"line":80,"column":5}},"line":65},"4":{"name":"(anonymous_4)","decl":{"start":{"line":68,"column":27},"end":{"line":68,"column":28}},"loc":{"start":{"line":68,"column":39},"end":{"line":72,"column":9}},"line":68},"5":{"name":"(anonymous_5)","decl":{"start":{"line":76,"column":67},"end":{"line":76,"column":68}},"loc":{"start":{"line":76,"column":88},"end":{"line":78,"column":9}},"line":76},"6":{"name":"(anonymous_6)","decl":{"start":{"line":79,"column":15},"end":{"line":79,"column":16}},"loc":{"start":{"line":79,"column":21},"end":{"line":79,"column":63}},"line":79},"7":{"name":"useAuth","decl":{"start":{"line":94,"column":16},"end":{"line":94,"column":23}},"loc":{"start":{"line":94,"column":26},"end":{"line":98,"column":1}},"line":94}},"branchMap":{"0":{"loc":{"start":{"line":54,"column":8},"end":{"line":61,"column":9}},"type":"if","locations":[{"start":{"line":54,"column":8},"end":{"line":61,"column":9}},{"start":{},"end":{}}],"line":54},"1":{"loc":{"start":{"line":66,"column":8},"end":{"line":66,"column":30}},"type":"if","locations":[{"start":{"line":66,"column":8},"end":{"line":66,"column":30}},{"start":{},"end":{}}],"line":66},"2":{"loc":{"start":{"line":70,"column":20},"end":{"line":70,"column":47}},"type":"binary-expr","locations":[{"start":{"line":70,"column":20},"end":{"line":70,"column":39}},{"start":{"line":70,"column":43},"end":{"line":70,"column":47}}],"line":70},"3":{"loc":{"start":{"line":77,"column":20},"end":{"line":77,"column":41}},"type":"binary-expr","locations":[{"start":{"line":77,"column":20},"end":{"line":77,"column":33}},{"start":{"line":77,"column":37},"end":{"line":77,"column":41}}],"line":77},"4":{"loc":{"start":{"line":96,"column":4},"end":{"line":96,"column":84}},"type":"if","locations":[{"start":{"line":96,"column":4},"end":{"line":96,"column":84}},{"start":{},"end":{}}],"line":96}},"s":{"0":1,"1":1,"2":0,"3":0,"4":0,"5":0,"6":0,"7":0,"8":0,"9":0,"10":0,"11":0,"12":0,"13":0,"14":0,"15":0,"16":0,"17":0,"18":0,"19":0,"20":0,"21":0,"22":0,"23":0,"24":0,"25":0,"26":0,"27":0,"28":0,"29":0,"30":0,"31":0,"32":0,"33":0},"f":{"0":0,"1":0,"2":0,"3":0,"4":0,"5":0,"6":0,"7":0},"b":{"0":[0,0],"1":[0,0],"2":[0,0],"3":[0,0],"4":[0,0]},"_coverageSchema":"1a1c01bbd47fc00a2c39e90264f33305004495a9","hash":"fa32adc93f3578cb2252bbada991ed7bba49f3b2"}
,"C:\\Users\\dietr\\Desktop\\PFE\\Kokoroji-app\\src\\hooks\\useDebouncedValue.ts": {"path":"C:\\Users\\dietr\\Desktop\\PFE\\Kokoroji-app\\src\\hooks\\useDebouncedValue.ts","statementMap":{"0":{"start":{"line":14,"column":36},"end":{"line":14,"column":51}},"1":{"start":{"line":15,"column":14},"end":{"line":15,"column":64}},"2":{"start":{"line":17,"column":2},"end":{"line":24,"column":21}},"3":{"start":{"line":18,"column":4},"end":{"line":18,"column":47}},"4":{"start":{"line":18,"column":21},"end":{"line":18,"column":47}},"5":{"start":{"line":19,"column":4},"end":{"line":19,"column":63}},"6":{"start":{"line":19,"column":35},"end":{"line":19,"column":54}},"7":{"start":{"line":21,"column":4},"end":{"line":23,"column":6}},"8":{"start":{"line":22,"column":6},"end":{"line":22,"column":49}},"9":{"start":{"line":22,"column":23},"end":{"line":22,"column":49}},"10":{"start":{"line":26,"column":2},"end":{"line":26,"column":19}}},"fnMap":{"0":{"name":"useDebouncedValue","decl":{"start":{"line":13,"column":16},"end":{"line":13,"column":33}},"loc":{"start":{"line":13,"column":63},"end":{"line":27,"column":1}},"line":13},"1":{"name":"(anonymous_1)","decl":{"start":{"line":17,"column":12},"end":{"line":17,"column":13}},"loc":{"start":{"line":17,"column":18},"end":{"line":24,"column":3}},"line":17},"2":{"name":"(anonymous_2)","decl":{"start":{"line":19,"column":29},"end":{"line":19,"column":30}},"loc":{"start":{"line":19,"column":35},"end":{"line":19,"column":54}},"line":19},"3":{"name":"(anonymous_3)","decl":{"start":{"line":21,"column":11},"end":{"line":21,"column":12}},"loc":{"start":{"line":21,"column":17},"end":{"line":23,"column":5}},"line":21}},"branchMap":{"0":{"loc":{"start":{"line":13,"column":47},"end":{"line":13,"column":58}},"type":"default-arg","locations":[{"start":{"line":13,"column":55},"end":{"line":13,"column":58}}],"line":13},"1":{"loc":{"start":{"line":18,"column":4},"end":{"line":18,"column":47}},"type":"if","locations":[{"start":{"line":18,"column":4},"end":{"line":18,"column":47}},{"start":{},"end":{}}],"line":18},"2":{"loc":{"start":{"line":22,"column":6},"end":{"line":22,"column":49}},"type":"if","locations":[{"start":{"line":22,"column":6},"end":{"line":22,"column":49}},{"start":{},"end":{}}],"line":22}},"s":{"0":6,"1":6,"2":6,"3":5,"4":2,"5":5,"6":1,"7":5,"8":5,"9":5,"10":6},"f":{"0":6,"1":5,"2":1,"3":5},"b":{"0":[0],"1":[2,3],"2":[5,0]},"_coverageSchema":"1a1c01bbd47fc00a2c39e90264f33305004495a9","hash":"53879acee606344e2761e852cecdaa7e9093a067"}
,"C:\\Users\\dietr\\Desktop\\PFE\\Kokoroji-app\\src\\hooks\\usePhotoAttachment.ts": {"path":"C:\\Users\\dietr\\Desktop\\PFE\\Kokoroji-app\\src\\hooks\\usePhotoAttachment.ts","statementMap":{"0":{"start":{"line":40,"column":32},"end":{"line":40,"column":47}},"1":{"start":{"line":41,"column":28},"end":{"line":41,"column":57}},"2":{"start":{"line":43,"column":27},"end":{"line":48,"column":6}},"3":{"start":{"line":44,"column":4},"end":{"line":48,"column":6}},"4":{"start":{"line":51,"column":33},"end":{"line":74,"column":3}},"5":{"start":{"line":56,"column":22},"end":{"line":56,"column":45}},"6":{"start":{"line":57,"column":4},"end":{"line":62,"column":5}},"7":{"start":{"line":58,"column":6},"end":{"line":61,"column":9}},"8":{"start":{"line":63,"column":19},"end":{"line":66,"column":6}},"9":{"start":{"line":67,"column":4},"end":{"line":73,"column":6}},"10":{"start":{"line":77,"column":27},"end":{"line":118,"column":3}},"11":{"start":{"line":79,"column":6},"end":{"line":79,"column":23}},"12":{"start":{"line":80,"column":6},"end":{"line":80,"column":21}},"13":{"start":{"line":81,"column":6},"end":{"line":115,"column":7}},"14":{"start":{"line":82,"column":22},"end":{"line":82,"column":39}},"15":{"start":{"line":83,"column":8},"end":{"line":83,"column":32}},"16":{"start":{"line":83,"column":20},"end":{"line":83,"column":32}},"17":{"start":{"line":85,"column":26},"end":{"line":85,"column":45}},"18":{"start":{"line":86,"column":22},"end":{"line":86,"column":71}},"19":{"start":{"line":88,"column":19},"end":{"line":107,"column":10}},"20":{"start":{"line":109,"column":8},"end":{"line":109,"column":18}},"21":{"start":{"line":111,"column":8},"end":{"line":111,"column":65}},"22":{"start":{"line":112,"column":8},"end":{"line":112,"column":20}},"23":{"start":{"line":114,"column":8},"end":{"line":114,"column":26}},"24":{"start":{"line":121,"column":24},"end":{"line":162,"column":3}},"25":{"start":{"line":123,"column":6},"end":{"line":123,"column":23}},"26":{"start":{"line":124,"column":6},"end":{"line":124,"column":21}},"27":{"start":{"line":125,"column":6},"end":{"line":159,"column":7}},"28":{"start":{"line":126,"column":22},"end":{"line":126,"column":45}},"29":{"start":{"line":127,"column":8},"end":{"line":127,"column":32}},"30":{"start":{"line":127,"column":20},"end":{"line":127,"column":32}},"31":{"start":{"line":129,"column":26},"end":{"line":129,"column":45}},"32":{"start":{"line":130,"column":22},"end":{"line":130,"column":71}},"33":{"start":{"line":132,"column":19},"end":{"line":151,"column":10}},"34":{"start":{"line":153,"column":8},"end":{"line":153,"column":18}},"35":{"start":{"line":155,"column":8},"end":{"line":155,"column":83}},"36":{"start":{"line":156,"column":8},"end":{"line":156,"column":20}},"37":{"start":{"line":158,"column":8},"end":{"line":158,"column":26}},"38":{"start":{"line":164,"column":2},"end":{"line":164,"column":61}}},"fnMap":{"0":{"name":"usePhotoAttachment","decl":{"start":{"line":39,"column":16},"end":{"line":39,"column":34}},"loc":{"start":{"line":39,"column":37},"end":{"line":165,"column":1}},"line":39},"1":{"name":"(anonymous_1)","decl":{"start":{"line":43,"column":27},"end":{"line":43,"column":28}},"loc":{"start":{"line":44,"column":4},"end":{"line":48,"column":6}},"line":44},"2":{"name":"(anonymous_2)","decl":{"start":{"line":51,"column":33},"end":{"line":51,"column":34}},"loc":{"start":{"line":55,"column":32},"end":{"line":74,"column":3}},"line":55},"3":{"name":"(anonymous_3)","decl":{"start":{"line":78,"column":4},"end":{"line":78,"column":5}},"loc":{"start":{"line":78,"column":31},"end":{"line":116,"column":5}},"line":78},"4":{"name":"(anonymous_4)","decl":{"start":{"line":122,"column":4},"end":{"line":122,"column":5}},"loc":{"start":{"line":122,"column":31},"end":{"line":160,"column":5}},"line":122}},"branchMap":{"0":{"loc":{"start":{"line":46,"column":12},"end":{"line":46,"column":37}},"type":"binary-expr","locations":[{"start":{"line":46,"column":12},"end":{"line":46,"column":25}},{"start":{"line":46,"column":29},"end":{"line":46,"column":37}}],"line":46},"1":{"loc":{"start":{"line":57,"column":4},"end":{"line":62,"column":5}},"type":"if","locations":[{"start":{"line":57,"column":4},"end":{"line":62,"column":5}},{"start":{},"end":{}}],"line":57},"2":{"loc":{"start":{"line":60,"column":18},"end":{"line":60,"column":51}},"type":"binary-expr","locations":[{"start":{"line":60,"column":18},"end":{"line":60,"column":29}},{"start":{"line":60,"column":33},"end":{"line":60,"column":43}},{"start":{"line":60,"column":47},"end":{"line":60,"column":51}}],"line":60},"3":{"loc":{"start":{"line":65,"column":16},"end":{"line":65,"column":49}},"type":"binary-expr","locations":[{"start":{"line":65,"column":16},"end":{"line":65,"column":27}},{"start":{"line":65,"column":31},"end":{"line":65,"column":41}},{"start":{"line":65,"column":45},"end":{"line":65,"column":49}}],"line":65},"4":{"loc":{"start":{"line":72,"column":12},"end":{"line":72,"column":30}},"type":"binary-expr","locations":[{"start":{"line":72,"column":12},"end":{"line":72,"column":22}},{"start":{"line":72,"column":26},"end":{"line":72,"column":30}}],"line":72},"5":{"loc":{"start":{"line":83,"column":8},"end":{"line":83,"column":32}},"type":"if","locations":[{"start":{"line":83,"column":8},"end":{"line":83,"column":32}},{"start":{},"end":{}}],"line":83},"6":{"loc":{"start":{"line":91,"column":20},"end":{"line":91,"column":36}},"type":"binary-expr","locations":[{"start":{"line":91,"column":20},"end":{"line":91,"column":30}},{"start":{"line":91,"column":34},"end":{"line":91,"column":36}}],"line":91},"7":{"loc":{"start":{"line":97,"column":18},"end":{"line":97,"column":41}},"type":"binary-expr","locations":[{"start":{"line":97,"column":18},"end":{"line":97,"column":28}},{"start":{"line":97,"column":32},"end":{"line":97,"column":41}}],"line":97},"8":{"loc":{"start":{"line":100,"column":22},"end":{"line":100,"column":49}},"type":"binary-expr","locations":[{"start":{"line":100,"column":22},"end":{"line":100,"column":36}},{"start":{"line":100,"column":40},"end":{"line":100,"column":49}}],"line":100},"9":{"loc":{"start":{"line":101,"column":22},"end":{"line":101,"column":49}},"type":"binary-expr","locations":[{"start":{"line":101,"column":22},"end":{"line":101,"column":36}},{"start":{"line":101,"column":40},"end":{"line":101,"column":49}}],"line":101},"10":{"loc":{"start":{"line":102,"column":20},"end":{"line":102,"column":41}},"type":"binary-expr","locations":[{"start":{"line":102,"column":20},"end":{"line":102,"column":28}},{"start":{"line":102,"column":32},"end":{"line":102,"column":41}}],"line":102},"11":{"loc":{"start":{"line":103,"column":23},"end":{"line":103,"column":61}},"type":"binary-expr","locations":[{"start":{"line":103,"column":23},"end":{"line":103,"column":34}},{"start":{"line":103,"column":38},"end":{"line":103,"column":48}},{"start":{"line":103,"column":52},"end":{"line":103,"column":61}}],"line":103},"12":{"loc":{"start":{"line":104,"column":25},"end":{"line":104,"column":50}},"type":"binary-expr","locations":[{"start":{"line":104,"column":25},"end":{"line":104,"column":38}},{"start":{"line":104,"column":42},"end":{"line":104,"column":50}}],"line":104},"13":{"loc":{"start":{"line":105,"column":26},"end":{"line":105,"column":53}},"type":"binary-expr","locations":[{"start":{"line":105,"column":26},"end":{"line":105,"column":40}},{"start":{"line":105,"column":44},"end":{"line":105,"column":53}}],"line":105},"14":{"loc":{"start":{"line":111,"column":17},"end":{"line":111,"column":63}},"type":"binary-expr","locations":[{"start":{"line":111,"column":17},"end":{"line":111,"column":27}},{"start":{"line":111,"column":31},"end":{"line":111,"column":63}}],"line":111},"15":{"loc":{"start":{"line":127,"column":8},"end":{"line":127,"column":32}},"type":"if","locations":[{"start":{"line":127,"column":8},"end":{"line":127,"column":32}},{"start":{},"end":{}}],"line":127},"16":{"loc":{"start":{"line":135,"column":20},"end":{"line":135,"column":36}},"type":"binary-expr","locations":[{"start":{"line":135,"column":20},"end":{"line":135,"column":30}},{"start":{"line":135,"column":34},"end":{"line":135,"column":36}}],"line":135},"17":{"loc":{"start":{"line":141,"column":18},"end":{"line":141,"column":41}},"type":"binary-expr","locations":[{"start":{"line":141,"column":18},"end":{"line":141,"column":28}},{"start":{"line":141,"column":32},"end":{"line":141,"column":41}}],"line":141},"18":{"loc":{"start":{"line":144,"column":22},"end":{"line":144,"column":49}},"type":"binary-expr","locations":[{"start":{"line":144,"column":22},"end":{"line":144,"column":36}},{"start":{"line":144,"column":40},"end":{"line":144,"column":49}}],"line":144},"19":{"loc":{"start":{"line":145,"column":22},"end":{"line":145,"column":49}},"type":"binary-expr","locations":[{"start":{"line":145,"column":22},"end":{"line":145,"column":36}},{"start":{"line":145,"column":40},"end":{"line":145,"column":49}}],"line":145},"20":{"loc":{"start":{"line":146,"column":20},"end":{"line":146,"column":41}},"type":"binary-expr","locations":[{"start":{"line":146,"column":20},"end":{"line":146,"column":28}},{"start":{"line":146,"column":32},"end":{"line":146,"column":41}}],"line":146},"21":{"loc":{"start":{"line":147,"column":23},"end":{"line":147,"column":61}},"type":"binary-expr","locations":[{"start":{"line":147,"column":23},"end":{"line":147,"column":34}},{"start":{"line":147,"column":38},"end":{"line":147,"column":48}},{"start":{"line":147,"column":52},"end":{"line":147,"column":61}}],"line":147},"22":{"loc":{"start":{"line":148,"column":25},"end":{"line":148,"column":50}},"type":"binary-expr","locations":[{"start":{"line":148,"column":25},"end":{"line":148,"column":38}},{"start":{"line":148,"column":42},"end":{"line":148,"column":50}}],"line":148},"23":{"loc":{"start":{"line":149,"column":26},"end":{"line":149,"column":53}},"type":"binary-expr","locations":[{"start":{"line":149,"column":26},"end":{"line":149,"column":40}},{"start":{"line":149,"column":44},"end":{"line":149,"column":53}}],"line":149},"24":{"loc":{"start":{"line":155,"column":17},"end":{"line":155,"column":81}},"type":"binary-expr","locations":[{"start":{"line":155,"column":17},"end":{"line":155,"column":27}},{"start":{"line":155,"column":31},"end":{"line":155,"column":81}}],"line":155}},"s":{"0":13,"1":13,"2":13,"3":4,"4":13,"5":4,"6":4,"7":3,"8":1,"9":1,"10":13,"11":3,"12":3,"13":3,"14":3,"15":3,"16":1,"17":2,"18":2,"19":2,"20":2,"21":0,"22":0,"23":3,"24":13,"25":2,"26":2,"27":2,"28":2,"29":2,"30":0,"31":2,"32":2,"33":1,"34":1,"35":1,"36":1,"37":2,"38":13},"f":{"0":13,"1":4,"2":4,"3":3,"4":2},"b":{"0":[4,2],"1":[3,1],"2":[3,1,1],"3":[1,0,0],"4":[1,1],"5":[1,2],"6":[2,1],"7":[2,1],"8":[2,2],"9":[2,2],"10":[2,1],"11":[2,1,1],"12":[2,1],"13":[2,1],"14":[0,0],"15":[0,2],"16":[1,0],"17":[1,1],"18":[1,1],"19":[1,1],"20":[1,1],"21":[1,0,0],"22":[1,0],"23":[1,1],"24":[1,0]},"_coverageSchema":"1a1c01bbd47fc00a2c39e90264f33305004495a9","hash":"d0c4e4eb5976e7338500fb229329031c76703a6f"}
,"C:\\Users\\dietr\\Desktop\\PFE\\Kokoroji-app\\src\\screens\\features\\HomeScreen.tsx": {"path":"C:\\Users\\dietr\\Desktop\\PFE\\Kokoroji-app\\src\\screens\\features\\HomeScreen.tsx","statementMap":{"0":{"start":{"line":31,"column":4},"end":{"line":31,"column":36}},"1":{"start":{"line":31,"column":15},"end":{"line":31,"column":36}},"2":{"start":{"line":32,"column":4},"end":{"line":32,"column":67}},"3":{"start":{"line":47,"column":23},"end":{"line":47,"column":85}},"4":{"start":{"line":48,"column":40},"end":{"line":48,"column":63}},"5":{"start":{"line":49,"column":48},"end":{"line":49,"column":63}},"6":{"start":{"line":51,"column":42},"end":{"line":51,"column":69}},"7":{"start":{"line":52,"column":28},"end":{"line":52,"column":55}},"8":{"start":{"line":53,"column":36},"end":{"line":53,"column":65}},"9":{"start":{"line":54,"column":40},"end":{"line":54,"column":59}},"10":{"start":{"line":57,"column":4},"end":{"line":65,"column":11}},"11":{"start":{"line":58,"column":8},"end":{"line":64,"column":13}},"12":{"start":{"line":59,"column":12},"end":{"line":59,"column":48}},"13":{"start":{"line":60,"column":24},"end":{"line":60,"column":41}},"14":{"start":{"line":61,"column":12},"end":{"line":63,"column":13}},"15":{"start":{"line":62,"column":16},"end":{"line":62,"column":44}},"16":{"start":{"line":68,"column":4},"end":{"line":79,"column":19}},"17":{"start":{"line":69,"column":8},"end":{"line":69,"column":30}},"18":{"start":{"line":69,"column":23},"end":{"line":69,"column":30}},"19":{"start":{"line":70,"column":8},"end":{"line":78,"column":13}},"20":{"start":{"line":71,"column":12},"end":{"line":77,"column":13}},"21":{"start":{"line":72,"column":33},"end":{"line":72,"column":60}},"22":{"start":{"line":73,"column":28},"end":{"line":73,"column":113}},"23":{"start":{"line":73,"column":77},"end":{"line":73,"column":109}},"24":{"start":{"line":74,"column":16},"end":{"line":74,"column":35}},"25":{"start":{"line":76,"column":16},"end":{"line":76,"column":77}},"26":{"start":{"line":82,"column":4},"end":{"line":127,"column":6}},"27":{"start":{"line":84,"column":12},"end":{"line":125,"column":17}},"28":{"start":{"line":85,"column":36},"end":{"line":85,"column":58}},"29":{"start":{"line":86,"column":16},"end":{"line":89,"column":17}},"30":{"start":{"line":87,"column":20},"end":{"line":87,"column":81}},"31":{"start":{"line":88,"column":20},"end":{"line":88,"column":27}},"32":{"start":{"line":91,"column":28},"end":{"line":91,"column":38}},"33":{"start":{"line":92,"column":16},"end":{"line":101,"column":17}},"34":{"start":{"line":96,"column":38},"end":{"line":98,"column":21}},"35":{"start":{"line":99,"column":20},"end":{"line":99,"column":99}},"36":{"start":{"line":100,"column":20},"end":{"line":100,"column":27}},"37":{"start":{"line":103,"column":16},"end":{"line":124,"column":17}},"38":{"start":{"line":104,"column":36},"end":{"line":104,"column":58}},"39":{"start":{"line":105,"column":20},"end":{"line":105,"column":75}},"40":{"start":{"line":107,"column":20},"end":{"line":119,"column":21}},"41":{"start":{"line":108,"column":24},"end":{"line":108,"column":86}},"42":{"start":{"line":109,"column":24},"end":{"line":109,"column":48}},"43":{"start":{"line":110,"column":24},"end":{"line":110,"column":48}},"44":{"start":{"line":111,"column":24},"end":{"line":111,"column":61}},"45":{"start":{"line":112,"column":24},"end":{"line":112,"column":83}},"46":{"start":{"line":114,"column":40},"end":{"line":114,"column":50}},"47":{"start":{"line":115,"column":24},"end":{"line":115,"column":50}},"48":{"start":{"line":116,"column":24},"end":{"line":116,"column":51}},"49":{"start":{"line":118,"column":24},"end":{"line":118,"column":96}},"50":{"start":{"line":121,"column":20},"end":{"line":121,"column":64}},"51":{"start":{"line":123,"column":20},"end":{"line":123,"column":45}},"52":{"start":{"line":129,"column":26},"end":{"line":129,"column":48}},"53":{"start":{"line":131,"column":4},"end":{"line":205,"column":6}},"54":{"start":{"line":157,"column":51},"end":{"line":157,"column":88}},"55":{"start":{"line":165,"column":51},"end":{"line":165,"column":86}},"56":{"start":{"line":175,"column":51},"end":{"line":175,"column":86}},"57":{"start":{"line":183,"column":51},"end":{"line":183,"column":86}},"58":{"start":{"line":208,"column":15},"end":{"line":307,"column":2}}},"fnMap":{"0":{"name":"formatName","decl":{"start":{"line":30,"column":9},"end":{"line":30,"column":19}},"loc":{"start":{"line":30,"column":52},"end":{"line":33,"column":1}},"line":30},"1":{"name":"HomeScreen","decl":{"start":{"line":46,"column":24},"end":{"line":46,"column":34}},"loc":{"start":{"line":46,"column":37},"end":{"line":206,"column":1}},"line":46},"2":{"name":"(anonymous_2)","decl":{"start":{"line":57,"column":20},"end":{"line":57,"column":21}},"loc":{"start":{"line":57,"column":26},"end":{"line":65,"column":5}},"line":57},"3":{"name":"(anonymous_3)","decl":{"start":{"line":58,"column":9},"end":{"line":58,"column":10}},"loc":{"start":{"line":58,"column":21},"end":{"line":64,"column":9}},"line":58},"4":{"name":"(anonymous_4)","decl":{"start":{"line":68,"column":20},"end":{"line":68,"column":21}},"loc":{"start":{"line":68,"column":26},"end":{"line":79,"column":5}},"line":68},"5":{"name":"(anonymous_5)","decl":{"start":{"line":70,"column":9},"end":{"line":70,"column":10}},"loc":{"start":{"line":70,"column":21},"end":{"line":78,"column":9}},"line":70},"6":{"name":"(anonymous_6)","decl":{"start":{"line":73,"column":52},"end":{"line":73,"column":53}},"loc":{"start":{"line":73,"column":77},"end":{"line":73,"column":109}},"line":73},"7":{"name":"(anonymous_7)","decl":{"start":{"line":83,"column":26},"end":{"line":83,"column":27}},"loc":{"start":{"line":83,"column":32},"end":{"line":126,"column":9}},"line":83},"8":{"name":"(anonymous_8)","decl":{"start":{"line":84,"column":13},"end":{"line":84,"column":14}},"loc":{"start":{"line":84,"column":25},"end":{"line":125,"column":13}},"line":84},"9":{"name":"(anonymous_9)","decl":{"start":{"line":157,"column":45},"end":{"line":157,"column":46}},"loc":{"start":{"line":157,"column":51},"end":{"line":157,"column":88}},"line":157},"10":{"name":"(anonymous_10)","decl":{"start":{"line":165,"column":45},"end":{"line":165,"column":46}},"loc":{"start":{"line":165,"column":51},"end":{"line":165,"column":86}},"line":165},"11":{"name":"(anonymous_11)","decl":{"start":{"line":175,"column":45},"end":{"line":175,"column":46}},"loc":{"start":{"line":175,"column":51},"end":{"line":175,"column":86}},"line":175},"12":{"name":"(anonymous_12)","decl":{"start":{"line":183,"column":45},"end":{"line":183,"column":46}},"loc":{"start":{"line":183,"column":51},"end":{"line":183,"column":86}},"line":183}},"branchMap":{"0":{"loc":{"start":{"line":30,"column":34},"end":{"line":30,"column":42}},"type":"default-arg","locations":[{"start":{"line":30,"column":40},"end":{"line":30,"column":42}}],"line":30},"1":{"loc":{"start":{"line":31,"column":4},"end":{"line":31,"column":36}},"type":"if","locations":[{"start":{"line":31,"column":4},"end":{"line":31,"column":36}},{"start":{},"end":{}}],"line":31},"2":{"loc":{"start":{"line":32,"column":11},"end":{"line":32,"column":66}},"type":"cond-expr","locations":[{"start":{"line":32,"column":31},"end":{"line":32,"column":59}},{"start":{"line":32,"column":62},"end":{"line":32,"column":66}}],"line":32},"3":{"loc":{"start":{"line":61,"column":12},"end":{"line":63,"column":13}},"type":"if","locations":[{"start":{"line":61,"column":12},"end":{"line":63,"column":13}},{"start":{},"end":{}}],"line":61},"4":{"loc":{"start":{"line":69,"column":8},"end":{"line":69,"column":30}},"type":"if","locations":[{"start":{"line":69,"column":8},"end":{"line":69,"column":30}},{"start":{},"end":{}}],"line":69},"5":{"loc":{"start":{"line":73,"column":29},"end":{"line":73,"column":43}},"type":"binary-expr","locations":[{"start":{"line":73,"column":29},"end":{"line":73,"column":37}},{"start":{"line":73,"column":41},"end":{"line":73,"column":43}}],"line":73},"6":{"loc":{"start":{"line":73,"column":84},"end":{"line":73,"column":108}},"type":"binary-expr","locations":[{"start":{"line":73,"column":84},"end":{"line":73,"column":103}},{"start":{"line":73,"column":107},"end":{"line":73,"column":108}}],"line":73},"7":{"loc":{"start":{"line":86,"column":16},"end":{"line":89,"column":17}},"type":"if","locations":[{"start":{"line":86,"column":16},"end":{"line":89,"column":17}},{"start":{},"end":{}}],"line":86},"8":{"loc":{"start":{"line":92,"column":16},"end":{"line":101,"column":17}},"type":"if","locations":[{"start":{"line":92,"column":16},"end":{"line":101,"column":17}},{"start":{},"end":{}}],"line":92},"9":{"loc":{"start":{"line":93,"column":20},"end":{"line":94,"column":66}},"type":"binary-expr","locations":[{"start":{"line":93,"column":20},"end":{"line":93,"column":43}},{"start":{"line":94,"column":20},"end":{"line":94,"column":66}}],"line":93},"10":{"loc":{"start":{"line":107,"column":20},"end":{"line":119,"column":21}},"type":"if","locations":[{"start":{"line":107,"column":20},"end":{"line":119,"column":21}},{"start":{"line":117,"column":27},"end":{"line":119,"column":21}}],"line":107},"11":{"loc":{"start":{"line":192,"column":21},"end":{"line":197,"column":21}},"type":"binary-expr","locations":[{"start":{"line":192,"column":21},"end":{"line":192,"column":35}},{"start":{"line":193,"column":24},"end":{"line":196,"column":31}}],"line":192}},"s":{"0":22,"1":0,"2":22,"3":22,"4":22,"5":22,"6":22,"7":22,"8":22,"9":22,"10":22,"11":9,"12":9,"13":9,"14":9,"15":9,"16":22,"17":18,"18":9,"19":9,"20":9,"21":9,"22":9,"23":2,"24":9,"25":0,"26":22,"27":22,"28":22,"29":22,"30":0,"31":0,"32":22,"33":22,"34":11,"35":11,"36":11,"37":11,"38":11,"39":11,"40":11,"41":11,"42":11,"43":11,"44":9,"45":9,"46":9,"47":9,"48":9,"49":0,"50":0,"51":9,"52":22,"53":22,"54":1,"55":1,"56":1,"57":1,"58":1},"f":{"0":22,"1":22,"2":9,"3":9,"4":18,"5":9,"6":2,"7":22,"8":22,"9":1,"10":1,"11":1,"12":1},"b":{"0":[22],"1":[0,22],"2":[0,22],"3":[9,0],"4":[9,9],"5":[9,0],"6":[2,0],"7":[0,22],"8":[11,11],"9":[22,11],"10":[11,0],"11":[22,3]},"_coverageSchema":"1a1c01bbd47fc00a2c39e90264f33305004495a9","hash":"20ba42cdfeeb5632974c30643cdad22ea10b390a"}
,"C:\\Users\\dietr\\Desktop\\PFE\\Kokoroji-app\\src\\screens\\features\\Challenge\\ChallengeScreen.tsx": {"path":"C:\\Users\\dietr\\Desktop\\PFE\\Kokoroji-app\\src\\screens\\features\\Challenge\\ChallengeScreen.tsx","statementMap":{"0":{"start":{"line":59,"column":18},"end":{"line":59,"column":20}},"1":{"start":{"line":60,"column":30},"end":{"line":60,"column":32}},"2":{"start":{"line":72,"column":23},"end":{"line":72,"column":38}},"3":{"start":{"line":73,"column":19},"end":{"line":73,"column":38}},"4":{"start":{"line":75,"column":36},"end":{"line":75,"column":54}},"5":{"start":{"line":76,"column":46},"end":{"line":76,"column":66}},"6":{"start":{"line":77,"column":34},"end":{"line":77,"column":61}},"7":{"start":{"line":78,"column":34},"end":{"line":78,"column":48}},"8":{"start":{"line":79,"column":40},"end":{"line":79,"column":70}},"9":{"start":{"line":81,"column":44},"end":{"line":81,"column":59}},"10":{"start":{"line":82,"column":42},"end":{"line":82,"column":58}},"11":{"start":{"line":83,"column":48},"end":{"line":83,"column":63}},"12":{"start":{"line":85,"column":32},"end":{"line":85,"column":44}},"13":{"start":{"line":86,"column":28},"end":{"line":86,"column":58}},"14":{"start":{"line":88,"column":46},"end":{"line":88,"column":61}},"15":{"start":{"line":89,"column":44},"end":{"line":89,"column":84}},"16":{"start":{"line":90,"column":48},"end":{"line":90,"column":63}},"17":{"start":{"line":91,"column":48},"end":{"line":91,"column":63}},"18":{"start":{"line":93,"column":52},"end":{"line":93,"column":67}},"19":{"start":{"line":94,"column":42},"end":{"line":94,"column":74}},"20":{"start":{"line":95,"column":66},"end":{"line":95,"column":81}},"21":{"start":{"line":97,"column":36},"end":{"line":97,"column":51}},"22":{"start":{"line":99,"column":30},"end":{"line":105,"column":6}},"23":{"start":{"line":108,"column":20},"end":{"line":115,"column":18}},"24":{"start":{"line":109,"column":8},"end":{"line":109,"column":30}},"25":{"start":{"line":109,"column":23},"end":{"line":109,"column":30}},"26":{"start":{"line":110,"column":8},"end":{"line":110,"column":25}},"27":{"start":{"line":111,"column":29},"end":{"line":111,"column":102}},"28":{"start":{"line":112,"column":8},"end":{"line":112,"column":30}},"29":{"start":{"line":113,"column":8},"end":{"line":113,"column":26}},"30":{"start":{"line":114,"column":8},"end":{"line":114,"column":26}},"31":{"start":{"line":118,"column":4},"end":{"line":128,"column":11}},"32":{"start":{"line":119,"column":8},"end":{"line":127,"column":13}},"33":{"start":{"line":120,"column":12},"end":{"line":120,"column":29}},"34":{"start":{"line":121,"column":24},"end":{"line":121,"column":41}},"35":{"start":{"line":122,"column":12},"end":{"line":125,"column":13}},"36":{"start":{"line":123,"column":16},"end":{"line":123,"column":44}},"37":{"start":{"line":124,"column":16},"end":{"line":124,"column":60}},"38":{"start":{"line":126,"column":12},"end":{"line":126,"column":30}},"39":{"start":{"line":131,"column":4},"end":{"line":133,"column":40}},"40":{"start":{"line":132,"column":8},"end":{"line":132,"column":46}},"41":{"start":{"line":132,"column":36},"end":{"line":132,"column":46}},"42":{"start":{"line":136,"column":4},"end":{"line":138,"column":37}},"43":{"start":{"line":137,"column":8},"end":{"line":137,"column":61}},"44":{"start":{"line":137,"column":42},"end":{"line":137,"column":61}},"45":{"start":{"line":141,"column":4},"end":{"line":174,"column":40}},"46":{"start":{"line":142,"column":8},"end":{"line":142,"column":67}},"47":{"start":{"line":142,"column":60},"end":{"line":142,"column":67}},"48":{"start":{"line":143,"column":8},"end":{"line":173,"column":11}},"49":{"start":{"line":149,"column":16},"end":{"line":149,"column":58}},"50":{"start":{"line":149,"column":31},"end":{"line":149,"column":55}},"51":{"start":{"line":150,"column":16},"end":{"line":150,"column":33}},"52":{"start":{"line":151,"column":16},"end":{"line":165,"column":19}},"53":{"start":{"line":152,"column":20},"end":{"line":164,"column":23}},"54":{"start":{"line":154,"column":28},"end":{"line":154,"column":62}},"55":{"start":{"line":155,"column":28},"end":{"line":155,"column":48}},"56":{"start":{"line":156,"column":28},"end":{"line":156,"column":44}},"57":{"start":{"line":157,"column":28},"end":{"line":157,"column":38}},"58":{"start":{"line":160,"column":28},"end":{"line":160,"column":62}},"59":{"start":{"line":161,"column":28},"end":{"line":161,"column":48}},"60":{"start":{"line":162,"column":28},"end":{"line":162,"column":38}},"61":{"start":{"line":166,"column":16},"end":{"line":166,"column":34}},"62":{"start":{"line":169,"column":16},"end":{"line":169,"column":58}},"63":{"start":{"line":169,"column":31},"end":{"line":169,"column":55}},"64":{"start":{"line":170,"column":16},"end":{"line":170,"column":50}},"65":{"start":{"line":171,"column":16},"end":{"line":171,"column":36}},"66":{"start":{"line":177,"column":25},"end":{"line":177,"column":95}},"67":{"start":{"line":177,"column":39},"end":{"line":177,"column":83}},"68":{"start":{"line":177,"column":64},"end":{"line":177,"column":81}},"69":{"start":{"line":180,"column":34},"end":{"line":190,"column":17}},"70":{"start":{"line":181,"column":20},"end":{"line":181,"column":45}},"71":{"start":{"line":182,"column":8},"end":{"line":188,"column":9}},"72":{"start":{"line":183,"column":23},"end":{"line":183,"column":40}},"73":{"start":{"line":184,"column":24},"end":{"line":184,"column":35}},"74":{"start":{"line":185,"column":12},"end":{"line":187,"column":13}},"75":{"start":{"line":186,"column":16},"end":{"line":186,"column":44}},"76":{"start":{"line":189,"column":8},"end":{"line":189,"column":19}},"77":{"start":{"line":193,"column":26},"end":{"line":193,"column":71}},"78":{"start":{"line":193,"column":40},"end":{"line":193,"column":66}},"79":{"start":{"line":194,"column":25},"end":{"line":194,"column":70}},"80":{"start":{"line":194,"column":39},"end":{"line":194,"column":65}},"81":{"start":{"line":197,"column":15},"end":{"line":198,"column":67}},"82":{"start":{"line":198,"column":8},"end":{"line":198,"column":67}},"83":{"start":{"line":201,"column":21},"end":{"line":220,"column":100}},"84":{"start":{"line":202,"column":18},"end":{"line":202,"column":44}},"85":{"start":{"line":203,"column":21},"end":{"line":203,"column":33}},"86":{"start":{"line":205,"column":8},"end":{"line":219,"column":11}},"87":{"start":{"line":206,"column":12},"end":{"line":209,"column":13}},"88":{"start":{"line":207,"column":28},"end":{"line":207,"column":119}},"89":{"start":{"line":208,"column":16},"end":{"line":208,"column":51}},"90":{"start":{"line":208,"column":38},"end":{"line":208,"column":51}},"91":{"start":{"line":211,"column":25},"end":{"line":211,"column":55}},"92":{"start":{"line":212,"column":12},"end":{"line":212,"column":63}},"93":{"start":{"line":212,"column":50},"end":{"line":212,"column":63}},"94":{"start":{"line":213,"column":12},"end":{"line":213,"column":62}},"95":{"start":{"line":213,"column":49},"end":{"line":213,"column":62}},"96":{"start":{"line":215,"column":12},"end":{"line":215,"column":90}},"97":{"start":{"line":215,"column":77},"end":{"line":215,"column":90}},"98":{"start":{"line":216,"column":12},"end":{"line":216,"column":90}},"99":{"start":{"line":216,"column":77},"end":{"line":216,"column":90}},"100":{"start":{"line":218,"column":12},"end":{"line":218,"column":24}},"101":{"start":{"line":222,"column":30},"end":{"line":222,"column":51}},"102":{"start":{"line":225,"column":25},"end":{"line":235,"column":5}},"103":{"start":{"line":226,"column":8},"end":{"line":226,"column":30}},"104":{"start":{"line":226,"column":23},"end":{"line":226,"column":30}},"105":{"start":{"line":227,"column":8},"end":{"line":227,"column":31}},"106":{"start":{"line":228,"column":8},"end":{"line":232,"column":9}},"107":{"start":{"line":229,"column":12},"end":{"line":229,"column":87}},"108":{"start":{"line":231,"column":12},"end":{"line":231,"column":82}},"109":{"start":{"line":233,"column":8},"end":{"line":233,"column":34}},"110":{"start":{"line":234,"column":8},"end":{"line":234,"column":18}},"111":{"start":{"line":238,"column":25},"end":{"line":252,"column":10}},"112":{"start":{"line":239,"column":8},"end":{"line":252,"column":10}},"113":{"start":{"line":245,"column":16},"end":{"line":245,"column":58}},"114":{"start":{"line":245,"column":31},"end":{"line":245,"column":55}},"115":{"start":{"line":246,"column":16},"end":{"line":249,"column":17}},"116":{"start":{"line":247,"column":20},"end":{"line":247,"column":69}},"117":{"start":{"line":248,"column":20},"end":{"line":248,"column":30}},"118":{"start":{"line":251,"column":28},"end":{"line":251,"column":69}},"119":{"start":{"line":251,"column":43},"end":{"line":251,"column":67}},"120":{"start":{"line":255,"column":25},"end":{"line":260,"column":5}},"121":{"start":{"line":256,"column":18},"end":{"line":256,"column":28}},"122":{"start":{"line":257,"column":21},"end":{"line":257,"column":41}},"123":{"start":{"line":258,"column":8},"end":{"line":258,"column":58}},"124":{"start":{"line":259,"column":8},"end":{"line":259,"column":29}},"125":{"start":{"line":263,"column":32},"end":{"line":269,"column":5}},"126":{"start":{"line":264,"column":8},"end":{"line":264,"column":56}},"127":{"start":{"line":264,"column":49},"end":{"line":264,"column":56}},"128":{"start":{"line":265,"column":8},"end":{"line":265,"column":70}},"129":{"start":{"line":266,"column":8},"end":{"line":266,"column":35}},"130":{"start":{"line":267,"column":8},"end":{"line":267,"column":34}},"131":{"start":{"line":268,"column":8},"end":{"line":268,"column":18}},"132":{"start":{"line":272,"column":4},"end":{"line":272,"column":84}},"133":{"start":{"line":272,"column":66},"end":{"line":272,"column":84}},"134":{"start":{"line":274,"column":4},"end":{"line":521,"column":6}},"135":{"start":{"line":281,"column":57},"end":{"line":281,"column":76}},"136":{"start":{"line":301,"column":43},"end":{"line":301,"column":75}},"137":{"start":{"line":318,"column":48},"end":{"line":318,"column":74}},"138":{"start":{"line":322,"column":101},"end":{"line":322,"column":120}},"139":{"start":{"line":328,"column":98},"end":{"line":328,"column":117}},"140":{"start":{"line":337,"column":83},"end":{"line":337,"column":106}},"141":{"start":{"line":344,"column":32},"end":{"line":344,"column":81}},"142":{"start":{"line":344,"column":54},"end":{"line":344,"column":81}},"143":{"start":{"line":345,"column":32},"end":{"line":345,"column":53}},"144":{"start":{"line":345,"column":49},"end":{"line":345,"column":51}},"145":{"start":{"line":359,"column":42},"end":{"line":359,"column":57}},"146":{"start":{"line":361,"column":37},"end":{"line":361,"column":70}},"147":{"start":{"line":362,"column":43},"end":{"line":362,"column":67}},"148":{"start":{"line":364,"column":24},"end":{"line":384,"column":26}},"149":{"start":{"line":371,"column":60},"end":{"line":371,"column":82}},"150":{"start":{"line":377,"column":44},"end":{"line":377,"column":65}},"151":{"start":{"line":378,"column":44},"end":{"line":378,"column":95}},"152":{"start":{"line":378,"column":72},"end":{"line":378,"column":93}},"153":{"start":{"line":382,"column":68},"end":{"line":382,"column":86}},"154":{"start":{"line":386,"column":50},"end":{"line":386,"column":81}},"155":{"start":{"line":421,"column":40},"end":{"line":421,"column":67}},"156":{"start":{"line":422,"column":40},"end":{"line":422,"column":66}},"157":{"start":{"line":434,"column":40},"end":{"line":434,"column":71}},"158":{"start":{"line":434,"column":64},"end":{"line":434,"column":71}},"159":{"start":{"line":435,"column":40},"end":{"line":435,"column":73}},"160":{"start":{"line":443,"column":40},"end":{"line":443,"column":66}},"161":{"start":{"line":444,"column":40},"end":{"line":444,"column":91}},"162":{"start":{"line":444,"column":68},"end":{"line":444,"column":89}},"163":{"start":{"line":461,"column":20},"end":{"line":461,"column":43}},"164":{"start":{"line":462,"column":20},"end":{"line":462,"column":46}},"165":{"start":{"line":470,"column":31},"end":{"line":470,"column":55}},"166":{"start":{"line":472,"column":34},"end":{"line":472,"column":99}},"167":{"start":{"line":475,"column":30},"end":{"line":475,"column":57}},"168":{"start":{"line":476,"column":31},"end":{"line":476,"column":67}},"169":{"start":{"line":477,"column":31},"end":{"line":477,"column":72}},"170":{"start":{"line":478,"column":33},"end":{"line":478,"column":48}},"171":{"start":{"line":479,"column":31},"end":{"line":479,"column":68}},"172":{"start":{"line":480,"column":31},"end":{"line":480,"column":70}},"173":{"start":{"line":481,"column":36},"end":{"line":481,"column":69}},"174":{"start":{"line":483,"column":20},"end":{"line":498,"column":22}},"175":{"start":{"line":514,"column":20},"end":{"line":514,"column":54}},"176":{"start":{"line":515,"column":20},"end":{"line":515,"column":39}},"177":{"start":{"line":516,"column":20},"end":{"line":516,"column":46}},"178":{"start":{"line":517,"column":20},"end":{"line":517,"column":46}},"179":{"start":{"line":524,"column":15},"end":{"line":657,"column":2}}},"fnMap":{"0":{"name":"ChallengeScreen","decl":{"start":{"line":71,"column":24},"end":{"line":71,"column":39}},"loc":{"start":{"line":71,"column":42},"end":{"line":522,"column":1}},"line":71},"1":{"name":"(anonymous_1)","decl":{"start":{"line":104,"column":19},"end":{"line":104,"column":20}},"loc":{"start":{"line":104,"column":25},"end":{"line":104,"column":28}},"line":104},"2":{"name":"(anonymous_2)","decl":{"start":{"line":108,"column":32},"end":{"line":108,"column":33}},"loc":{"start":{"line":108,"column":44},"end":{"line":115,"column":5}},"line":108},"3":{"name":"(anonymous_3)","decl":{"start":{"line":118,"column":14},"end":{"line":118,"column":15}},"loc":{"start":{"line":118,"column":20},"end":{"line":128,"column":5}},"line":118},"4":{"name":"(anonymous_4)","decl":{"start":{"line":119,"column":9},"end":{"line":119,"column":10}},"loc":{"start":{"line":119,"column":21},"end":{"line":127,"column":9}},"line":119},"5":{"name":"(anonymous_5)","decl":{"start":{"line":131,"column":14},"end":{"line":131,"column":15}},"loc":{"start":{"line":131,"column":20},"end":{"line":133,"column":5}},"line":131},"6":{"name":"(anonymous_6)","decl":{"start":{"line":136,"column":14},"end":{"line":136,"column":15}},"loc":{"start":{"line":136,"column":20},"end":{"line":138,"column":5}},"line":136},"7":{"name":"(anonymous_7)","decl":{"start":{"line":141,"column":14},"end":{"line":141,"column":15}},"loc":{"start":{"line":141,"column":20},"end":{"line":174,"column":5}},"line":141},"8":{"name":"(anonymous_8)","decl":{"start":{"line":148,"column":23},"end":{"line":148,"column":24}},"loc":{"start":{"line":148,"column":35},"end":{"line":167,"column":13}},"line":148},"9":{"name":"(anonymous_9)","decl":{"start":{"line":149,"column":25},"end":{"line":149,"column":26}},"loc":{"start":{"line":149,"column":31},"end":{"line":149,"column":55}},"line":149},"10":{"name":"(anonymous_10)","decl":{"start":{"line":151,"column":40},"end":{"line":151,"column":41}},"loc":{"start":{"line":151,"column":51},"end":{"line":165,"column":17}},"line":151},"11":{"name":"(anonymous_11)","decl":{"start":{"line":153,"column":41},"end":{"line":153,"column":42}},"loc":{"start":{"line":153,"column":53},"end":{"line":158,"column":25}},"line":153},"12":{"name":"(anonymous_12)","decl":{"start":{"line":159,"column":40},"end":{"line":159,"column":41}},"loc":{"start":{"line":159,"column":52},"end":{"line":163,"column":25}},"line":159},"13":{"name":"(anonymous_13)","decl":{"start":{"line":168,"column":22},"end":{"line":168,"column":23}},"loc":{"start":{"line":168,"column":34},"end":{"line":172,"column":13}},"line":168},"14":{"name":"(anonymous_14)","decl":{"start":{"line":169,"column":25},"end":{"line":169,"column":26}},"loc":{"start":{"line":169,"column":31},"end":{"line":169,"column":55}},"line":169},"15":{"name":"(anonymous_15)","decl":{"start":{"line":177,"column":33},"end":{"line":177,"column":34}},"loc":{"start":{"line":177,"column":39},"end":{"line":177,"column":83}},"line":177},"16":{"name":"(anonymous_16)","decl":{"start":{"line":177,"column":59},"end":{"line":177,"column":60}},"loc":{"start":{"line":177,"column":64},"end":{"line":177,"column":81}},"line":177},"17":{"name":"(anonymous_17)","decl":{"start":{"line":180,"column":42},"end":{"line":180,"column":43}},"loc":{"start":{"line":180,"column":48},"end":{"line":190,"column":5}},"line":180},"18":{"name":"(anonymous_18)","decl":{"start":{"line":193,"column":34},"end":{"line":193,"column":35}},"loc":{"start":{"line":193,"column":40},"end":{"line":193,"column":66}},"line":193},"19":{"name":"(anonymous_19)","decl":{"start":{"line":194,"column":33},"end":{"line":194,"column":34}},"loc":{"start":{"line":194,"column":39},"end":{"line":194,"column":65}},"line":194},"20":{"name":"(anonymous_20)","decl":{"start":{"line":197,"column":15},"end":{"line":197,"column":16}},"loc":{"start":{"line":198,"column":8},"end":{"line":198,"column":67}},"line":198},"21":{"name":"(anonymous_21)","decl":{"start":{"line":201,"column":29},"end":{"line":201,"column":30}},"loc":{"start":{"line":201,"column":35},"end":{"line":220,"column":5}},"line":201},"22":{"name":"(anonymous_22)","decl":{"start":{"line":205,"column":36},"end":{"line":205,"column":37}},"loc":{"start":{"line":205,"column":41},"end":{"line":219,"column":9}},"line":205},"23":{"name":"(anonymous_23)","decl":{"start":{"line":225,"column":25},"end":{"line":225,"column":26}},"loc":{"start":{"line":225,"column":90},"end":{"line":235,"column":5}},"line":225},"24":{"name":"(anonymous_24)","decl":{"start":{"line":238,"column":25},"end":{"line":238,"column":26}},"loc":{"start":{"line":239,"column":8},"end":{"line":252,"column":10}},"line":239},"25":{"name":"(anonymous_25)","decl":{"start":{"line":244,"column":23},"end":{"line":244,"column":24}},"loc":{"start":{"line":244,"column":35},"end":{"line":250,"column":13}},"line":244},"26":{"name":"(anonymous_26)","decl":{"start":{"line":245,"column":25},"end":{"line":245,"column":26}},"loc":{"start":{"line":245,"column":31},"end":{"line":245,"column":55}},"line":245},"27":{"name":"(anonymous_27)","decl":{"start":{"line":251,"column":22},"end":{"line":251,"column":23}},"loc":{"start":{"line":251,"column":28},"end":{"line":251,"column":69}},"line":251},"28":{"name":"(anonymous_28)","decl":{"start":{"line":251,"column":37},"end":{"line":251,"column":38}},"loc":{"start":{"line":251,"column":43},"end":{"line":251,"column":67}},"line":251},"29":{"name":"(anonymous_29)","decl":{"start":{"line":255,"column":25},"end":{"line":255,"column":26}},"loc":{"start":{"line":255,"column":50},"end":{"line":260,"column":5}},"line":255},"30":{"name":"(anonymous_30)","decl":{"start":{"line":263,"column":32},"end":{"line":263,"column":33}},"loc":{"start":{"line":263,"column":44},"end":{"line":269,"column":5}},"line":263},"31":{"name":"(anonymous_31)","decl":{"start":{"line":281,"column":51},"end":{"line":281,"column":52}},"loc":{"start":{"line":281,"column":57},"end":{"line":281,"column":76}},"line":281},"32":{"name":"(anonymous_32)","decl":{"start":{"line":301,"column":37},"end":{"line":301,"column":38}},"loc":{"start":{"line":301,"column":43},"end":{"line":301,"column":75}},"line":301},"33":{"name":"(anonymous_33)","decl":{"start":{"line":318,"column":42},"end":{"line":318,"column":43}},"loc":{"start":{"line":318,"column":48},"end":{"line":318,"column":74}},"line":318},"34":{"name":"(anonymous_34)","decl":{"start":{"line":322,"column":95},"end":{"line":322,"column":96}},"loc":{"start":{"line":322,"column":101},"end":{"line":322,"column":120}},"line":322},"35":{"name":"(anonymous_35)","decl":{"start":{"line":328,"column":92},"end":{"line":328,"column":93}},"loc":{"start":{"line":328,"column":98},"end":{"line":328,"column":117}},"line":328},"36":{"name":"(anonymous_36)","decl":{"start":{"line":337,"column":77},"end":{"line":337,"column":78}},"loc":{"start":{"line":337,"column":83},"end":{"line":337,"column":106}},"line":337},"37":{"name":"(anonymous_37)","decl":{"start":{"line":343,"column":37},"end":{"line":343,"column":38}},"loc":{"start":{"line":343,"column":43},"end":{"line":346,"column":29}},"line":343},"38":{"name":"(anonymous_38)","decl":{"start":{"line":345,"column":44},"end":{"line":345,"column":45}},"loc":{"start":{"line":345,"column":49},"end":{"line":345,"column":51}},"line":345},"39":{"name":"(anonymous_39)","decl":{"start":{"line":359,"column":34},"end":{"line":359,"column":35}},"loc":{"start":{"line":359,"column":42},"end":{"line":359,"column":57}},"line":359},"40":{"name":"(anonymous_40)","decl":{"start":{"line":360,"column":32},"end":{"line":360,"column":33}},"loc":{"start":{"line":360,"column":46},"end":{"line":385,"column":21}},"line":360},"41":{"name":"(anonymous_41)","decl":{"start":{"line":371,"column":54},"end":{"line":371,"column":
[...]
,"C:\\Users\\dietr\\Desktop\\PFE\\Kokoroji-app\\src\\utils\\purgeLogs.ts": {"path":"C:\\Users\\dietr\\Desktop\\PFE\\Kokoroji-app\\src\\utils\\purgeLogs.ts","statementMap":{"0":{"start":{"line":4,"column":23},"end":{"line":4,"column":40}},"1":{"start":{"line":13,"column":13},"end":{"line":13,"column":37}},"2":{"start":{"line":14,"column":17},"end":{"line":14,"column":92}},"3":{"start":{"line":15,"column":2},"end":{"line":15,"column":31}},"4":{"start":{"line":25,"column":13},"end":{"line":25,"column":37}},"5":{"start":{"line":26,"column":2},"end":{"line":29,"column":4}},"6":{"start":{"line":39,"column":20},"end":{"line":39,"column":49}},"7":{"start":{"line":40,"column":14},"end":{"line":40,"column":24}},"8":{"start":{"line":42,"column":2},"end":{"line":48,"column":3}},"9":{"start":{"line":43,"column":4},"end":{"line":43,"column":29}},"10":{"start":{"line":44,"column":4},"end":{"line":44,"column":53}},"11":{"start":{"line":45,"column":4},"end":{"line":45,"column":61}},"12":{"start":{"line":45,"column":17},"end":{"line":45,"column":61}},"13":{"start":{"line":47,"column":4},"end":{"line":47,"column":65}},"14":{"start":{"line":47,"column":17},"end":{"line":47,"column":65}}},"fnMap":{"0":{"name":"getFlag","decl":{"start":{"line":12,"column":15},"end":{"line":12,"column":22}},"loc":{"start":{"line":12,"column":60},"end":{"line":16,"column":1}},"line":12},"1":{"name":"setFlag","decl":{"start":{"line":24,"column":15},"end":{"line":24,"column":22}},"loc":{"start":{"line":24,"column":66},"end":{"line":30,"column":1}},"line":24},"2":{"name":"checkAndPurgeLogs","decl":{"start":{"line":38,"column":22},"end":{"line":38,"column":39}},"loc":{"start":{"line":38,"column":66},"end":{"line":49,"column":1}},"line":38}},"branchMap":{"0":{"loc":{"start":{"line":15,"column":9},"end":{"line":15,"column":30}},"type":"binary-expr","locations":[{"start":{"line":15,"column":9},"end":{"line":15,"column":22}},{"start":{"line":15,"column":26},"end":{"line":15,"column":30}}],"line":15},"1":{"loc":{"start":{"line":38,"column":40},"end":{"line":38,"column":49}},"type":"default-arg","locations":[{"start":{"line":38,"column":47},"end":{"line":38,"column":49}}],"line":38},"2":{"loc":{"start":{"line":42,"column":2},"end":{"line":48,"column":3}},"type":"if","locations":[{"start":{"line":42,"column":2},"end":{"line":48,"column":3}},{"start":{"line":46,"column":9},"end":{"line":48,"column":3}}],"line":42},"3":{"loc":{"start":{"line":42,"column":6},"end":{"line":42,"column":77}},"type":"binary-expr","locations":[{"start":{"line":42,"column":6},"end":{"line":42,"column":16}},{"start":{"line":42,"column":20},"end":{"line":42,"column":77}}],"line":42},"4":{"loc":{"start":{"line":45,"column":4},"end":{"line":45,"column":61}},"type":"if","locations":[{"start":{"line":45,"column":4},"end":{"line":45,"column":61}},{"start":{},"end":{}}],"line":45},"5":{"loc":{"start":{"line":47,"column":4},"end":{"line":47,"column":65}},"type":"if","locations":[{"start":{"line":47,"column":4},"end":{"line":47,"column":65}},{"start":{},"end":{}}],"line":47}},"s":{"0":1,"1":3,"2":3,"3":3,"4":2,"5":2,"6":3,"7":3,"8":3,"9":2,"10":2,"11":2,"12":2,"13":1,"14":1},"f":{"0":3,"1":2,"2":3},"b":{"0":[3,1],"1":[2],"2":[2,1],"3":[3,2],"4":[2,0],"5":[1,0]},"_coverageSchema":"1a1c01bbd47fc00a2c39e90264f33305004495a9","hash":"8a838c1c9327166daf62c506bd84a2d592490ebb"}
,"C:\\Users\\dietr\\Desktop\\PFE\\Kokoroji-app\\src\\utils\\support.ts": {"path":"C:\\Users\\dietr\\Desktop\\PFE\\Kokoroji-app\\src\\utils\\support.ts","statementMap":{"0":{"start":{"line":10,"column":25},"end":{"line":10,"column":47}},"1":{"start":{"line":11,"column":20},"end":{"line":13,"column":5}},"2":{"start":{"line":14,"column":17},"end":{"line":34,"column":5}},"3":{"start":{"line":36,"column":22},"end":{"line":36,"column":78}},"4":{"start":{"line":38,"column":4},"end":{"line":47,"column":7}},"5":{"start":{"line":39,"column":8},"end":{"line":46,"column":9}},"6":{"start":{"line":40,"column":12},"end":{"line":40,"column":39}},"7":{"start":{"line":42,"column":12},"end":{"line":45,"column":14}}},"fnMap":{"0":{"name":"handleSupport","decl":{"start":{"line":9,"column":16},"end":{"line":9,"column":29}},"loc":{"start":{"line":9,"column":32},"end":{"line":48,"column":1}},"line":9},"1":{"name":"(anonymous_1)","decl":{"start":{"line":38,"column":39},"end":{"line":38,"column":40}},"loc":{"start":{"line":38,"column":54},"end":{"line":47,"column":5}},"line":38}},"branchMap":{"0":{"loc":{"start":{"line":39,"column":8},"end":{"line":46,"column":9}},"type":"if","locations":[{"start":{"line":39,"column":8},"end":{"line":46,"column":9}},{"start":{"line":41,"column":15},"end":{"line":46,"column":9}}],"line":39}},"s":{"0":2,"1":2,"2":2,"3":2,"4":2,"5":2,"6":1,"7":1},"f":{"0":2,"1":2},"b":{"0":[1,1]},"_coverageSchema":"1a1c01bbd47fc00a2c39e90264f33305004495a9","hash":"750d33eee2b634946a0a3fb48ba89e460856862c"}
,"C:\\Users\\dietr\\Desktop\\PFE\\Kokoroji-app\\src\\utils\\text.ts": {"path":"C:\\Users\\dietr\\Desktop\\PFE\\Kokoroji-app\\src\\utils\\text.ts","statementMap":{"0":{"start":{"line":7,"column":25},"end":{"line":11,"column":35}},"1":{"start":{"line":8,"column":2},"end":{"line":11,"column":35}},"2":{"start":{"line":17,"column":24},"end":{"line":30,"column":1}},"3":{"start":{"line":18,"column":2},"end":{"line":18,"column":20}},"4":{"start":{"line":18,"column":10},"end":{"line":18,"column":20}},"5":{"start":{"line":19,"column":14},"end":{"line":19,"column":29}},"6":{"start":{"line":20,"column":39},"end":{"line":28,"column":3}},"7":{"start":{"line":29,"column":2},"end":{"line":29,"column":65}}},"fnMap":{"0":{"name":"(anonymous_0)","decl":{"start":{"line":7,"column":25},"end":{"line":7,"column":26}},"loc":{"start":{"line":8,"column":2},"end":{"line":11,"column":35}},"line":8},"1":{"name":"(anonymous_1)","decl":{"start":{"line":17,"column":24},"end":{"line":17,"column":25}},"loc":{"start":{"line":17,"column":40},"end":{"line":30,"column":1}},"line":17}},"branchMap":{"0":{"loc":{"start":{"line":8,"column":3},"end":{"line":8,"column":10}},"type":"binary-expr","locations":[{"start":{"line":8,"column":3},"end":{"line":8,"column":4}},{"start":{"line":8,"column":8},"end":{"line":8,"column":10}}],"line":8},"1":{"loc":{"start":{"line":18,"column":2},"end":{"line":18,"column":20}},"type":"if","locations":[{"start":{"line":18,"column":2},"end":{"line":18,"column":20}},{"start":{},"end":{}}],"line":18},"2":{"loc":{"start":{"line":29,"column":9},"end":{"line":29,"column":64}},"type":"binary-expr","locations":[{"start":{"line":29,"column":9},"end":{"line":29,"column":18}},{"start":{"line":29,"column":22},"end":{"line":29,"column":64}}],"line":29}},"s":{"0":2,"1":22,"2":2,"3":8,"4":2,"5":6,"6":6,"7":6},"f":{"0":22,"1":8},"b":{"0":[22,13],"1":[2,6],"2":[6,2]},"_coverageSchema":"1a1c01bbd47fc00a2c39e90264f33305004495a9","hash":"01ef5ea0e58c7ea2d459aad36ee523cb5e0b6373"}
,"C:\\Users\\dietr\\Desktop\\PFE\\Kokoroji-app\\src\\utils\\validationChallenge.ts": {"path":"C:\\Users\\dietr\\Desktop\\PFE\\Kokoroji-app\\src\\utils\\validationChallenge.ts","statementMap":{"0":{"start":{"line":27,"column":25},"end":{"line":27,"column":27}},"1":{"start":{"line":28,"column":24},"end":{"line":28,"column":27}},"2":{"start":{"line":29,"column":27},"end":{"line":29,"column":30}},"3":{"start":{"line":30,"column":28},"end":{"line":30,"column":32}},"4":{"start":{"line":31,"column":25},"end":{"line":31,"column":31}},"5":{"start":{"line":34,"column":20},"end":{"line":34,"column":51}},"6":{"start":{"line":34,"column":35},"end":{"line":34,"column":51}},"7":{"start":{"line":35,"column":24},"end":{"line":35,"column":90}},"8":{"start":{"line":35,"column":53},"end":{"line":35,"column":89}},"9":{"start":{"line":38,"column":27},"end":{"line":38,"column":70}},"10":{"start":{"line":38,"column":44},"end":{"line":38,"column":70}},"11":{"start":{"line":39,"column":19},"end":{"line":39,"column":52}},"12":{"start":{"line":39,"column":34},"end":{"line":39,"column":52}},"13":{"start":{"line":40,"column":15},"end":{"line":40,"column":58}},"14":{"start":{"line":40,"column":30},"end":{"line":40,"column":58}},"15":{"start":{"line":41,"column":17},"end":{"line":41,"column":52}},"16":{"start":{"line":41,"column":32},"end":{"line":41,"column":52}},"17":{"start":{"line":48,"column":2},"end":{"line":58,"column":4}},"18":{"start":{"line":70,"column":30},"end":{"line":70,"column":32}},"19":{"start":{"line":71,"column":16},"end":{"line":71,"column":50}},"20":{"start":{"line":72,"column":22},"end":{"line":72,"column":61}},"21":{"start":{"line":74,"column":2},"end":{"line":74,"column":57}},"22":{"start":{"line":74,"column":26},"end":{"line":74,"column":57}},"23":{"start":{"line":75,"column":2},"end":{"line":75,"column":70}},"24":{"start":{"line":75,"column":31},"end":{"line":75,"column":70}},"25":{"start":{"line":76,"column":2},"end":{"line":76,"column":64}},"26":{"start":{"line":76,"column":31},"end":{"line":76,"column":64}},"27":{"start":{"line":77,"column":2},"end":{"line":77,"column":80}},"28":{"start":{"line":77,"column":37},"end":{"line":77,"column":80}},"29":{"start":{"line":80,"column":2},"end":{"line":86,"column":3}},"30":{"start":{"line":81,"column":4},"end":{"line":81,"column":43}},"31":{"start":{"line":82,"column":9},"end":{"line":86,"column":3}},"32":{"start":{"line":83,"column":4},"end":{"line":83,"column":54}},"33":{"start":{"line":84,"column":9},"end":{"line":86,"column":3}},"34":{"start":{"line":85,"column":4},"end":{"line":85,"column":53}},"35":{"start":{"line":89,"column":2},"end":{"line":95,"column":3}},"36":{"start":{"line":90,"column":4},"end":{"line":90,"column":46}},"37":{"start":{"line":91,"column":9},"end":{"line":95,"column":3}},"38":{"start":{"line":92,"column":4},"end":{"line":92,"column":48}},"39":{"start":{"line":93,"column":9},"end":{"line":95,"column":3}},"40":{"start":{"line":94,"column":4},"end":{"line":94,"column":48}},"41":{"start":{"line":98,"column":2},"end":{"line":104,"column":3}},"42":{"start":{"line":99,"column":4},"end":{"line":99,"column":39}},"43":{"start":{"line":100,"column":9},"end":{"line":104,"column":3}},"44":{"start":{"line":101,"column":4},"end":{"line":101,"column":41}},"45":{"start":{"line":102,"column":9},"end":{"line":104,"column":3}},"46":{"start":{"line":103,"column":4},"end":{"line":103,"column":43}},"47":{"start":{"line":107,"column":2},"end":{"line":113,"column":3}},"48":{"start":{"line":108,"column":4},"end":{"line":108,"column":39}},"49":{"start":{"line":109,"column":9},"end":{"line":113,"column":3}},"50":{"start":{"line":110,"column":4},"end":{"line":110,"column":41}},"51":{"start":{"line":111,"column":9},"end":{"line":113,"column":3}},"52":{"start":{"line":112,"column":4},"end":{"line":112,"column":43}},"53":{"start":{"line":116,"column":2},"end":{"line":125,"column":3}},"54":{"start":{"line":123,"column":4},"end":{"line":123,"column":42}},"55":{"start":{"line":124,"column":4},"end":{"line":124,"column":42}},"56":{"start":{"line":127,"column":2},"end":{"line":127,"column":76}},"57":{"start":{"line":127,"column":32},"end":{"line":127,"column":76}},"58":{"start":{"line":129,"column":2},"end":{"line":129,"column":58}},"59":{"start":{"line":137,"column":2},"end":{"line":147,"column":4}}},"fnMap":{"0":{"name":"(anonymous_0)","decl":{"start":{"line":34,"column":20},"end":{"line":34,"column":21}},"loc":{"start":{"line":34,"column":35},"end":{"line":34,"column":51}},"line":34},"1":{"name":"(anonymous_1)","decl":{"start":{"line":35,"column":24},"end":{"line":35,"column":25}},"loc":{"start":{"line":35,"column":53},"end":{"line":35,"column":89}},"line":35},"2":{"name":"(anonymous_2)","decl":{"start":{"line":38,"column":27},"end":{"line":38,"column":28}},"loc":{"start":{"line":38,"column":44},"end":{"line":38,"column":70}},"line":38},"3":{"name":"(anonymous_3)","decl":{"start":{"line":39,"column":19},"end":{"line":39,"column":20}},"loc":{"start":{"line":39,"column":34},"end":{"line":39,"column":52}},"line":39},"4":{"name":"(anonymous_4)","decl":{"start":{"line":40,"column":15},"end":{"line":40,"column":16}},"loc":{"start":{"line":40,"column":30},"end":{"line":40,"column":58}},"line":40},"5":{"name":"(anonymous_5)","decl":{"start":{"line":41,"column":17},"end":{"line":41,"column":18}},"loc":{"start":{"line":41,"column":32},"end":{"line":41,"column":52}},"line":41},"6":{"name":"isDefiFormReady","decl":{"start":{"line":47,"column":16},"end":{"line":47,"column":31}},"loc":{"start":{"line":47,"column":65},"end":{"line":59,"column":1}},"line":47},"7":{"name":"validateDefi","decl":{"start":{"line":69,"column":16},"end":{"line":69,"column":28}},"loc":{"start":{"line":69,"column":91},"end":{"line":130,"column":1}},"line":69},"8":{"name":"coerceDefi","decl":{"start":{"line":136,"column":16},"end":{"line":136,"column":26}},"loc":{"start":{"line":136,"column":51},"end":{"line":148,"column":1}},"line":136}},"branchMap":{"0":{"loc":{"start":{"line":34,"column":36},"end":{"line":34,"column":43}},"type":"binary-expr","locations":[{"start":{"line":34,"column":36},"end":{"line":34,"column":37}},{"start":{"line":34,"column":41},"end":{"line":34,"column":43}}],"line":34},"1":{"loc":{"start":{"line":35,"column":53},"end":{"line":35,"column":89}},"type":"cond-expr","locations":[{"start":{"line":35,"column":70},"end":{"line":35,"column":85}},{"start":{"line":35,"column":88},"end":{"line":35,"column":89}}],"line":35},"2":{"loc":{"start":{"line":49,"column":4},"end":{"line":57,"column":29}},"type":"binary-expr","locations":[{"start":{"line":49,"column":4},"end":{"line":49,"column":23}},{"start":{"line":50,"column":4},"end":{"line":50,"column":26}},{"start":{"line":51,"column":4},"end":{"line":51,"column":26}},{"start":{"line":52,"column":4},"end":{"line":52,"column":32}},{"start":{"line":53,"column":4},"end":{"line":53,"column":30}},{"start":{"line":54,"column":4},"end":{"line":54,"column":32}},{"start":{"line":55,"column":4},"end":{"line":55,"column":25}},{"start":{"line":56,"column":4},"end":{"line":56,"column":25}},{"start":{"line":57,"column":4},"end":{"line":57,"column":29}}],"line":49},"3":{"loc":{"start":{"line":74,"column":2},"end":{"line":74,"column":57}},"type":"if","locations":[{"start":{"line":74,"column":2},"end":{"line":74,"column":57}},{"start":{},"end":{}}],"line":74},"4":{"loc":{"start":{"line":75,"column":2},"end":{"line":75,"column":70}},"type":"if","locations":[{"start":{"line":75,"column":2},"end":{"line":75,"column":70}},{"start":{},"end":{}}],"line":75},"5":{"loc":{"start":{"line":76,"column":2},"end":{"line":76,"column":64}},"type":"if","locations":[{"start":{"line":76,"column":2},"end":{"line":76,"column":64}},{"start":{},"end":{}}],"line":76},"6":{"loc":{"start":{"line":77,"column":2},"end":{"line":77,"column":80}},"type":"if","locations":[{"start":{"line":77,"column":2},"end":{"line":77,"column":80}},{"start":{},"end":{}}],"line":77},"7":{"loc":{"start":{"line":80,"column":2},"end":{"line":86,"column":3}},"type":"if","locations":[{"start":{"line":80,"column":2},"end":{"line":86,"column":3}},{"start":{"line":82,"column":9},"end":{"line":86,"column":3}}],"line":80},"8":{"loc":{"start":{"line":82,"column":9},"end":{"line":86,"column":3}},"type":"if","locations":[{"start":{"line":82,"column":9},"end":{"line":86,"column":3}},{"start":{"line":84,"column":9},"end":{"line":86,"column":3}}],"line":82},"9":{"loc":{"start":{"line":84,"column":9},"end":{"line":86,"column":3}},"type":"if","locations":[{"start":{"line":84,"column":9},"end":{"line":86,"column":3}},{"start":{},"end":{}}],"line":84},"10":{"loc":{"start":{"line":89,"column":2},"end":{"line":95,"column":3}},"type":"if","locations":[{"start":{"line":89,"column":2},"end":{"line":95,"column":3}},{"start":{"line":91,"column":9},"end":{"line":95,"column":3}}],"line":89},"11":{"loc":{"start":{"line":91,"column":9},"end":{"line":95,"column":3}},"type":"if","locations":[{"start":{"line":91,"column":9},"end":{"line":95,"column":3}},{"start":{"line":93,"column":9},"end":{"line":95,"column":3}}],"line":91},"12":{"loc":{"start":{"line":93,"column":9},"end":{"line":95,"column":3}},"type":"if","locations":[{"start":{"line":93,"column":9},"end":{"line":95,"column":3}},{"start":{},"end":{}}],"line":93},"13":{"loc":{"start":{"line":98,"column":2},"end":{"line":104,"column":3}},"type":"if","locations":[{"start":{"line":98,"column":2},"end":{"line":104,"column":3}},{"start":{"line":100,"column":9},"end":{"line":104,"column":3}}],"line":98},"14":{"loc":{"start":{"line":100,"column":9},"end":{"line":104,"column":3}},"type":"if","locations":[{"start":{"line":100,"column":9},"end":{"line":104,"column":3}},{"start":{"line":102,"column":9},"end":{"line":104,"column":3}}],"line":100},"15":{"loc":{"start":{"line":102,"column":9},"end":{"line":104,"column":3}},"type":"if","locations":[{"start":{"line":102,"column":9},"end":{"line":104,"column":3}},{"start":{},"end":{}}],"line":102},"16":{"loc":{"start":{"line":107,"column":2},"end":{"line":113,"column":3}},"type":"if","locations":[{"start":{"line":107,"column":2},"end":{"line":113,"column":3}},{"start":{"line":109,"column":9},"end":{"line":113,"column":3}}],"line":107},"17":{"loc":{"start":{"line":109,"column":9},"end":{"line":113,"column":3}},"type":"if","locations":[{"start":{"line":109,"column":9},"end":{"line":113,"column":3}},{"start":{"line":111,"column":9},"end":{"line":113,"column":3}}],"line":109},"18":{"loc":{"start":{"line":111,"column":9},"end":{"line":113,"column":3}},"type":"if","locations":[{"start":{"line":111,"column":9},"end":{"line":113,"column":3}},{"start":{},"end":{}}],"line":111},"19":{"loc":{"start":{"line":116,"column":2},"end":{"line":125,"column":3}},"type":"if","locations":[{"start":{"line":116,"column":2},"end":{"line":125,"column":3}},{"start":{},"end":{}}],"line":116},"20":{"loc":{"start":{"line":117,"column":4},"end":{"line":121,"column":41}},"type":"binary-expr","locations":[{"start":{"line":117,"column":4},"end":{"line":117,"column":25}},{"start":{"line":118,"column":4},"end":{"line":118,"column":25}},{"start":{"line":119,"column":4},"end":{"line":119,"column":21}},{"start":{"line":120,"column":4},"end":{"line":120,"column":21}},{"start":{"line":121,"column":4},"end":{"line":121,"column":41}}],"line":117},"21":{"loc":{"start":{"line":127,"column":2},"end":{"line":127,"column":76}},"type":"if","locations":[{"start":{"line":127,"column":2},"end":{"line":127,"column":76}},{"start":{},"end":{}}],"line":127}},"s":{"0":1,"1":1,"2":1,"3":1,"4":1,"5":1,"6":67,"7":1,"8":12,"9":1,"10":1,"11":1,"12":54,"13":1,"14":20,"15":1,"16":4,"17":2,"18":4,"19":4,"20":4,"21":4,"22":1,"23":4,"24":0,"25":4,"26":0,"27":4,"28":0,"29":4,"30":0,"31":4,"32":0,"33":4,"34":0,"35":4,"36":0,"37":4,"38":0,"39":4,"40":0,"41":4,"42":0,"43":4,"44":0,"45":4,"46":0,"47":4,"48":0,"49":4,"50":0,"51":4,"52":0,"53":4,"54":1,"55":1,"56":4,"57":0,"58":4,"59":1},"f":{"0":67,"1":12,"2":1,"3":54,"4":20,"5":4,"6":2,"7":4,"8":1},"b":{"0":[67,0],"1":[3,9],"2":[2,1,1,1,1,1,1,1,1],"3":[1,3],"4":[0,4],"5":[0,4],"6":[0,4],"7":[0,4],"8":[0,4],"9":[0,4],"10":[0,4],"11":[0,4],"12":[0,4],"13":[0,4],"14":[0,4],"15":[0,4],"16":[0,4],"17":[0,4],"18":[0,4],"19":[1,3],"20":[4,4,4,4,4],"21":[0,4]},"_coverageSchema":"1a1c01bbd47fc00a2c39e90264f33305004495a9","hash":"8d5be2fb25afdaaaeaaaf74399daa42bcae54875"}
}
