TN:
SF:src\components\AvatarPicker.tsx
FN:29,AvatarPicker
FN:32,(anonymous_1)
FN:35,(anonymous_2)
FNF:3
FNH:3
FNDA:14,AvatarPicker
FNDA:106,(anonymous_1)
FNDA:1,(anonymous_2)
DA:30,14
DA:33,106
DA:35,1
DA:52,2
LF:4
LH:4
BRDA:41,0,0,106
BRDA:41,0,1,14
BRF:2
BRH:2
end_of_record
TN:
SF:src\components\ButtonPrimary.tsx
FN:33,(anonymous_0)
FNF:1
FNH:1
FNDA:24,(anonymous_0)
DA:33,4
DA:43,24
DA:71,4
LF:3
LH:3
BRDA:36,0,0,5
BRDA:37,1,0,23
BRDA:41,2,0,24
BRDA:47,3,0,24
BRDA:47,3,1,0
BRDA:48,4,0,16
BRDA:48,4,1,8
BRDA:53,5,0,24
BRDA:53,5,1,8
BRDA:56,6,0,24
BRDA:56,6,1,8
BRDA:60,7,0,1
BRDA:60,7,1,23
BRDA:63,8,0,16
BRDA:63,8,1,7
BRF:15
BRH:14
end_of_record
TN:
SF:src\components\ChildItem.tsx
FN:37,ChildItem
FNF:1
FNH:1
FNDA:6,ChildItem
DA:38,6
DA:76,2
LF:2
LH:2
BRDA:48,0,0,6
BRDA:48,0,1,6
BRF:2
BRH:2
end_of_record
TN:
SF:src\components\ChildrenList.tsx
FN:32,ChildrenList
FN:36,(anonymous_1)
FN:37,(anonymous_2)
FN:40,(anonymous_3)
FN:41,(anonymous_4)
FNF:5
FNH:3
FNDA:14,ChildrenList
FNDA:8,(anonymous_1)
FNDA:5,(anonymous_2)
FNDA:0,(anonymous_3)
FNDA:0,(anonymous_4)
DA:33,14
DA:36,8
DA:38,5
DA:40,0
DA:41,0
LF:5
LH:3
BRDA:40,0,0,5
BRDA:40,0,1,0
BRDA:41,1,0,5
BRDA:41,1,1,0
BRF:4
BRH:2
end_of_record
TN:
SF:src\components\CompErrorMessage.tsx
FN:19,(anonymous_0)
FNF:1
FNH:1
FNDA:1,(anonymous_0)
DA:19,3
DA:20,1
DA:23,3
LF:3
LH:3
BRF:0
BRH:0
end_of_record
TN:
SF:src\components\InputField.tsx
FN:26,(anonymous_0)
FNF:1
FNH:1
FNDA:15,(anonymous_0)
DA:26,3
DA:34,15
DA:54,3
LF:3
LH:3
BRDA:29,0,0,2
BRDA:39,1,0,2
BRDA:39,1,1,13
BRDA:49,2,0,2
BRDA:49,2,1,13
BRF:5
BRH:5
end_of_record
TN:
SF:src\database\db.ts
FN:14,getDatabaseAsync
FN:27,initializeDatabase
FNF:2
FNH:0
FNDA:0,getDatabaseAsync
FNDA:0,initializeDatabase
DA:7,2
DA:15,0
DA:16,0
DA:18,0
DA:28,0
DA:29,0
DA:30,0
LF:7
LH:1
BRDA:15,0,0,0
BRDA:15,0,1,0
BRF:2
BRH:0
end_of_record
TN:
SF:src\database\init.ts
FNF:0
FNH:0
DA:6,2
DA:16,2
DA:31,2
DA:38,2
DA:55,2
DA:76,2
DA:99,2
DA:115,2
DA:130,2
DA:149,2
DA:174,2
DA:195,2
LF:12
LH:12
BRF:0
BRH:0
end_of_record
TN:
SF:src\hooks\useActiveSession.ts
FN:34,useActiveSession
FN:44,(anonymous_1)
FN:47,(anonymous_2)
FN:58,(anonymous_3)
FN:82,(anonymous_4)
FN:102,(anonymous_5)
FN:125,(anonymous_6)
FN:157,(anonymous_7)
FN:188,(anonymous_8)
FN:206,(anonymous_9)
FN:212,(anonymous_10)
FN:217,(anonymous_11)
FN:223,(anonymous_12)
FN:233,(anonymous_13)
FN:264,(anonymous_14)
FNF:15
FNH:15
FNDA:29,useActiveSession
FNDA:22,(anonymous_1)
FNDA:14,(anonymous_2)
FNDA:2,(anonymous_3)
FNDA:2,(anonymous_4)
FNDA:2,(anonymous_5)
FNDA:1,(anonymous_6)
FNDA:1,(anonymous_7)
FNDA:1,(anonymous_8)
FNDA:1,(anonymous_9)
FNDA:1,(anonymous_10)
FNDA:1,(anonymous_11)
FNDA:1,(anonymous_12)
FNDA:3,(anonymous_13)
FNDA:13,(anonymous_14)
DA:35,29
DA:37,29
DA:38,29
DA:39,29
DA:40,29
DA:41,29
DA:44,29
DA:47,29
DA:48,14
DA:49,14
DA:50,14
DA:52,0
DA:57,29
DA:59,2
DA:60,2
DA:61,2
DA:62,2
DA:63,2
DA:64,1
DA:65,1
DA:67,1
DA:68,1
DA:69,1
DA:71,0
DA:72,0
DA:74,2
DA:81,29
DA:83,2
DA:84,2
DA:85,2
DA:86,2
DA:87,2
DA:88,2
DA:89,2
DA:91,0
DA:92,0
DA:94,2
DA:101,29
DA:103,2
DA:104,2
DA:105,2
DA:106,2
DA:108,2
DA:111,2
DA:112,2
DA:114,0
DA:115,0
DA:117,2
DA:124,29
DA:132,1
DA:133,1
DA:134,1
DA:135,1
DA:143,1
DA:144,1
DA:146,0
DA:147,0
DA:149,1
DA:156,29
DA:164,1
DA:165,1
DA:166,1
DA:167,1
DA:175,1
DA:177,0
DA:178,0
DA:180,1
DA:187,29
DA:189,1
DA:190,1
DA:191,1
DA:192,1
DA:193,1
DA:194,1
DA:196,0
DA:197,0
DA:199,1
DA:206,29
DA:207,1
DA:208,1
DA:212,29
DA:213,1
DA:216,29
DA:218,1
DA:223,29
DA:224,1
DA:233,29
DA:234,3
DA:235,3
DA:236,1
DA:239,2
DA:240,1
DA:241,1
DA:242,1
DA:250,1
DA:251,1
DA:252,1
DA:253,1
DA:261,0
DA:264,29
DA:265,13
DA:268,29
LF:102
LH:88
BRDA:44,0,0,22
BRDA:44,0,1,9
BRDA:50,1,0,14
BRDA:50,1,1,8
BRDA:52,2,0,0
BRDA:52,2,1,0
BRDA:63,3,0,1
BRDA:63,3,1,1
BRDA:71,4,0,0
BRDA:71,4,1,0
BRDA:83,5,0,2
BRDA:83,5,1,0
BRDA:88,6,0,2
BRDA:88,6,1,0
BRDA:89,7,0,2
BRDA:89,7,1,0
BRDA:91,8,0,0
BRDA:91,8,1,0
BRDA:103,9,0,2
BRDA:103,9,1,0
BRDA:108,10,0,1
BRDA:108,10,1,1
BRDA:114,11,0,0
BRDA:114,11,1,0
BRDA:146,12,0,0
BRDA:146,12,1,0
BRDA:177,13,0,0
BRDA:177,13,1,0
BRDA:196,14,0,0
BRDA:196,14,1,0
BRDA:235,15,0,1
BRDA:235,15,1,2
BRDA:235,16,0,3
BRDA:235,16,1,3
BRDA:235,16,2,3
BRDA:235,16,3,3
BRDA:239,17,0,1
BRDA:239,17,1,1
BRDA:239,18,0,2
BRDA:239,18,1,1
BRDA:244,19,0,1
BRDA:244,19,1,0
BRDA:246,20,0,1
BRDA:246,20,1,0
BRDA:250,21,0,1
BRDA:250,21,1,0
BRDA:250,22,0,1
BRDA:250,22,1,1
BRDA:250,22,2,1
BRDA:255,23,0,1
BRDA:255,23,1,0
BRDA:256,24,0,1
BRDA:256,24,1,0
BRDA:257,25,0,1
BRDA:257,25,1,0
BRF:55
BRH:31
end_of_record
TN:
SF:src\hooks\useAuth.tsx
FN:24,(anonymous_0)
FN:32,(anonymous_1)
FN:45,(anonymous_2)
FN:65,(anonymous_3)
FN:68,(anonymous_4)
FN:76,(anonymous_5)
FN:79,(anonymous_6)
FN:94,useAuth
FNF:8
FNH:0
FNDA:0,(anonymous_0)
FNDA:0,(anonymous_1)
FNDA:0,(anonymous_2)
FNDA:0,(anonymous_3)
FNDA:0,(anonymous_4)
FNDA:0,(anonymous_5)
FNDA:0,(anonymous_6)
FNDA:0,useAuth
DA:17,1
DA:24,1
DA:25,0
DA:26,0
DA:27,0
DA:32,0
DA:33,0
DA:34,0
DA:35,0
DA:36,0
DA:37,0
DA:45,0
DA:46,0
DA:47,0
DA:53,0
DA:54,0
DA:55,0
DA:65,0
DA:66,0
DA:68,0
DA:69,0
DA:70,0
DA:71,0
DA:73,0
DA:76,0
DA:77,0
DA:79,0
DA:82,0
DA:95,0
DA:96,0
DA:97,0
LF:31
LH:2
BRDA:54,0,0,0
BRDA:54,0,1,0
BRDA:66,1,0,0
BRDA:66,1,1,0
BRDA:70,2,0,0
BRDA:70,2,1,0
BRDA:77,3,0,0
BRDA:77,3,1,0
BRDA:96,4,0,0
BRDA:96,4,1,0
BRF:10
BRH:0
end_of_record
TN:
SF:src\hooks\useDebouncedValue.ts
FN:13,useDebouncedValue
FN:17,(anonymous_1)
FN:19,(anonymous_2)
FN:21,(anonymous_3)
FNF:4
FNH:4
FNDA:6,useDebouncedValue
FNDA:5,(anonymous_1)
FNDA:1,(anonymous_2)
FNDA:5,(anonymous_3)
DA:14,6
DA:15,6
DA:17,6
DA:18,5
DA:19,5
DA:21,5
DA:22,5
DA:26,6
LF:8
LH:8
BRDA:13,0,0,0
BRDA:18,1,0,2
BRDA:18,1,1,3
BRDA:22,2,0,5
BRDA:22,2,1,0
BRF:5
BRH:3
end_of_record
TN:
SF:src\hooks\usePhotoAttachment.ts
FN:39,usePhotoAttachment
FN:43,(anonymous_1)
FN:51,(anonymous_2)
FN:78,(anonymous_3)
FN:122,(anonymous_4)
FNF:5
FNH:5
FNDA:13,usePhotoAttachment
FNDA:4,(anonymous_1)
FNDA:4,(anonymous_2)
FNDA:3,(anonymous_3)
FNDA:2,(anonymous_4)
DA:40,13
DA:41,13
DA:43,13
DA:44,4
DA:51,13
DA:56,4
DA:57,4
DA:58,3
DA:63,1
DA:67,1
DA:77,13
DA:79,3
DA:80,3
DA:81,3
DA:82,3
DA:83,3
DA:85,2
DA:86,2
DA:88,2
DA:109,2
DA:111,0
DA:112,0
DA:114,3
DA:121,13
DA:123,2
DA:124,2
DA:125,2
DA:126,2
DA:127,2
DA:129,2
DA:130,2
DA:132,1
DA:153,1
DA:155,1
DA:156,1
DA:158,2
DA:164,13
LF:37
LH:35
BRDA:46,0,0,4
BRDA:46,0,1,2
BRDA:57,1,0,3
BRDA:57,1,1,1
BRDA:60,2,0,3
BRDA:60,2,1,1
BRDA:60,2,2,1
BRDA:65,3,0,1
BRDA:65,3,1,0
BRDA:65,3,2,0
BRDA:72,4,0,1
BRDA:72,4,1,1
BRDA:83,5,0,1
BRDA:83,5,1,2
BRDA:91,6,0,2
BRDA:91,6,1,1
BRDA:97,7,0,2
BRDA:97,7,1,1
BRDA:100,8,0,2
BRDA:100,8,1,2
BRDA:101,9,0,2
BRDA:101,9,1,2
BRDA:102,10,0,2
BRDA:102,10,1,1
BRDA:103,11,0,2
BRDA:103,11,1,1
BRDA:103,11,2,1
BRDA:104,12,0,2
BRDA:104,12,1,1
BRDA:105,13,0,2
BRDA:105,13,1,1
BRDA:111,14,0,0
BRDA:111,14,1,0
BRDA:127,15,0,0
BRDA:127,15,1,2
BRDA:135,16,0,1
BRDA:135,16,1,0
BRDA:141,17,0,1
BRDA:141,17,1,1
BRDA:144,18,0,1
BRDA:144,18,1,1
BRDA:145,19,0,1
BRDA:145,19,1,1
BRDA:146,20,0,1
BRDA:146,20,1,1
BRDA:147,21,0,1
BRDA:147,21,1,0
BRDA:147,21,2,0
BRDA:148,22,0,1
BRDA:148,22,1,0
BRDA:149,23,0,1
BRDA:149,23,1,1
BRDA:155,24,0,1
BRDA:155,24,1,0
BRF:54
BRH:44
end_of_record
TN:
SF:src\screens\features\HomeScreen.tsx
FN:30,formatName
FN:46,HomeScreen
FN:57,(anonymous_2)
FN:58,(anonymous_3)
FN:68,(anonymous_4)
FN:70,(anonymous_5)
FN:73,(anonymous_6)
FN:83,(anonymous_7)
FN:84,(anonymous_8)
FN:157,(anonymous_9)
FN:165,(anonymous_10)
FN:175,(anonymous_11)
FN:183,(anonymous_12)
FNF:13
FNH:13
FNDA:22,formatName
FNDA:22,HomeScreen
FNDA:9,(anonymous_2)
FNDA:9,(anonymous_3)
FNDA:18,(anonymous_4)
FNDA:9,(anonymous_5)
FNDA:2,(anonymous_6)
FNDA:22,(anonymous_7)
FNDA:22,(anonymous_8)
FNDA:1,(anonymous_9)
FNDA:1,(anonymous_10)
FNDA:1,(anonymous_11)
FNDA:1,(anonymous_12)
DA:31,22
DA:32,22
DA:47,22
DA:48,22
DA:49,22
DA:51,22
DA:52,22
DA:53,22
DA:54,22
DA:57,22
DA:58,9
DA:59,9
DA:60,9
DA:61,9
DA:62,9
DA:68,22
DA:69,18
DA:70,9
DA:71,9
DA:72,9
DA:73,9
DA:74,9
DA:76,0
DA:82,22
DA:84,22
DA:85,22
DA:86,22
DA:87,0
DA:88,0
DA:91,22
DA:92,22
DA:96,11
DA:99,11
DA:100,11
DA:103,11
DA:104,11
DA:105,11
DA:107,11
DA:108,11
DA:109,11
DA:110,11
DA:111,9
DA:112,9
DA:114,9
DA:115,9
DA:116,9
DA:118,0
DA:121,0
DA:123,9
DA:129,22
DA:131,22
DA:157,1
DA:165,1
DA:175,1
DA:183,1
DA:208,1
LF:56
LH:51
BRDA:30,0,0,22
BRDA:31,1,0,0
BRDA:31,1,1,22
BRDA:32,2,0,0
BRDA:32,2,1,22
BRDA:61,3,0,9
BRDA:61,3,1,0
BRDA:69,4,0,9
BRDA:69,4,1,9
BRDA:73,5,0,9
BRDA:73,5,1,0
BRDA:73,6,0,2
BRDA:73,6,1,0
BRDA:86,7,0,0
BRDA:86,7,1,22
BRDA:92,8,0,11
BRDA:92,8,1,11
BRDA:93,9,0,22
BRDA:93,9,1,11
BRDA:107,10,0,11
BRDA:107,10,1,0
BRDA:192,11,0,22
BRDA:192,11,1,3
BRF:23
BRH:16
end_of_record
TN:
SF:src\screens\features\Challenge\ChallengeScreen.tsx
FN:71,ChallengeScreen
FN:104,(anonymous_1)
FN:108,(anonymous_2)
FN:118,(anonymous_3)
FN:119,(anonymous_4)
FN:131,(anonymous_5)
FN:136,(anonymous_6)
FN:141,(anonymous_7)
FN:148,(anonymous_8)
FN:149,(anonymous_9)
FN:151,(anonymous_10)
FN:153,(anonymous_11)
FN:159,(anonymous_12)
FN:168,(anonymous_13)
FN:169,(anonymous_14)
FN:177,(anonymous_15)
FN:177,(anonymous_16)
FN:180,(anonymous_17)
FN:193,(anonymous_18)
FN:194,(anonymous_19)
FN:197,(anonymous_20)
FN:201,(anonymous_21)
FN:205,(anonymous_22)
FN:225,(anonymous_23)
FN:238,(anonymous_24)
FN:244,(anonymous_25)
FN:245,(anonymous_26)
FN:251,(anonymous_27)
FN:251,(anonymous_28)
FN:255,(anonymous_29)
FN:263,(anonymous_30)
FN:281,(anonymous_31)
FN:301,(anonymous_32)
FN:318,(anonymous_33)
FN:322,(anonymous_34)
FN:328,(anonymous_35)
FN:337,(anonymous_36)
FN:343,(anonymous_37)
FN:345,(anonymous_38)
FN:359,(anonymous_39)
FN:360,(anonymous_40)
FN:371,(anonymous_41)
FN:376,(anonymous_42)
FN:378,(anonymous_43)
FN:382,(anonymous_44)
FN:386,(anonymous_45)
FN:420,(anonymous_46)
FN:433,(anonymous_47)
FN:442,(anonymous_48)
FN:444,(anonymous_49)
FN:460,(anonymous_50)
FN:470,(anonymous_51)
FN:472,(anonymous_52)
FN:473,(anonymous_53)
FN:513,(anonymous_54)
FNF:55
FNH:25
FNDA:26,ChallengeScreen
FNDA:0,(anonymous_1)
FNDA:5,(anonymous_2)
FNDA:5,(anonymous_3)
FNDA:5,(anonymous_4)
FNDA:10,(anonymous_5)
FNDA:6,(anonymous_6)
FNDA:10,(anonymous_7)
FNDA:0,(anonymous_8)
FNDA:0,(anonymous_9)
FNDA:0,(anonymous_10)
FNDA:0,(anonymous_11)
FNDA:0,(anonymous_12)
FNDA:0,(anonymous_13)
FNDA:0,(anonymous_14)
FNDA:10,(anonymous_15)
FNDA:5,(anonymous_16)
FNDA:10,(anonymous_17)
FNDA:5,(anonymous_18)
FNDA:5,(anonymous_19)
FNDA:0,(anonymous_20)
FNDA:11,(anonymous_21)
FNDA:12,(anonymous_22)
FNDA:0,(anonymous_23)
FNDA:0,(anonymous_24)
FNDA:0,(anonymous_25)
FNDA:0,(anonymous_26)
FNDA:0,(anonymous_27)
FNDA:0,(anonymous_28)
FNDA:0,(anonymous_29)
FNDA:0,(anonymous_30)
FNDA:0,(anonymous_31)
FNDA:2,(anonymous_32)
FNDA:0,(anonymous_33)
FNDA:2,(anonymous_34)
FNDA:2,(anonymous_35)
FNDA:1,(anonymous_36)
FNDA:1,(anonymous_37)
FNDA:1,(anonymous_38)
FNDA:27,(anonymous_39)
FNDA:21,(anonymous_40)
FNDA:0,(anonymous_41)
FNDA:0,(anonymous_42)
FNDA:0,(anonymous_43)
FNDA:0,(anonymous_44)
FNDA:10,(anonymous_45)
FNDA:0,(anonymous_46)
FNDA:0,(anonymous_47)
FNDA:1,(anonymous_48)
FNDA:1,(anonymous_49)
FNDA:0,(anonymous_50)
FNDA:0,(anonymous_51)
FNDA:0,(anonymous_52)
FNDA:0,(anonymous_53)
FNDA:0,(anonymous_54)
DA:59,1
DA:60,1
DA:72,26
DA:73,26
DA:75,26
DA:76,26
DA:77,26
DA:78,26
DA:79,26
DA:81,26
DA:82,26
DA:83,26
DA:85,26
DA:86,26
DA:88,26
DA:89,26
DA:90,26
DA:91,26
DA:93,26
DA:94,26
DA:95,26
DA:97,26
DA:99,26
DA:108,26
DA:109,5
DA:110,5
DA:111,5
DA:112,5
DA:113,5
DA:114,5
DA:118,26
DA:119,5
DA:120,5
DA:121,5
DA:122,5
DA:123,5
DA:124,5
DA:126,5
DA:131,26
DA:132,10
DA:136,26
DA:137,6
DA:141,26
DA:142,10
DA:143,0
DA:149,0
DA:150,0
DA:151,0
DA:152,0
DA:154,0
DA:155,0
DA:156,0
DA:157,0
DA:160,0
DA:161,0
DA:162,0
DA:166,0
DA:169,0
DA:170,0
DA:171,0
DA:177,26
DA:180,26
DA:181,10
DA:182,10
DA:183,5
DA:184,5
DA:185,5
DA:186,5
DA:189,10
DA:193,26
DA:194,26
DA:197,26
DA:198,0
DA:201,26
DA:202,11
DA:203,11
DA:205,11
DA:206,12
DA:207,2
DA:208,2
DA:211,11
DA:212,11
DA:213,11
DA:215,11
DA:216,11
DA:218,11
DA:222,26
DA:225,26
DA:226,0
DA:227,0
DA:228,0
DA:229,0
DA:231,0
DA:233,0
DA:234,0
DA:238,26
DA:239,0
DA:245,0
DA:246,0
DA:247,0
DA:248,0
DA:251,0
DA:255,26
DA:256,0
DA:257,0
DA:258,0
DA:259,0
DA:263,26
DA:264,0
DA:265,0
DA:266,0
DA:267,0
DA:268,0
DA:272,26
DA:274,16
DA:281,0
DA:301,2
DA:318,0
DA:322,2
DA:328,2
DA:337,1
DA:344,1
DA:345,1
DA:359,27
DA:361,21
DA:362,21
DA:364,21
DA:371,0
DA:377,0
DA:378,0
DA:382,0
DA:386,10
DA:421,0
DA:422,0
DA:434,0
DA:435,0
DA:443,1
DA:444,1
DA:461,0
DA:462,0
DA:470,0
DA:472,0
DA:475,0
DA:476,0
DA:477,0
DA:478,0
DA:479,0
DA:480,0
DA:481,0
DA:483,0
DA:514,0
DA:515,0
DA:516,0
DA:517,0
DA:524,1
LF:155
LH:90
BRDA:109,0,0,0
BRDA:109,0,1,5
BRDA:122,1,0,5
BRDA:122,1,1,0
BRDA:132,2,0,5
BRDA:132,2,1,5
BRDA:132,3,0,10
BRDA:132,3,1,5
BRDA:137,4,0,0
BRDA:137,4,1,6
BRDA:137,5,0,6
BRDA:137,5,1,0
BRDA:142,6,0,10
BRDA:142,6,1,0
BRDA:142,7,0,10
BRDA:142,7,1,5
BRDA:185,8,0,5
BRDA:185,8,1,0
BRDA:185,9,0,5
BRDA:185,9,1,0
BRDA:185,9,2,0
BRDA:198,10,0,0
BRDA:198,10,1,0
BRDA:198,11,0,0
BRDA:198,11,1,0
BRDA:206,12,0,2
BRDA:206,12,1,10
BRDA:207,13,0,2
BRDA:207,13,1,0
BRDA:207,14,0,2
BRDA:207,14,1,0
BRDA:207,15,0,2
BRDA:207,15,1,0
BRDA:208,16,0,1
BRDA:208,16,1,1
BRDA:212,17,0,0
BRDA:212,17,1,11
BRDA:212,18,0,11
BRDA:212,18,1,0
BRDA:213,19,0,0
BRDA:213,19,1,11
BRDA:213,20,0,11
BRDA:213,20,1,0
BRDA:215,21,0,0
BRDA:215,21,1,11
BRDA:215,22,0,11
BRDA:215,22,1,0
BRDA:216,23,0,0
BRDA:216,23,1,11
BRDA:216,24,0,11
BRDA:216,24,1,0
BRDA:226,25,0,0
BRDA:226,25,1,0
BRDA:228,26,0,0
BRDA:228,26,1,0
BRDA:246,27,0,0
BRDA:246,27,1,0
BRDA:258,28,0,0
BRDA:258,28,1,0
BRDA:264,29,0,0
BRDA:264,29,1,0
BRDA:264,30,0,0
BRDA:264,30,1,0
BRDA:272,31,0,10
BRDA:272,31,1,16
BRDA:272,32,0,26
BRDA:272,32,1,16
BRDA:272,32,2,16
BRDA:308,33,0,16
BRDA:308,33,1,1
BRDA:342,34,0,16
BRDA:342,34,1,2
BRDA:344,35,0,0
BRDA:344,35,1,1
BRDA:347,36,0,2
BRDA:347,36,1,14
BRDA:349,37,0,16
BRDA:349,37,1,2
BRDA:350,38,0,2
BRDA:350,38,1,14
BRDA:362,39,0,21
BRDA:362,39,1,0
BRDA:371,40,0,0
BRDA:371,40,1,21
BRDA:372,41,0,21
BRDA:372,41,1,4
BRDA:373,42,0,21
BRDA:373,42,1,4
BRDA:375,43,0,21
BRDA:375,43,1,0
BRDA:382,44,0,21
BRDA:382,44,1,0
BRDA:406,45,0,0
BRDA:406,45,1,16
BRDA:434,46,0,0
BRDA:434,46,1,0
BRDA:457,47,0,0
BRDA:457,47,1,16
BRDA:472,48,0,0
BRDA:472,48,1,0
BRDA:486,49,0,0
BRDA:486,49,1,0
BRDA:490,50,0,0
BRDA:490,50,1,0
BRDA:492,51,0,0
BRDA:492,51,1,0
BRF:106
BRH:54
end_of_record
TN:
SF:src\screens\features\OnBoarding\OnBardingWelcome.tsx
FN:27,(anonymous_0)
FN:46,(anonymous_1)
FNF:2
FNH:2
FNDA:2,(anonymous_0)
FNDA:1,(anonymous_1)
DA:27,1
DA:28,2
DA:30,2
DA:46,1
DA:53,1
LF:5
LH:5
BRF:0
BRH:0
end_of_record
TN:
SF:src\screens\features\OnBoarding\OnboardingChildren.tsx
FN:62,OnboardingChildren
FN:92,(anonymous_1)
FN:102,(anonymous_2)
FN:111,(anonymous_3)
FN:112,(anonymous_4)
FN:116,(anonymous_5)
FN:126,(anonymous_6)
FN:136,(anonymous_7)
FN:137,(anonymous_8)
FN:137,(anonymous_9)
FN:153,(anonymous_10)
FN:203,(anonymous_11)
FN:233,(anonymous_12)
FNF:13
FNH:6
FNDA:13,OnboardingChildren
FNDA:2,(anonymous_1)
FNDA:2,(anonymous_2)
FNDA:0,(anonymous_3)
FNDA:0,(anonymous_4)
FNDA:2,(anonymous_5)
FNDA:0,(anonymous_6)
FNDA:0,(anonymous_7)
FNDA:0,(anonymous_8)
FNDA:0,(anonymous_9)
FNDA:1,(anonymous_10)
FNDA:0,(anonymous_11)
FNDA:2,(anonymous_12)
DA:60,1
DA:64,13
DA:67,13
DA:68,13
DA:69,13
DA:71,13
DA:72,13
DA:73,13
DA:76,13
DA:77,13
DA:78,13
DA:79,13
DA:80,13
DA:81,13
DA:84,13
DA:85,13
DA:86,13
DA:89,13
DA:92,13
DA:93,2
DA:94,2
DA:95,2
DA:96,2
DA:97,2
DA:102,13
DA:103,2
DA:104,2
DA:105,0
DA:106,0
DA:108,2
DA:109,2
DA:111,0
DA:112,0
DA:114,0
DA:116,2
DA:118,2
DA:119,2
DA:120,2
DA:121,2
DA:122,2
DA:126,13
DA:127,0
DA:128,0
DA:129,0
DA:130,0
DA:131,0
DA:132,0
DA:136,13
DA:137,0
DA:138,0
DA:139,0
DA:140,0
DA:141,0
DA:142,0
DA:143,0
DA:153,13
DA:154,1
DA:155,0
DA:156,0
DA:158,1
DA:160,0
DA:161,0
DA:163,0
DA:166,1
DA:167,1
DA:168,1
DA:169,1
DA:170,1
DA:171,1
DA:173,1
DA:174,1
DA:175,1
DA:178,0
DA:180,1
DA:185,13
DA:191,13
DA:203,0
DA:233,2
DA:299,1
LF:79
LH:54
BRDA:67,0,0,13
BRDA:67,0,1,13
BRDA:68,1,0,13
BRDA:68,1,1,0
BRDA:69,2,0,0
BRDA:69,2,1,13
BRDA:71,3,0,13
BRDA:71,3,1,0
BRDA:72,4,0,13
BRDA:72,4,1,0
BRDA:73,5,0,13
BRDA:73,5,1,0
BRDA:94,6,0,2
BRDA:94,6,1,0
BRDA:104,7,0,0
BRDA:104,7,1,2
BRDA:104,8,0,2
BRDA:104,8,1,2
BRDA:104,8,2,2
BRDA:109,9,0,0
BRDA:109,9,1,2
BRDA:112,10,0,0
BRDA:112,10,1,0
BRDA:112,11,0,0
BRDA:112,11,1,0
BRDA:138,12,0,0
BRDA:138,12,1,0
BRDA:154,13,0,0
BRDA:154,13,1,1
BRDA:158,14,0,0
BRDA:158,14,1,1
BRDA:160,15,0,0
BRDA:160,15,1,0
BRDA:174,16,0,1
BRDA:174,16,1,0
BRDA:185,17,0,9
BRDA:185,17,1,4
BRDA:187,18,0,4
BRDA:187,18,1,0
BRDA:195,19,0,13
BRDA:195,19,1,0
BRDA:200,20,0,13
BRDA:200,20,1,13
BRDA:203,21,0,0
BRDA:203,21,1,0
BRDA:246,22,0,13
BRDA:246,22,1,8
BRDA:248,23,0,2
BRDA:248,23,1,6
BRDA:250,24,0,8
BRDA:250,24,1,0
BRDA:258,25,0,0
BRDA:258,25,1,13
BRDA:260,26,0,13
BRDA:260,26,1,6
BRDA:260,26,2,2
BRDA:260,26,3,2
BRDA:276,27,0,13
BRDA:276,27,1,0
BRDA:279,28,0,13
BRDA:279,28,1,4
BRDA:286,29,0,0
BRDA:286,29,1,4
BRDA:289,30,0,0
BRDA:289,30,1,4
BRF:65
BRH:37
end_of_record
TN:
SF:src\screens\features\OnBoarding\OnboardingFamily.tsx
FN:48,(anonymous_0)
FN:62,(anonymous_1)
FNF:2
FNH:2
FNDA:6,(anonymous_0)
FNDA:1,(anonymous_1)
DA:48,1
DA:50,6
DA:52,6
DA:53,6
DA:54,6
DA:57,6
DA:62,6
DA:63,1
DA:64,1
DA:65,0
DA:66,0
DA:68,1
DA:69,0
DA:71,1
DA:75,6
DA:117,1
LF:16
LH:13
BRDA:52,0,0,6
BRDA:52,0,1,6
BRDA:53,1,0,6
BRDA:53,1,1,6
BRDA:64,2,0,0
BRDA:64,2,1,1
BRDA:64,3,0,1
BRDA:64,3,1,1
BRDA:68,4,0,0
BRDA:68,4,1,1
BRDA:79,5,0,6
BRDA:79,5,1,0
BRDA:85,6,0,0
BRDA:85,6,1,6
BRDA:103,7,0,6
BRDA:103,7,1,0
BRDA:108,8,0,6
BRDA:108,8,1,3
BRF:18
BRH:13
end_of_record
TN:
SF:src\screens\features\Profile\ProfileScreen.tsx
FN:41,ProfileScreen
FN:46,(anonymous_1)
FN:47,(anonymous_2)
FN:50,(anonymous_3)
FN:52,(anonymous_4)
FN:66,(anonymous_5)
FN:70,(anonymous_6)
FN:85,(anonymous_7)
FN:126,(anonymous_8)
FN:127,(anonymous_9)
FN:159,(anonymous_10)
FNF:11
FNH:11
FNDA:14,ProfileScreen
FNDA:7,(anonymous_1)
FNDA:7,(anonymous_2)
FNDA:7,(anonymous_3)
FNDA:14,(anonymous_4)
FNDA:2,(anonymous_5)
FNDA:2,(anonymous_6)
FNDA:1,(anonymous_7)
FNDA:28,(anonymous_8)
FNDA:14,(anonymous_9)
FNDA:1,(anonymous_10)
DA:42,14
DA:43,14
DA:44,14
DA:46,14
DA:47,7
DA:48,7
DA:49,7
DA:50,7
DA:51,7
DA:52,14
DA:66,14
DA:67,2
DA:68,1
DA:70,2
DA:80,14
DA:85,1
DA:126,28
DA:128,14
DA:159,1
DA:191,1
LF:20
LH:20
BRDA:49,0,0,7
BRDA:49,0,1,0
BRDA:52,1,0,7
BRDA:52,1,1,0
BRDA:54,2,0,14
BRDA:54,2,1,0
BRDA:55,3,0,14
BRDA:55,3,1,0
BRDA:56,4,0,14
BRDA:56,4,1,0
BRDA:57,5,0,14
BRDA:57,5,1,0
BRDA:67,6,0,1
BRDA:67,6,1,1
BRDA:72,7,0,2
BRDA:72,7,1,0
BRDA:73,8,0,2
BRDA:73,8,1,0
BRDA:74,9,0,2
BRDA:74,9,1,0
BRDA:75,10,0,2
BRDA:75,10,1,0
BRDA:103,11,0,14
BRDA:103,11,1,7
BRDA:106,12,0,14
BRDA:106,12,1,7
BRDA:126,13,0,28
BRDA:126,13,1,0
BRF:28
BRH:17
end_of_record
TN:
SF:src\screens\features\Profile\SettingsScreen.tsx
FN:42,SettingsScreen
FN:61,(anonymous_1)
FN:62,(anonymous_2)
FN:66,(anonymous_3)
FN:67,(anonymous_4)
FN:68,(anonymous_5)
FN:69,(anonymous_6)
FN:70,(anonymous_7)
FN:74,(anonymous_8)
FN:77,(anonymous_9)
FN:84,(anonymous_10)
FN:108,(anonymous_11)
FN:109,(anonymous_12)
FN:113,(anonymous_13)
FN:153,(anonymous_14)
FN:185,(anonymous_15)
FN:195,(anonymous_16)
FN:232,(anonymous_17)
FN:251,(anonymous_18)
FN:261,(anonymous_19)
FN:305,(anonymous_20)
FN:315,(anonymous_21)
FN:322,(anonymous_22)
FN:333,(anonymous_23)
FNF:24
FNH:9
FNDA:15,SettingsScreen
FNDA:5,(anonymous_1)
FNDA:5,(anonymous_2)
FNDA:5,(anonymous_3)
FNDA:0,(anonymous_4)
FNDA:0,(anonymous_5)
FNDA:0,(anonymous_6)
FNDA:0,(anonymous_7)
FNDA:1,(anonymous_8)
FNDA:1,(anonymous_9)
FNDA:0,(anonymous_10)
FNDA:0,(anonymous_11)
FNDA:0,(anonymous_12)
FNDA:0,(anonymous_13)
FNDA:1,(anonymous_14)
FNDA:0,(anonymous_15)
FNDA:1,(anonymous_16)
FNDA:0,(anonymous_17)
FNDA:0,(anonymous_18)
FNDA:0,(anonymous_19)
FNDA:0,(anonymous_20)
FNDA:1,(anonymous_21)
FNDA:0,(anonymous_22)
FNDA:0,(anonymous_23)
DA:43,15
DA:44,15
DA:47,15
DA:48,15
DA:49,15
DA:50,15
DA:51,15
DA:52,15
DA:53,15
DA:56,15
DA:57,15
DA:58,15
DA:61,15
DA:62,5
DA:66,15
DA:67,5
DA:68,5
DA:69,5
DA:70,5
DA:74,15
DA:77,15
DA:84,15
DA:85,0
DA:87,0
DA:88,0
DA:89,0
DA:90,0
DA:93,0
DA:103,0
DA:104,0
DA:105,0
DA:107,0
DA:108,0
DA:109,0
DA:111,0
DA:113,0
DA:114,0
DA:115,0
DA:125,0
DA:126,0
DA:127,0
DA:128,0
DA:129,0
DA:130,0
DA:131,0
DA:134,0
DA:144,0
DA:145,0
DA:153,15
DA:154,1
DA:155,1
DA:156,1
DA:158,1
DA:159,1
DA:160,1
DA:162,1
DA:163,1
DA:164,1
DA:166,1
DA:168,1
DA:169,1
DA:185,15
DA:186,0
DA:187,0
DA:190,15
DA:195,1
DA:232,0
DA:252,0
DA:253,0
DA:254,0
DA:255,0
DA:257,0
DA:258,0
DA:261,0
DA:262,0
DA:266,0
DA:267,0
DA:273,0
DA:305,0
DA:315,1
DA:322,0
DA:333,0
DA:339,1
LF:83
LH:40
BRDA:85,0,0,0
BRDA:85,0,1,0
BRDA:85,1,0,0
BRDA:85,1,1,0
BRDA:88,2,0,0
BRDA:88,2,1,0
BRDA:88,3,0,0
BRDA:88,3,1,0
BRDA:141,4,0,0
BRDA:141,4,1,0
BRDA:158,5,0,0
BRDA:158,5,1,1
BRDA:162,6,0,1
BRDA:162,6,1,0
BRDA:168,7,0,0
BRDA:168,7,1,1
BRDA:175,8,0,1
BRDA:175,8,1,0
BRDA:226,9,0,15
BRDA:226,9,1,15
BRDA:229,10,0,15
BRDA:229,10,1,15
BRDA:239,11,0,15
BRDA:239,11,1,15
BRDA:254,12,0,0
BRDA:254,12,1,0
BRDA:266,13,0,0
BRDA:266,13,1,0
BRDA:297,14,0,4
BRDA:297,14,1,11
BRDA:299,15,0,4
BRDA:299,15,1,11
BRDA:303,16,0,4
BRDA:303,16,1,11
BRF:34
BRH:16
end_of_record
TN:
SF:src\screens\features\Session\ActiveSessionScreen.tsx
FN:33,(anonymous_0)
FN:33,(anonymous_1)
FN:36,safeJSONString
FN:43,childIdsJSON
FN:44,(anonymous_4)
FN:46,writeSessionLog
FN:88,ageFromBirthdate
FN:96,formatHMS
FN:100,(anonymous_8)
FN:103,(anonymous_9)
FN:120,ActiveSessionScreen
FN:174,(anonymous_11)
FN:175,(anonymous_12)
FN:183,(anonymous_13)
FN:211,(anonymous_14)
FN:216,(anonymous_15)
FN:222,(anonymous_16)
FN:226,(anonymous_17)
FN:226,(anonymous_18)
FN:232,(anonymous_19)
FN:234,(anonymous_20)
FN:237,(anonymous_21)
FN:239,(anonymous_22)
FN:240,(anonymous_23)
FN:247,(anonymous_24)
FN:261,(anonymous_25)
FN:316,(anonymous_26)
FN:317,(anonymous_27)
FN:352,(anonymous_28)
FN:357,(anonymous_29)
FN:365,(anonymous_30)
FN:369,(anonymous_31)
FN:379,(anonymous_32)
FN:388,(anonymous_33)
FN:390,(anonymous_34)
FN:398,(anonymous_35)
FN:405,(anonymous_36)
FN:422,(anonymous_37)
FN:457,(anonymous_38)
FN:458,(anonymous_39)
FN:467,(anonymous_40)
FN:468,(anonymous_41)
FN:501,(anonymous_42)
FN:579,(anonymous_43)
FN:607,(anonymous_44)
FN:622,(anonymous_45)
FN:648,(anonymous_46)
FN:663,(anonymous_47)
FN:693,(anonymous_48)
FN:697,(anonymous_49)
FN:707,(anonymous_50)
FN:711,(anonymous_51)
FN:840,(anonymous_52)
FN:854,(anonymous_53)
FN:862,(anonymous_54)
FN:871,(anonymous_55)
FN:875,(anonymous_56)
FN:879,(anonymous_57)
FNF:58
FNH:16
FNDA:0,(anonymous_0)
FNDA:0,(anonymous_1)
FNDA:0,safeJSONString
FNDA:1,childIdsJSON
FNDA:0,(anonymous_4)
FNDA:1,writeSessionLog
FNDA:0,ageFromBirthdate
FNDA:0,formatHMS
FNDA:0,(anonymous_8)
FNDA:0,(anonymous_9)
FNDA:2,ActiveSessionScreen
FNDA:1,(anonymous_11)
FNDA:1,(anonymous_12)
FNDA:0,(anonymous_13)
FNDA:2,(anonymous_14)
FNDA:1,(anonymous_15)
FNDA:1,(anonymous_16)
FNDA:0,(anonymous_17)
FNDA:0,(anonymous_18)
FNDA:2,(anonymous_19)
FNDA:0,(anonymous_20)
FNDA:2,(anonymous_21)
FNDA:0,(anonymous_22)
FNDA:0,(anonymous_23)
FNDA:2,(anonymous_24)
FNDA:0,(anonymous_25)
FNDA:2,(anonymous_26)
FNDA:2,(anonymous_27)
FNDA:1,(anonymous_28)
FNDA:1,(anonymous_29)
FNDA:1,(anonymous_30)
FNDA:0,(anonymous_31)
FNDA:0,(anonymous_32)
FNDA:0,(anonymous_33)
FNDA:0,(anonymous_34)
FNDA:0,(anonymous_35)
FNDA:0,(anonymous_36)
FNDA:0,(anonymous_37)
FNDA:0,(anonymous_38)
FNDA:0,(anonymous_39)
FNDA:0,(anonymous_40)
FNDA:0,(anonymous_41)
FNDA:0,(anonymous_42)
FNDA:0,(anonymous_43)
FNDA:0,(anonymous_44)
FNDA:0,(anonymous_45)
FNDA:0,(anonymous_46)
FNDA:0,(anonymous_47)
FNDA:0,(anonymous_48)
FNDA:0,(anonymous_49)
FNDA:0,(anonymous_50)
FNDA:0,(anonymous_51)
FNDA:0,(anonymous_52)
FNDA:0,(anonymous_53)
FNDA:0,(anonymous_54)
FNDA:0,(anonymous_55)
FNDA:0,(anonymous_56)
FNDA:0,(anonymous_57)
DA:26,1
DA:31,1
DA:33,1
DA:37,0
DA:38,0
DA:40,0
DA:44,1
DA:55,1
DA:56,1
DA:89,0
DA:90,0
DA:91,0
DA:92,0
DA:93,0
DA:94,0
DA:97,0
DA:98,0
DA:99,0
DA:100,0
DA:101,0
DA:103,1
DA:104,0
DA:105,0
DA:106,0
DA:121,2
DA:122,2
DA:124,2
DA:125,2
DA:126,2
DA:128,2
DA:129,2
DA:130,2
DA:133,2
DA:134,2
DA:135,2
DA:136,2
DA:137,2
DA:138,2
DA:141,2
DA:142,2
DA:143,2
DA:144,2
DA:145,2
DA:148,2
DA:151,2
DA:154,2
DA:169,2
DA:171,2
DA:174,2
DA:175,1
DA:176,1
DA:177,1
DA:178,1
DA:179,1
DA:181,1
DA:182,1
DA:183,0
DA:192,1
DA:198,0
DA:206,1
DA:211,2
DA:212,2
DA:216,2
DA:217,1
DA:218,0
DA:222,2
DA:223,1
DA:224,1
DA:225,1
DA:226,1
DA:228,0
DA:232,2
DA:233,2
DA:234,2
DA:237,2
DA:238,2
DA:239,0
DA:240,0
DA:243,2
DA:244,2
DA:245,2
DA:247,2
DA:248,2
DA:249,0
DA:261,2
DA:262,0
DA:264,0
DA:265,0
DA:267,0
DA:268,0
DA:269,0
DA:270,0
DA:271,0
DA:272,0
DA:273,0
DA:274,0
DA:275,0
DA:276,0
DA:278,0
DA:288,0
DA:289,0
DA:290,0
DA:291,0
DA:292,0
DA:293,0
DA:294,0
DA:296,0
DA:307,0
DA:308,0
DA:309,0
DA:310,0
DA:315,2
DA:317,2
DA:318,2
DA:319,1
DA:320,1
DA:322,0
DA:323,0
DA:324,0
DA:325,0
DA:326,0
DA:327,0
DA:328,0
DA:331,0
DA:332,0
DA:335,0
DA:337,0
DA:338,0
DA:339,0
DA:341,0
DA:342,0
DA:343,0
DA:346,0
DA:352,2
DA:353,1
DA:354,1
DA:357,2
DA:358,1
DA:359,0
DA:362,2
DA:365,2
DA:366,1
DA:368,0
DA:369,0
DA:370,0
DA:371,0
DA:372,0
DA:374,0
DA:375,0
DA:379,0
DA:380,0
DA:381,0
DA:382,0
DA:388,2
DA:390,2
DA:391,0
DA:392,0
DA:393,0
DA:394,0
DA:395,0
DA:398,2
DA:399,0
DA:400,0
DA:401,0
DA:402,0
DA:404,0
DA:405,0
DA:406,0
DA:407,0
DA:408,0
DA:409,0
DA:411,0
DA:416,0
DA:417,0
DA:422,2
DA:423,0
DA:425,0
DA:426,0
DA:434,0
DA:435,0
DA:438,0
DA:439,0
DA:446,0
DA:447,0
DA:448,0
DA:456,0
DA:457,0
DA:458,0
DA:459,0
DA:467,0
DA:468,0
DA:469,0
DA:470,0
DA:471,0
DA:473,0
DA:474,0
DA:475,0
DA:477,0
DA:479,0
DA:486,0
DA:501,2
DA:502,0
DA:503,0
DA:505,0
DA:506,0
DA:507,0
DA:508,0
DA:509,0
DA:510,0
DA:511,0
DA:519,0
DA:520,0
DA:526,0
DA:529,0
DA:530,0
DA:531,0
DA:532,0
DA:533,0
DA:534,0
DA:535,0
DA:536,0
DA:544,0
DA:546,0
DA:554,0
DA:562,0
DA:563,0
DA:564,0
DA:579,2
DA:580,0
DA:581,0
DA:582,0
DA:583,0
DA:584,0
DA:585,0
DA:592,0
DA:593,0
DA:595,0
DA:602,0
DA:607,2
DA:608,0
DA:609,0
DA:618,0
DA:619,0
DA:620,0
DA:621,0
DA:622,0
DA:623,0
DA:624,0
DA:631,0
DA:632,0
DA:648,2
DA:649,0
DA:650,0
DA:659,0
DA:660,0
DA:661,0
DA:662,0
DA:663,0
DA:664,0
DA:665,0
DA:672,0
DA:673,0
DA:691,2
DA:693,0
DA:697,0
DA:707,0
DA:712,0
DA:748,2
DA:750,1
DA:751,1
DA:766,0
DA:777,0
DA:779,0
DA:840,0
DA:854,0
DA:862,0
DA:872,0
DA:873,0
DA:876,0
DA:877,0
DA:879,0
DA:886,1
LF:282
LH:87
BRDA:38,0,0,0
BRDA:38,0,1,0
BRDA:44,1,0,1
BRDA:44,1,1,0
BRDA:55,2,0,1
BRDA:55,3,0,1
BRDA:58,4,0,1
BRDA:58,4,1,0
BRDA:63,5,0,0
BRDA:63,5,1,1
BRDA:64,6,0,0
BRDA:64,6,1,1
BRDA:93,7,0,0
BRDA:93,7,1,0
BRDA:93,8,0,0
BRDA:93,8,1,0
BRDA:93,8,2,0
BRDA:100,9,0,0
BRDA:100,9,1,0
BRDA:101,10,0,0
BRDA:101,10,1,0
BRDA:104,11,0,0
BRDA:104,11,1,0
BRDA:106,12,0,0
BRDA:106,12,1,0
BRDA:106,12,2,0
BRDA:169,13,0,2
BRDA:169,13,1,1
BRDA:178,14,0,0
BRDA:178,14,1,1
BRDA:183,15,0,1
BRDA:183,15,1,0
BRDA:187,16,0,0
BRDA:187,16,1,0
BRDA:188,17,0,0
BRDA:188,17,1,0
BRDA:203,18,0,0
BRDA:203,18,1,0
BRDA:212,19,0,1
BRDA:212,19,1,1
BRDA:217,20,0,1
BRDA:217,20,1,0
BRDA:224,21,0,1
BRDA:224,21,1,1
BRDA:238,22,0,2
BRDA:238,22,1,0
BRDA:243,23,0,2
BRDA:243,23,1,2
BRDA:244,24,0,2
BRDA:244,24,1,2
BRDA:248,25,0,2
BRDA:248,25,1,0
BRDA:248,26,0,2
BRDA:248,26,1,0
BRDA:253,27,0,0
BRDA:253,27,1,0
BRDA:254,28,0,0
BRDA:254,28,1,0
BRDA:256,29,0,0
BRDA:256,29,1,0
BRDA:262,30,0,0
BRDA:262,30,1,0
BRDA:262,31,0,0
BRDA:262,31,1,0
BRDA:265,32,0,0
BRDA:265,32,1,0
BRDA:270,33,0,0
BRDA:270,33,1,0
BRDA:281,34,0,0
BRDA:281,34,1,0
BRDA:300,35,0,0
BRDA:300,35,1,0
BRDA:308,36,0,0
BRDA:308,36,1,0
BRDA:318,37,0,1
BRDA:318,37,1,1
BRDA:320,38,0,1
BRDA:320,38,1,0
BRDA:323,39,0,0
BRDA:323,39,1,0
BRDA:324,40,0,0
BRDA:324,40,1,0
BRDA:326,41,0,0
BRDA:326,41,1,0
BRDA:335,42,0,0
BRDA:335,42,1,0
BRDA:337,43,0,0
BRDA:337,43,1,0
BRDA:353,44,0,1
BRDA:353,44,1,1
BRDA:354,45,0,0
BRDA:354,45,1,1
BRDA:358,46,0,1
BRDA:358,46,1,0
BRDA:358,47,0,1
BRDA:358,47,1,1
BRDA:359,48,0,0
BRDA:359,48,1,0
BRDA:362,49,0,2
BRDA:362,49,1,2
BRDA:366,50,0,1
BRDA:366,50,1,0
BRDA:366,51,0,1
BRDA:366,51,1,0
BRDA:368,52,0,0
BRDA:368,52,1,0
BRDA:371,53,0,0
BRDA:371,53,1,0
BRDA:374,54,0,0
BRDA:374,54,1,0
BRDA:380,55,0,0
BRDA:380,55,1,0
BRDA:391,56,0,0
BRDA:391,56,1,0
BRDA:399,57,0,0
BRDA:399,57,1,0
BRDA:401,58,0,0
BRDA:401,58,1,0
BRDA:401,59,0,0
BRDA:401,59,1,0
BRDA:423,60,0,0
BRDA:423,60,1,0
BRDA:423,61,0,0
BRDA:423,61,1,0
BRDA:423,61,2,0
BRDA:425,62,0,0
BRDA:425,62,1,0
BRDA:425,63,0,0
BRDA:425,63,1,0
BRDA:446,64,0,0
BRDA:446,64,1,0
BRDA:447,65,0,0
BRDA:447,65,1,0
BRDA:456,66,0,0
BRDA:456,66,1,0
BRDA:456,67,0,0
BRDA:456,67,1,0
BRDA:459,68,0,0
BRDA:459,68,1,0
BRDA:460,69,0,0
BRDA:460,69,1,0
BRDA:468,70,0,0
BRDA:468,70,1,0
BRDA:473,71,0,0
BRDA:473,71,1,0
BRDA:484,72,0,0
BRDA:484,72,1,0
BRDA:508,73,0,0
BRDA:508,73,1,0
BRDA:509,74,0,0
BRDA:509,74,1,0
BRDA:509,75,0,0
BRDA:509,75,1,0
BRDA:514,76,0,0
BRDA:514,76,1,0
BRDA:529,77,0,0
BRDA:529,77,1,0
BRDA:529,78,0,0
BRDA:529,78,1,0
BRDA:531,79,0,0
BRDA:531,79,1,0
BRDA:533,80,0,0
BRDA:533,80,1,0
BRDA:534,81,0,0
BRDA:534,81,1,0
BRDA:559,82,0,0
BRDA:559,82,1,0
BRDA:563,83,0,0
BRDA:563,83,1,0
BRDA:580,84,0,0
BRDA:580,84,1,0
BRDA:580,85,0,0
BRDA:580,85,1,0
BRDA:600,86,0,0
BRDA:600,86,1,0
BRDA:608,87,0,0
BRDA:608,87,1,0
BRDA:608,88,0,0
BRDA:608,88,1,0
BRDA:615,89,0,0
BRDA:615,89,1,0
BRDA:616,90,0,0
BRDA:616,90,1,0
BRDA:618,91,0,0
BRDA:618,91,1,0
BRDA:629,92,0,0
BRDA:629,92,1,0
BRDA:631,93,0,0
BRDA:631,93,1,0
BRDA:649,94,0,0
BRDA:649,94,1,0
BRDA:649,95,0,0
BRDA:649,95,1,0
BRDA:656,96,0,0
BRDA:656,96,1,0
BRDA:657,97,0,0
BRDA:657,97,1,0
BRDA:659,98,0,0
BRDA:659,98,1,0
BRDA:670,99,0,0
BRDA:670,99,1,0
BRDA:672,100,0,0
BRDA:672,100,1,0
BRDA:702,101,0,2
BRDA:702,101,1,0
BRDA:713,102,0,0
BRDA:713,102,1,0
BRDA:713,103,0,0
BRDA:713,103,1,0
BRDA:723,104,0,0
BRDA:723,104,1,0
BRDA:748,105,0,1
BRDA:748,105,1,1
BRDA:750,106,0,1
BRDA:750,106,1,0
BRDA:750,107,0,1
BRDA:750,107,1,0
BRDA:789,108,0,0
BRDA:789,108,1,0
BRDA:794,109,0,0
BRDA:794,109,1,0
BRDA:795,110,0,0
BRDA:795,110,1,0
BRDA:796,111,0,0
BRDA:796,111,1,0
BRDA:797,112,0,0
BRDA:797,112,1,0
BRDA:798,113,0,0
BRDA:798,113,1,0
BRDA:799,114,0,0
BRDA:799,114,1,0
BRDA:802,115,0,0
BRDA:802,115,1,0
BRDA:804,116,0,0
BRDA:804,116,1,0
BRDA:804,117,0,0
BRDA:804,117,1,0
BRDA:809,118,0,0
BRDA:809,118,1,0
BRDA:817,119,0,0
BRDA:817,119,1,0
BRDA:851,120,0,0
BRDA:851,120,1,0
BRDA:906,121,0,0
BRDA:906,121,1,1
BRF:245
BRH:41
end_of_record
TN:
SF:src\screens\features\Session\SessionScreen.tsx
FN:37,safeJSONString
FN:44,childIdsJSON
FN:45,(anonymous_2)
FN:47,writeSessionLog
FN:87,SessionScreen
FN:118,(anonymous_5)
FN:119,(anonymous_6)
FN:127,(anonymous_7)
FN:167,(anonymous_8)
FN:169,(anonymous_9)
FN:190,(anonymous_10)
FN:207,(anonymous_11)
FN:224,(anonymous_12)
FN:244,(anonymous_13)
FN:293,(anonymous_14)
FN:320,(anonymous_15)
FN:329,(anonymous_16)
FN:333,(anonymous_17)
FN:365,(anonymous_18)
FN:373,(anonymous_19)
FN:388,(anonymous_20)
FN:392,(anonymous_21)
FN:406,(anonymous_22)
FN:422,(anonymous_23)
FN:434,(anonymous_24)
FN:441,(anonymous_25)
FN:444,(anonymous_26)
FNF:27
FNH:15
FNDA:0,safeJSONString
FNDA:13,childIdsJSON
FNDA:0,(anonymous_2)
FNDA:13,writeSessionLog
FNDA:49,SessionScreen
FNDA:8,(anonymous_5)
FNDA:8,(anonymous_6)
FNDA:16,(anonymous_7)
FNDA:49,(anonymous_8)
FNDA:49,(anonymous_9)
FNDA:4,(anonymous_10)
FNDA:2,(anonymous_11)
FNDA:1,(anonymous_12)
FNDA:4,(anonymous_13)
FNDA:0,(anonymous_14)
FNDA:8,(anonymous_15)
FNDA:0,(anonymous_16)
FNDA:0,(anonymous_17)
FNDA:1,(anonymous_18)
FNDA:0,(anonymous_19)
FNDA:1,(anonymous_20)
FNDA:0,(anonymous_21)
FNDA:0,(anonymous_22)
FNDA:0,(anonymous_23)
FNDA:0,(anonymous_24)
FNDA:0,(anonymous_25)
FNDA:0,(anonymous_26)
DA:34,1
DA:38,0
DA:39,0
DA:41,0
DA:45,13
DA:56,13
DA:57,13
DA:88,49
DA:89,49
DA:91,49
DA:92,49
DA:93,49
DA:95,49
DA:96,49
DA:97,49
DA:99,49
DA:100,49
DA:101,49
DA:102,49
DA:112,49
DA:115,49
DA:118,49
DA:119,8
DA:120,8
DA:121,8
DA:122,8
DA:123,8
DA:125,8
DA:126,8
DA:127,16
DA:136,8
DA:142,8
DA:145,8
DA:146,8
DA:147,0
DA:148,0
DA:151,0
DA:159,8
DA:166,49
DA:168,49
DA:169,49
DA:170,49
DA:172,49
DA:173,49
DA:174,49
DA:175,49
DA:178,49
DA:184,49
DA:190,49
DA:191,4
DA:192,1
DA:193,1
DA:195,3
DA:202,3
DA:203,3
DA:207,49
DA:208,2
DA:209,0
DA:210,0
DA:212,2
DA:219,2
DA:220,2
DA:224,49
DA:225,1
DA:226,1
DA:227,1
DA:228,1
DA:229,1
DA:230,1
DA:233,1
DA:243,49
DA:245,4
DA:246,0
DA:247,0
DA:249,4
DA:250,4
DA:251,4
DA:253,4
DA:254,4
DA:255,4
DA:257,4
DA:258,2
DA:259,2
DA:260,1
DA:261,1
DA:262,1
DA:264,1
DA:265,1
DA:268,2
DA:269,2
DA:270,1
DA:271,1
DA:272,1
DA:274,1
DA:275,1
DA:278,0
DA:285,0
DA:292,49
DA:302,0
DA:303,0
DA:304,0
DA:305,0
DA:307,0
DA:314,0
DA:320,49
DA:322,49
DA:324,41
DA:329,0
DA:333,0
DA:365,1
DA:373,0
DA:389,1
DA:390,1
DA:393,0
DA:394,0
DA:395,0
DA:407,0
DA:408,0
DA:422,0
DA:434,0
DA:441,0
DA:445,0
DA:465,1
LF:123
LH:93
BRDA:39,0,0,0
BRDA:39,0,1,0
BRDA:45,1,0,13
BRDA:45,1,1,0
BRDA:56,2,0,13
BRDA:56,3,0,13
BRDA:59,4,0,13
BRDA:59,4,1,0
BRDA:64,5,0,0
BRDA:64,5,1,13
BRDA:65,6,0,0
BRDA:65,6,1,13
BRDA:112,7,0,49
BRDA:112,7,1,8
BRDA:122,8,0,0
BRDA:122,8,1,8
BRDA:127,9,0,8
BRDA:127,9,1,0
BRDA:131,10,0,16
BRDA:131,10,1,16
BRDA:132,11,0,16
BRDA:132,11,1,0
BRDA:146,12,0,0
BRDA:146,12,1,8
BRDA:146,13,0,8
BRDA:146,13,1,6
BRDA:156,14,0,0
BRDA:156,14,1,0
BRDA:175,15,0,0
BRDA:175,15,1,49
BRDA:178,16,0,49
BRDA:178,16,1,5
BRDA:178,16,2,5
BRDA:178,16,3,5
BRDA:178,16,4,5
BRDA:178,16,5,5
BRDA:178,16,6,0
BRDA:178,16,7,0
BRDA:191,17,0,1
BRDA:191,17,1,3
BRDA:208,18,0,0
BRDA:208,18,1,2
BRDA:226,19,0,1
BRDA:226,19,1,0
BRDA:245,20,0,0
BRDA:245,20,1,4
BRDA:251,21,0,0
BRDA:251,21,1,4
BRDA:257,22,0,2
BRDA:257,22,1,2
BRDA:259,23,0,1
BRDA:259,23,1,1
BRDA:269,24,0,1
BRDA:269,24,1,1
BRDA:283,25,0,0
BRDA:283,25,1,0
BRDA:302,26,0,0
BRDA:302,26,1,0
BRDA:305,27,0,0
BRDA:305,27,1,0
BRDA:312,28,0,0
BRDA:312,28,1,0
BRDA:322,29,0,8
BRDA:322,29,1,41
BRDA:370,30,0,41
BRDA:370,30,1,41
BRDA:395,31,0,0
BRDA:395,31,1,0
BRDA:438,32,0,41
BRDA:438,32,1,2
BRDA:438,32,2,2
BRDA:447,33,0,0
BRDA:447,33,1,0
BRDA:448,34,0,0
BRDA:448,34,1,0
BRDA:455,35,0,0
BRDA:455,35,1,0
BRDA:495,36,0,0
BRDA:495,36,1,1
BRF:79
BRH:43
end_of_record
TN:
SF:src\services\appFlagsActiveSession.ts
FN:35,getOpenSessionId
FN:50,setOpenSessionId
FN:61,clearOpenSessionId
FN:70,getResumePromptState
FN:95,snoozeResumePrompt
FN:108,clearResumePromptState
FN:119,getRuntimeState
FN:140,setRuntimeState
FN:160,updateRuntimeState
FN:191,clearRuntimeState
FNF:10
FNH:10
FNDA:3,getOpenSessionId
FNDA:2,setOpenSessionId
FNDA:1,clearOpenSessionId
FNDA:3,getResumePromptState
FNDA:1,snoozeResumePrompt
FNDA:1,clearResumePromptState
FNDA:7,getRuntimeState
FNDA:6,setRuntimeState
FNDA:3,updateRuntimeState
FNDA:1,clearRuntimeState
DA:3,2
DA:4,2
DA:5,2
DA:36,3
DA:37,3
DA:41,3
DA:42,3
DA:43,3
DA:51,2
DA:52,2
DA:62,1
DA:71,3
DA:72,3
DA:76,3
DA:77,2
DA:78,2
DA:79,1
DA:80,1
DA:81,1
DA:86,1
DA:96,1
DA:97,1
DA:98,1
DA:99,1
DA:109,1
DA:110,1
DA:120,7
DA:121,7
DA:125,7
DA:126,7
DA:127,4
DA:128,4
DA:129,3
DA:130,2
DA:133,2
DA:141,6
DA:142,6
DA:163,3
DA:165,3
DA:185,3
DA:192,1
LF:41
LH:41
BRDA:42,0,0,2
BRDA:42,0,1,1
BRDA:43,1,0,1
BRDA:43,1,1,2
BRDA:54,2,0,1
BRDA:54,2,1,1
BRDA:76,3,0,1
BRDA:76,3,1,2
BRDA:80,4,0,1
BRDA:80,4,1,0
BRDA:82,5,0,1
BRDA:82,5,1,0
BRDA:95,6,0,0
BRDA:126,7,0,3
BRDA:126,7,1,4
BRDA:129,8,0,2
BRDA:129,8,1,1
BRDA:129,9,0,3
BRDA:129,9,1,3
BRDA:129,9,2,3
BRDA:146,10,0,3
BRDA:146,10,1,3
BRDA:165,11,0,1
BRDA:165,11,1,2
BRDA:169,12,0,1
BRDA:169,12,1,0
BRDA:172,13,0,1
BRDA:172,13,1,1
BRDA:175,14,0,1
BRDA:175,14,1,0
BRDA:176,15,0,1
BRDA:176,15,1,1
BRDA:177,16,0,1
BRDA:177,16,1,0
BRDA:178,17,0,1
BRDA:178,17,1,1
BRDA:178,18,0,1
BRDA:178,18,1,0
BRDA:179,19,0,1
BRDA:179,19,1,1
BRDA:180,20,0,1
BRDA:180,20,1,1
BRF:42
BRH:35
end_of_record
TN:
SF:src\services\authService.ts
FN:15,sendMagicLink
FN:27,signInWithEmailPassword
FNF:2
FNH:1
FNDA:2,sendMagicLink
FNDA:0,signInWithEmailPassword
DA:16,2
DA:17,2
DA:28,0
LF:3
LH:2
BRDA:17,0,0,1
BRDA:17,0,1,1
BRF:2
BRH:2
end_of_record
TN:
SF:src\services\challengeHistoryService.ts
FN:12,getDefiHistory
FN:37,(anonymous_1)
FN:55,addDefiHistory
FN:80,deleteDefiHistory
FN:104,getDefiHistoryDetailed
FN:147,(anonymous_5)
FN:154,(anonymous_6)
FN:160,(anonymous_7)
FN:164,(anonymous_8)
FN:170,(anonymous_9)
FN:170,(anonymous_10)
FN:174,(anonymous_11)
FNF:12
FNH:4
FNDA:3,getDefiHistory
FNDA:2,(anonymous_1)
FNDA:1,addDefiHistory
FNDA:1,deleteDefiHistory
FNDA:0,getDefiHistoryDetailed
FNDA:0,(anonymous_5)
FNDA:0,(anonymous_6)
FNDA:0,(anonymous_7)
FNDA:0,(anonymous_8)
FNDA:0,(anonymous_9)
FNDA:0,(anonymous_10)
FNDA:0,(anonymous_11)
DA:16,3
DA:17,3
DA:18,3
DA:20,3
DA:21,1
DA:22,1
DA:24,3
DA:25,1
DA:26,1
DA:28,3
DA:29,1
DA:30,1
DA:32,3
DA:34,3
DA:37,3
DA:58,1
DA:59,1
DA:72,1
DA:81,1
DA:82,1
DA:108,0
DA:110,0
DA:111,0
DA:113,0
DA:114,0
DA:115,0
DA:117,0
DA:118,0
DA:119,0
DA:121,0
DA:122,0
DA:123,0
DA:128,0
DA:131,0
DA:139,0
DA:142,0
DA:143,0
DA:144,0
DA:145,0
DA:146,0
DA:147,0
DA:152,0
DA:153,0
DA:154,0
DA:155,0
DA:159,0
DA:160,0
DA:164,0
DA:165,0
DA:166,0
DA:167,0
DA:168,0
DA:169,0
DA:170,0
DA:174,0
DA:175,0
LF:56
LH:20
BRDA:20,0,0,1
BRDA:20,0,1,2
BRDA:24,1,0,1
BRDA:24,1,1,2
BRDA:28,2,0,1
BRDA:28,2,1,2
BRDA:37,3,0,3
BRDA:37,3,1,0
BRDA:39,4,0,0
BRDA:39,4,1,2
BRDA:41,5,0,1
BRDA:41,5,1,1
BRDA:42,6,0,1
BRDA:42,6,1,1
BRDA:44,7,0,2
BRDA:44,7,1,1
BRDA:64,8,0,1
BRDA:64,8,1,0
BRDA:67,9,0,1
BRDA:67,9,1,0
BRDA:69,10,0,1
BRDA:69,10,1,0
BRDA:113,11,0,0
BRDA:113,11,1,0
BRDA:117,12,0,0
BRDA:117,12,1,0
BRDA:121,13,0,0
BRDA:121,13,1,0
BRDA:121,14,0,0
BRDA:121,14,1,0
BRDA:143,15,0,0
BRDA:143,15,1,0
BRDA:144,16,0,0
BRDA:144,16,1,0
BRDA:147,17,0,0
BRDA:147,17,1,0
BRDA:147,18,0,0
BRDA:147,18,1,0
BRDA:153,19,0,0
BRDA:153,19,1,0
BRDA:160,20,0,0
BRDA:160,20,1,0
BRDA:164,21,0,0
BRDA:164,21,1,0
BRDA:166,22,0,0
BRDA:166,22,1,0
BRDA:169,23,0,0
BRDA:169,23,1,0
BRDA:174,24,0,0
BRDA:174,24,1,0
BRDA:177,25,0,0
BRDA:177,25,1,0
BRDA:180,26,0,0
BRDA:180,26,1,0
BRDA:182,27,0,0
BRDA:182,27,1,0
BRDA:184,28,0,0
BRDA:184,28,1,0
BRF:58
BRH:17
end_of_record
TN:
SF:src\services\challengeImportService.ts
FN:9,(anonymous_0)
FN:15,fetchDefaultChallengesFromSupabase
FN:43,proposeAndImportDefaultChallengesCloud
FN:70,(anonymous_3)
FNF:4
FNH:4
FNDA:2,(anonymous_0)
FNDA:5,fetchDefaultChallengesFromSupabase
FNDA:4,proposeAndImportDefaultChallengesCloud
FNDA:3,(anonymous_3)
DA:9,2
DA:16,5
DA:24,5
DA:25,1
DA:26,1
DA:29,4
DA:55,4
DA:56,1
DA:59,3
DA:61,3
DA:62,3
DA:64,3
DA:65,1
DA:66,1
DA:67,1
DA:70,3
DA:82,2
DA:84,1
DA:85,1
DA:86,1
DA:88,1
DA:89,1
DA:90,1
LF:23
LH:23
BRDA:24,0,0,1
BRDA:24,0,1,4
BRDA:29,1,0,4
BRDA:29,1,1,0
BRDA:45,2,0,0
BRDA:55,3,0,1
BRDA:55,3,1,3
BRDA:64,4,0,1
BRDA:64,4,1,2
BRDA:71,5,0,3
BRDA:71,5,1,1
BRDA:72,6,0,3
BRDA:72,6,1,3
BRDA:73,7,0,3
BRDA:73,7,1,1
BRDA:74,8,0,3
BRDA:74,8,1,1
BRDA:75,9,0,3
BRDA:75,9,1,2
BRDA:76,10,0,3
BRDA:76,10,1,2
BRDA:77,11,0,3
BRDA:77,11,1,2
BRDA:78,12,0,3
BRDA:78,12,1,3
BRDA:79,13,0,3
BRDA:79,13,1,2
BRF:27
BRH:25
end_of_record
TN:
SF:src\services\challengeService.ts
FN:10,getAllChallenges
FN:24,addChallenge
FN:81,updateChallenge
FN:136,deleteChallenge
FN:175,searchChallenges
FN:192,importDefaultChallenges
FN:256,reactivateChallenges
FN:263,(anonymous_7)
FNF:8
FNH:8
FNDA:1,getAllChallenges
FNDA:1,addChallenge
FNDA:2,updateChallenge
FNDA:1,deleteChallenge
FNDA:1,searchChallenges
FNDA:2,importDefaultChallenges
FNDA:2,reactivateChallenges
FNDA:2,(anonymous_7)
DA:11,1
DA:12,1
DA:16,1
DA:27,1
DA:28,1
DA:29,1
DA:50,1
DA:60,1
DA:62,0
DA:63,0
DA:73,0
DA:82,2
DA:83,1
DA:84,1
DA:85,1
DA:106,1
DA:116,0
DA:117,0
DA:127,0
DA:137,1
DA:138,1
DA:139,1
DA:144,1
DA:154,0
DA:155,0
DA:165,0
DA:176,1
DA:177,1
DA:184,1
DA:196,2
DA:198,2
DA:200,2
DA:201,2
DA:202,2
DA:223,1
DA:225,1
DA:226,1
DA:227,1
DA:237,1
DA:240,1
DA:260,2
DA:261,1
DA:263,2
DA:264,1
DA:265,1
DA:272,1
DA:282,0
DA:283,0
DA:293,0
LF:49
LH:37
BRDA:16,0,0,1
BRDA:16,0,1,0
BRDA:38,1,0,1
BRDA:38,1,1,1
BRDA:39,2,0,1
BRDA:39,2,1,1
BRDA:40,3,0,1
BRDA:40,3,1,1
BRDA:41,4,0,1
BRDA:41,4,1,1
BRDA:42,5,0,1
BRDA:42,5,1,1
BRDA:43,6,0,1
BRDA:43,6,1,1
BRDA:44,7,0,1
BRDA:44,7,1,1
BRDA:45,8,0,1
BRDA:45,8,1,1
BRDA:46,9,0,1
BRDA:46,9,1,1
BRDA:70,10,0,0
BRDA:70,10,1,0
BRDA:82,11,0,1
BRDA:82,11,1,1
BRDA:93,12,0,1
BRDA:93,12,1,1
BRDA:94,13,0,1
BRDA:94,13,1,1
BRDA:95,14,0,1
BRDA:95,14,1,1
BRDA:96,15,0,1
BRDA:96,15,1,1
BRDA:97,16,0,1
BRDA:97,16,1,1
BRDA:98,17,0,1
BRDA:98,17,1,1
BRDA:99,18,0,1
BRDA:99,18,1,1
BRDA:100,19,0,1
BRDA:100,19,1,1
BRDA:124,20,0,0
BRDA:124,20,1,0
BRDA:162,21,0,0
BRDA:162,21,1,0
BRDA:184,22,0,1
BRDA:184,22,1,0
BRDA:210,23,0,2
BRDA:210,23,1,0
BRDA:211,24,0,2
BRDA:211,24,1,2
BRDA:212,25,0,2
BRDA:212,25,1,2
BRDA:213,26,0,2
BRDA:213,26,1,2
BRDA:214,27,0,2
BRDA:214,27,1,2
BRDA:215,28,0,2
BRDA:215,28,1,2
BRDA:216,29,0,2
BRDA:216,29,1,2
BRDA:217,30,0,2
BRDA:217,30,1,2
BRDA:218,31,0,2
BRDA:218,31,1,2
BRDA:234,32,0,1
BRDA:234,32,1,0
BRDA:260,33,0,1
BRDA:260,33,1,1
BRDA:290,34,0,0
BRDA:290,34,1,0
BRF:70
BRH:58
end_of_record
TN:
SF:src\services\logService.ts
FN:41,addLog
FN:68,getLogs
FN:97,getPendingLogs
FN:107,markLogAsSynced
FN:118,markLogsAsSynced
FN:121,(anonymous_5)
FN:131,purgeOldLogs
FN:144,clearLogs
FNF:8
FNH:8
FNDA:1,addLog
FNDA:5,getLogs
FNDA:1,getPendingLogs
FNDA:1,markLogAsSynced
FNDA:2,markLogsAsSynced
FNDA:3,(anonymous_5)
FNDA:1,purgeOldLogs
FNDA:1,clearLogs
DA:42,1
DA:43,1
DA:71,5
DA:72,5
DA:73,5
DA:75,5
DA:76,1
DA:77,1
DA:79,5
DA:80,1
DA:81,1
DA:83,5
DA:84,2
DA:85,2
DA:88,5
DA:89,5
DA:98,1
DA:108,1
DA:109,1
DA:119,2
DA:120,1
DA:121,3
DA:122,1
DA:132,1
DA:133,1
DA:135,1
DA:136,1
DA:145,1
DA:146,1
LF:29
LH:29
BRDA:49,0,0,1
BRDA:49,0,1,0
BRDA:50,1,0,1
BRDA:50,1,1,0
BRDA:54,2,0,1
BRDA:54,2,1,0
BRDA:55,3,0,1
BRDA:55,3,1,0
BRDA:56,4,0,1
BRDA:56,4,1,0
BRDA:57,5,0,1
BRDA:57,5,1,0
BRDA:69,6,0,1
BRDA:75,7,0,1
BRDA:75,7,1,4
BRDA:79,8,0,1
BRDA:79,8,1,4
BRDA:83,9,0,2
BRDA:83,9,1,3
BRDA:89,10,0,5
BRDA:89,10,1,0
BRDA:119,11,0,1
BRDA:119,11,1,1
BRDA:131,12,0,0
BRF:24
BRH:16
end_of_record
TN:
SF:src\services\photoService.ts
FN:26,requestMediaPermissions
FN:36,takePhoto
FN:55,pickFromLibrary
FN:73,ensureAppBase
FN:74,(anonymous_4)
FN:78,inferExtensionFromUri
FN:89,sanitizeName
FN:107,saveIntoAppSandbox
FN:126,getAlbumName
FN:146,tryAddToAlbum
FN:170,persistPhotoWithAlbum
FNF:11
FNH:11
FNDA:6,requestMediaPermissions
FNDA:2,takePhoto
FNDA:2,pickFromLibrary
FNDA:5,ensureAppBase
FNDA:1,(anonymous_4)
FNDA:3,inferExtensionFromUri
FNDA:3,sanitizeName
FNDA:3,saveIntoAppSandbox
FNDA:3,getAlbumName
FNDA:5,tryAddToAlbum
FNDA:1,persistPhotoWithAlbum
DA:20,2
DA:27,6
DA:28,6
DA:29,6
DA:37,2
DA:38,2
DA:40,1
DA:46,1
DA:47,1
DA:48,1
DA:56,2
DA:57,2
DA:59,1
DA:65,1
DA:66,1
DA:67,1
DA:74,5
DA:79,3
DA:80,3
DA:81,3
DA:82,3
DA:83,3
DA:85,0
DA:90,3
DA:91,2
DA:111,3
DA:112,3
DA:113,3
DA:114,3
DA:115,3
DA:116,3
DA:131,3
DA:133,2
DA:136,2
DA:147,5
DA:148,5
DA:149,5
DA:151,4
DA:152,3
DA:153,3
DA:154,2
DA:156,3
DA:158,1
DA:175,1
DA:176,1
DA:177,1
LF:46
LH:45
BRDA:29,0,0,6
BRDA:29,0,1,4
BRDA:38,1,0,1
BRDA:38,1,1,1
BRDA:46,2,0,0
BRDA:46,2,1,1
BRDA:46,3,0,1
BRDA:46,3,1,1
BRDA:48,4,0,1
BRDA:48,4,1,0
BRDA:57,5,0,1
BRDA:57,5,1,1
BRDA:65,6,0,0
BRDA:65,6,1,1
BRDA:65,7,0,1
BRDA:65,7,1,1
BRDA:67,8,0,1
BRDA:67,8,1,1
BRDA:79,9,0,3
BRDA:79,9,1,0
BRDA:81,10,0,3
BRDA:81,10,1,0
BRDA:81,11,0,3
BRDA:81,11,1,3
BRDA:83,12,0,3
BRDA:83,12,1,0
BRDA:90,13,0,1
BRDA:90,13,1,2
BRDA:113,14,0,3
BRDA:113,14,1,1
BRDA:131,15,0,1
BRDA:131,15,1,2
BRDA:133,16,0,1
BRDA:133,16,1,1
BRDA:133,17,0,2
BRDA:133,17,1,2
BRDA:149,18,0,1
BRDA:149,18,1,4
BRDA:153,19,0,1
BRDA:153,19,1,2
BRDA:182,20,0,1
BRDA:182,20,1,0
BRF:42
BRH:35
end_of_record
TN:
SF:src\services\rewardHistoryService.ts
FN:12,getRewardHistory
FN:52,(anonymous_1)
FN:74,safeParseIds
FN:79,(anonymous_3)
FN:80,(anonymous_4)
FNF:5
FNH:5
FNDA:5,getRewardHistory
FNDA:2,(anonymous_1)
FNDA:2,safeParseIds
FNDA:2,(anonymous_3)
FNDA:2,(anonymous_4)
DA:16,5
DA:18,5
DA:28,5
DA:30,5
DA:31,1
DA:32,1
DA:34,5
DA:35,1
DA:36,1
DA:38,5
DA:39,1
DA:40,1
DA:42,5
DA:43,1
DA:44,1
DA:47,5
DA:49,5
DA:52,5
DA:75,2
DA:76,2
DA:77,1
DA:78,1
DA:79,2
DA:80,2
DA:82,1
LF:25
LH:25
BRDA:30,0,0,1
BRDA:30,0,1,4
BRDA:34,1,0,1
BRDA:34,1,1,4
BRDA:38,2,0,1
BRDA:38,2,1,4
BRDA:42,3,0,1
BRDA:42,3,1,4
BRDA:52,4,0,5
BRDA:52,4,1,0
BRDA:54,5,0,0
BRDA:54,5,1,2
BRDA:57,6,0,1
BRDA:57,6,1,1
BRDA:59,7,0,2
BRDA:59,7,1,1
BRDA:76,8,0,2
BRDA:76,8,1,0
BRDA:76,9,0,0
BRDA:76,9,1,0
BRDA:77,10,0,0
BRDA:77,10,1,1
BRDA:79,11,0,2
BRDA:79,11,1,0
BRF:24
BRH:17
end_of_record
TN:
SF:src\services\rewardImportService.ts
FN:10,(anonymous_0)
FN:16,fetchDefaultRewardsFromSupabase
FN:27,(anonymous_2)
FN:41,importDefaultRewards
FN:79,proposeAndImportDefaultRewardsCloud
FNF:5
FNH:5
FNDA:2,(anonymous_0)
FNDA:5,fetchDefaultRewardsFromSupabase
FNDA:2,(anonymous_2)
FNDA:3,importDefaultRewards
FNDA:4,proposeAndImportDefaultRewardsCloud
DA:10,2
DA:17,5
DA:21,4
DA:22,1
DA:23,1
DA:27,3
DA:45,3
DA:47,3
DA:49,3
DA:50,3
DA:51,3
DA:64,2
DA:66,1
DA:67,1
DA:91,4
DA:92,1
DA:95,3
DA:97,3
DA:98,3
DA:100,2
DA:101,1
DA:102,1
DA:103,1
DA:106,1
DA:108,1
DA:109,1
DA:110,1
DA:112,1
DA:113,1
DA:114,1
LF:30
LH:30
BRDA:21,0,0,1
BRDA:21,0,1,3
BRDA:27,1,0,3
BRDA:27,1,1,0
BRDA:28,2,0,2
BRDA:28,2,1,0
BRDA:29,3,0,2
BRDA:29,3,1,0
BRDA:30,4,0,2
BRDA:30,4,1,0
BRDA:31,5,0,2
BRDA:31,5,1,0
BRDA:57,6,0,3
BRDA:57,6,1,0
BRDA:58,7,0,3
BRDA:58,7,1,2
BRDA:59,8,0,3
BRDA:59,8,1,2
BRDA:60,9,0,3
BRDA:60,9,1,2
BRDA:81,10,0,1
BRDA:91,11,0,1
BRDA:91,11,1,3
BRDA:100,12,0,1
BRDA:100,12,1,1
BRF:25
BRH:19
end_of_record
TN:
SF:src\services\rewardService.ts
FN:10,getAllRewards
FN:26,addReward
FN:63,updateReward
FN:96,deleteReward
FNF:4
FNH:4
FNDA:1,getAllRewards
FNDA:1,addReward
FNDA:2,updateReward
FNDA:1,deleteReward
DA:11,1
DA:12,1
DA:18,1
DA:29,1
DA:30,1
DA:43,1
DA:53,1
DA:64,2
DA:65,1
DA:66,1
DA:80,1
DA:97,1
DA:98,1
DA:104,1
LF:14
LH:14
BRDA:18,0,0,1
BRDA:18,0,1,0
BRDA:37,1,0,1
BRDA:37,1,1,1
BRDA:38,2,0,1
BRDA:38,2,1,1
BRDA:39,3,0,1
BRDA:39,3,1,1
BRDA:64,4,0,1
BRDA:64,4,1,1
BRDA:73,5,0,1
BRDA:73,5,1,1
BRDA:74,6,0,1
BRDA:74,6,1,1
BRF:14
BRH:13
end_of_record
TN:
SF:src\services\sessionHistoryService.ts
FN:10,toIsoStart
FN:20,toIsoEnd
FN:35,getSessionHistory
FN:91,(anonymous_3)
FNF:4
FNH:4
FNDA:5,toIsoStart
FNDA:5,toIsoEnd
FNDA:5,getSessionHistory
FNDA:2,(anonymous_3)
DA:11,5
DA:12,1
DA:21,5
DA:22,1
DA:39,5
DA:41,5
DA:42,5
DA:44,5
DA:45,5
DA:47,5
DA:48,1
DA:49,1
DA:51,5
DA:52,1
DA:53,1
DA:56,5
DA:57,2
DA:58,2
DA:66,2
DA:69,5
DA:70,5
DA:91,4
DA:92,2
DA:93,2
DA:94,2
DA:95,1
DA:97,1
DA:99,2
DA:114,4
DA:116,1
DA:127,1
LF:31
LH:31
BRDA:11,0,0,4
BRDA:11,0,1,1
BRDA:21,1,0,4
BRDA:21,1,1,1
BRDA:37,2,0,2
BRDA:47,3,0,1
BRDA:47,3,1,4
BRDA:51,4,0,1
BRDA:51,4,1,4
BRDA:56,5,0,2
BRDA:56,5,1,3
BRDA:56,6,0,5
BRDA:56,6,1,2
BRDA:91,7,0,4
BRDA:91,7,1,0
BRDA:94,8,0,2
BRDA:94,8,1,0
BRDA:95,9,0,0
BRDA:95,9,1,1
BRDA:103,10,0,1
BRDA:103,10,1,1
BRDA:104,11,0,2
BRDA:104,11,1,0
BRDA:105,12,0,2
BRDA:105,12,1,0
BRDA:106,13,0,2
BRDA:106,13,1,0
BRDA:108,14,0,2
BRDA:108,14,1,0
BRDA:109,15,0,2
BRDA:109,15,1,0
BRDA:110,16,0,2
BRDA:110,16,1,0
BRF:33
BRH:24
end_of_record
TN:
SF:src\services\sessionSelectionService.ts
FN:26,(anonymous_0)
FN:30,stripAccentsLower
FN:38,ageFromBirthdate
FN:47,average
FN:49,(anonymous_4)
FN:52,getParticipantsAverageAge
FN:55,(anonymous_6)
FN:60,(anonymous_7)
FN:65,filterByAge
FN:66,(anonymous_9)
FN:73,filterByLocation
FN:76,(anonymous_11)
FN:79,filterByMaxDuration
FN:81,(anonymous_13)
FN:84,filterByCategory
FN:87,(anonymous_15)
FN:92,tableExists
FN:101,getAllDefisForFamily
FN:131,getNotDoneDefisForFamily
FN:145,(anonymous_19)
FN:148,(anonymous_20)
FN:166,logDefiEvent
FN:190,pickRandomEligibleDefi
FN:235,buildEligibleBundle
FN:259,(anonymous_24)
FN:274,(anonymous_25)
FN:294,(anonymous_26)
FN:322,(anonymous_27)
FN:323,(anonymous_28)
FNF:29
FNH:28
FNDA:8,(anonymous_0)
FNDA:25,stripAccentsLower
FNDA:6,ageFromBirthdate
FNDA:4,average
FNDA:6,(anonymous_4)
FNDA:4,getParticipantsAverageAge
FNDA:6,(anonymous_6)
FNDA:6,(anonymous_7)
FNDA:4,filterByAge
FNDA:8,(anonymous_9)
FNDA:4,filterByLocation
FNDA:9,(anonymous_11)
FNDA:4,filterByMaxDuration
FNDA:6,(anonymous_13)
FNDA:4,filterByCategory
FNDA:8,(anonymous_15)
FNDA:4,tableExists
FNDA:4,getAllDefisForFamily
FNDA:4,getNotDoneDefisForFamily
FNDA:0,(anonymous_19)
FNDA:9,(anonymous_20)
FNDA:8,logDefiEvent
FNDA:2,pickRandomEligibleDefi
FNDA:2,buildEligibleBundle
FNDA:6,(anonymous_24)
FNDA:3,(anonymous_25)
FNDA:2,(anonymous_26)
FNDA:2,(anonymous_27)
FNDA:2,(anonymous_28)
DA:5,1
DA:26,8
DA:31,25
DA:39,6
DA:40,6
DA:41,6
DA:42,6
DA:43,6
DA:44,6
DA:48,4
DA:49,6
DA:53,4
DA:54,4
DA:55,6
DA:56,4
DA:60,6
DA:66,4
DA:67,8
DA:68,8
DA:69,8
DA:74,4
DA:75,4
DA:76,9
DA:80,4
DA:81,6
DA:85,4
DA:86,4
DA:87,8
DA:93,4
DA:94,4
DA:98,4
DA:102,4
DA:104,4
DA:110,4
DA:111,4
DA:112,4
DA:116,0
DA:117,0
DA:123,4
DA:124,4
DA:125,9
DA:126,4
DA:138,4
DA:140,4
DA:141,4
DA:145,4
DA:147,4
DA:148,9
DA:149,4
DA:150,4
DA:151,4
DA:153,4
DA:161,4
DA:174,8
DA:191,2
DA:193,2
DA:195,2
DA:197,2
DA:205,2
DA:207,2
DA:208,1
DA:215,1
DA:218,1
DA:220,1
DA:229,1
DA:239,2
DA:241,2
DA:244,2
DA:248,2
DA:250,2
DA:258,2
DA:259,6
DA:261,2
DA:262,2
DA:264,2
DA:265,1
DA:266,1
DA:267,2
DA:268,2
DA:270,1
DA:272,1
DA:274,3
DA:283,1
DA:286,1
DA:287,1
DA:288,1
DA:290,1
DA:291,2
DA:293,2
DA:294,2
DA:296,1
DA:297,2
DA:298,2
DA:302,2
DA:303,2
DA:304,2
DA:305,5
DA:306,5
DA:307,4
DA:308,4
DA:309,4
DA:313,2
DA:314,2
DA:315,2
DA:316,2
DA:320,1
DA:322,2
DA:323,2
DA:333,1
LF:109
LH:107
BRDA:31,0,0,25
BRDA:31,0,1,0
BRDA:43,1,0,0
BRDA:43,1,1,6
BRDA:43,2,0,6
BRDA:43,2,1,6
BRDA:43,2,2,0
BRDA:48,3,0,0
BRDA:48,3,1,4
BRDA:53,4,0,0
BRDA:53,4,1,4
BRDA:67,5,0,8
BRDA:67,5,1,0
BRDA:68,6,0,8
BRDA:68,6,1,0
BRDA:69,7,0,8
BRDA:69,7,1,7
BRDA:74,8,0,0
BRDA:74,8,1,4
BRDA:80,9,0,1
BRDA:80,9,1,3
BRDA:80,10,0,4
BRDA:80,10,1,3
BRDA:81,11,0,6
BRDA:81,11,1,0
BRDA:85,12,0,0
BRDA:85,12,1,4
BRDA:98,13,0,4
BRDA:98,13,1,0
BRDA:111,14,0,4
BRDA:111,14,1,0
BRDA:116,15,0,0
BRDA:116,15,1,0
BRDA:145,16,0,4
BRDA:145,16,1,0
BRDA:156,17,0,4
BRDA:156,17,1,0
BRDA:157,18,0,4
BRDA:157,18,1,1
BRDA:158,19,0,4
BRDA:158,19,1,0
BRDA:176,20,0,4
BRDA:176,20,1,4
BRDA:177,21,0,8
BRDA:177,21,1,4
BRDA:191,22,0,0
BRDA:193,23,0,2
BRDA:193,23,1,0
BRDA:200,24,0,2
BRDA:200,24,1,0
BRDA:201,25,0,2
BRDA:201,25,1,0
BRDA:202,26,0,2
BRDA:202,26,1,0
BRDA:207,27,0,1
BRDA:207,27,1,1
BRDA:211,28,0,1
BRDA:211,28,1,0
BRDA:212,29,0,1
BRDA:212,29,1,0
BRDA:213,30,0,1
BRDA:213,30,1,0
BRDA:224,31,0,1
BRDA:224,31,1,0
BRDA:225,32,0,1
BRDA:225,32,1,0
BRDA:226,33,0,1
BRDA:226,33,1,0
BRDA:237,34,0,0
BRDA:239,35,0,0
BRDA:241,36,0,2
BRDA:241,36,1,0
BRDA:244,37,0,1
BRDA:244,37,1,1
BRDA:244,38,0,2
BRDA:244,38,1,1
BRDA:253,39,0,2
BRDA:253,39,1,0
BRDA:254,40,0,2
BRDA:254,40,1,1
BRDA:255,41,0,2
BRDA:255,41,1,0
BRDA:259,42,0,6
BRDA:259,42,1,0
BRDA:262,43,0,2
BRDA:262,43,1,0
BRDA:264,44,0,1
BRDA:264,44,1,1
BRDA:264,45,0,2
BRDA:264,45,1,1
BRDA:277,46,0,1
BRDA:277,46,1,0
BRDA:278,47,0,1
BRDA:278,47,1,1
BRDA:279,48,0,1
BRDA:279,48,1,0
BRDA:293,49,0,1
BRDA:293,49,1,1
BRDA:306,50,0,4
BRDA:306,50,1,1
BRDA:306,51,0,5
BRDA:306,51,1,5
BRDA:309,52,0,1
BRDA:309,52,1,3
BRDA:309,53,0,4
BRDA:309,53,1,3
BRDA:313,54,0,2
BRDA:313,54,1,0
BRDA:313,55,0,2
BRDA:313,55,1,0
BRDA:313,55,2,0
BRDA:316,56,0,1
BRDA:316,56,1,1
BRDA:316,57,0,2
BRDA:316,57,1,1
BRDA:322,58,0,2
BRDA:322,58,1,0
BRDA:327,59,0,1
BRDA:327,59,1,0
BRDA:328,60,0,1
BRDA:328,60,1,0
BRDA:329,61,0,1
BRDA:329,61,1,0
BRF:123
BRH:79
end_of_record
TN:
SF:src\services\sessionService.ts
FN:7,(anonymous_0)
FN:9,(anonymous_1)
FN:17,getOne
FN:23,getAll
FN:30,logInfo
FN:52,logError
FN:79,startSession
FN:145,getActiveSession
FN:159,endSession
FN:207,getSessionById
FN:217,getSessionsHistory
FN:235,getSessionSummary
FN:254,(anonymous_12)
FN:264,completeDefiInSession
FN:323,awardCoinsForChildren
FN:400,attachMediaToSession
FNF:16
FNH:16
FNDA:22,(anonymous_0)
FNDA:14,(anonymous_1)
FNDA:44,getOne
FNDA:2,getAll
FNDA:10,logInfo
FNDA:2,logError
FNDA:6,startSession
FNDA:2,getActiveSession
FNDA:8,endSession
FNDA:2,getSessionById
FNDA:2,getSessionsHistory
FNDA:6,getSessionSummary
FNDA:4,(anonymous_12)
FNDA:2,completeDefiInSession
FNDA:6,awardCoinsForChildren
FNDA:2,attachMediaToSession
DA:7,22
DA:9,3
DA:10,14
DA:11,14
DA:13,0
DA:18,44
DA:19,44
DA:20,44
DA:24,2
DA:25,2
DA:26,2
DA:38,10
DA:61,2
DA:80,6
DA:82,6
DA:86,6
DA:87,2
DA:90,4
DA:91,4
DA:92,4
DA:109,4
DA:111,4
DA:112,4
DA:113,2
DA:120,2
DA:123,2
DA:137,2
DA:146,2
DA:160,8
DA:162,8
DA:163,8
DA:164,6
DA:166,4
DA:170,4
DA:172,4
DA:176,4
DA:178,4
DA:180,4
DA:187,4
DA:189,4
DA:198,4
DA:199,2
DA:208,2
DA:221,2
DA:236,6
DA:237,6
DA:239,2
DA:243,2
DA:248,2
DA:250,2
DA:254,4
DA:272,2
DA:274,2
DA:275,2
DA:277,2
DA:291,2
DA:293,2
DA:300,2
DA:316,2
DA:332,6
DA:333,6
DA:335,6
DA:336,6
DA:338,2
DA:339,2
DA:340,4
DA:356,4
DA:364,2
DA:378,0
DA:391,0
DA:408,2
DA:410,2
DA:411,2
DA:412,2
DA:414,2
DA:429,2
DA:431,2
DA:445,2
LF:78
LH:75
BRDA:17,0,0,0
BRDA:20,1,0,44
BRDA:20,1,1,44
BRDA:23,2,0,0
BRDA:26,3,0,2
BRDA:26,3,1,0
BRDA:39,4,0,10
BRDA:39,4,1,2
BRDA:40,5,0,8
BRDA:40,5,1,2
BRDA:41,6,0,10
BRDA:41,6,1,0
BRDA:45,7,0,10
BRDA:45,7,1,0
BRDA:46,8,0,10
BRDA:46,8,1,0
BRDA:62,9,0,2
BRDA:62,9,1,2
BRDA:63,10,0,2
BRDA:63,10,1,0
BRDA:64,11,0,2
BRDA:64,11,1,0
BRDA:65,12,0,2
BRDA:65,12,1,0
BRDA:68,13,0,2
BRDA:68,13,1,0
BRDA:69,14,0,0
BRDA:69,14,1,2
BRDA:86,15,0,2
BRDA:86,15,1,4
BRDA:91,16,0,4
BRDA:91,16,1,0
BRDA:102,17,0,4
BRDA:102,17,1,2
BRDA:103,18,0,4
BRDA:103,18,1,0
BRDA:104,19,0,4
BRDA:104,19,1,2
BRDA:105,20,0,2
BRDA:105,20,1,2
BRDA:106,21,0,4
BRDA:106,21,1,2
BRDA:112,22,0,2
BRDA:112,22,1,2
BRDA:129,23,0,2
BRDA:129,23,1,0
BRDA:163,24,0,2
BRDA:163,24,1,6
BRDA:164,25,0,2
BRDA:164,25,1,4
BRDA:170,26,0,4
BRDA:170,26,1,0
BRDA:176,27,0,4
BRDA:176,27,1,0
BRDA:193,28,0,2
BRDA:193,28,1,2
BRDA:194,29,0,4
BRDA:194,29,1,2
BRDA:198,30,0,2
BRDA:198,30,1,2
BRDA:219,31,0,0
BRDA:237,32,0,4
BRDA:237,32,1,2
BRDA:237,33,0,6
BRDA:237,33,1,4
BRDA:248,34,0,2
BRDA:248,34,1,0
BRDA:255,35,0,2
BRDA:255,35,1,0
BRDA:256,36,0,2
BRDA:256,36,1,0
BRDA:274,37,0,2
BRDA:274,37,1,2
BRDA:275,38,0,2
BRDA:275,38,1,0
BRDA:287,39,0,2
BRDA:287,39,1,0
BRDA:310,40,0,2
BRDA:310,40,1,0
BRDA:335,41,0,6
BRDA:335,41,1,2
BRDA:336,42,0,4
BRDA:336,42,1,2
BRDA:336,43,0,6
BRDA:336,43,1,4
BRDA:348,44,0,4
BRDA:348,44,1,0
BRDA:350,45,0,4
BRDA:350,45,1,0
BRDA:352,46,0,4
BRDA:352,46,1,0
BRDA:369,47,0,2
BRDA:369,47,1,0
BRDA:382,48,0,0
BRDA:382,48,1,0
BRDA:384,49,0,0
BRDA:384,49,1,0
BRDA:411,50,0,2
BRDA:411,50,1,0
BRDA:412,51,0,2
BRDA:412,51,1,0
BRDA:423,52,0,2
BRDA:423,52,1,0
BRDA:438,53,0,2
BRDA:438,53,1,0
BRF:105
BRH:70
end_of_record
TN:
SF:src\services\settingsFlagsService.ts
FN:15,getSyncEnabled
FN:28,setSyncEnabled
FN:42,getSyncState
FN:57,setSyncState
FN:69,getLastSync
FN:82,setLastSync
FN:94,getLastManualSync
FN:107,setLastManualSync
FN:121,isChallengesImported
FN:134,setChallengesImported
FN:148,getRewardsImportedFlag
FN:161,setRewardsImportedFlag
FNF:12
FNH:8
FNDA:3,getSyncEnabled
FNDA:2,setSyncEnabled
FNDA:6,getSyncState
FNDA:1,setSyncState
FNDA:2,getLastSync
FNDA:2,setLastSync
FNDA:2,getLastManualSync
FNDA:1,setLastManualSync
FNDA:0,isChallengesImported
FNDA:0,setChallengesImported
FNDA:0,getRewardsImportedFlag
FNDA:0,setRewardsImportedFlag
DA:4,1
DA:5,1
DA:6,1
DA:7,1
DA:8,1
DA:9,1
DA:16,3
DA:17,3
DA:21,3
DA:29,2
DA:30,2
DA:43,6
DA:44,6
DA:48,6
DA:49,6
DA:50,2
DA:58,1
DA:59,1
DA:70,2
DA:71,2
DA:75,2
DA:83,2
DA:84,2
DA:95,2
DA:96,2
DA:100,2
DA:108,1
DA:109,1
DA:122,0
DA:123,0
DA:127,0
DA:135,0
DA:136,0
DA:149,0
DA:150,0
DA:154,0
DA:162,0
DA:163,0
LF:38
LH:28
BRDA:32,0,0,1
BRDA:32,0,1,1
BRDA:49,1,0,4
BRDA:49,1,1,2
BRDA:49,2,0,6
BRDA:49,2,1,5
BRDA:49,2,2,4
BRDA:49,2,3,3
BRDA:75,3,0,1
BRDA:75,3,1,1
BRDA:86,4,0,1
BRDA:86,4,1,1
BRDA:100,5,0,1
BRDA:100,5,1,1
BRDA:138,6,0,0
BRDA:138,6,1,0
BRDA:165,7,0,0
BRDA:165,7,1,0
BRF:18
BRH:14
end_of_record
TN:
SF:src\styles\colors.ts
FNF:0
FNH:0
DA:1,13
LF:1
LH:1
BRF:0
BRH:0
end_of_record
TN:
SF:src\utils\email.ts
FN:11,isValidEmail
FNF:1
FNH:1
FNDA:3,isValidEmail
DA:13,3
LF:1
LH:1
BRF:0
BRH:0
end_of_record
TN:
SF:src\utils\errorMessages.ts
FN:8,mapMagicLinkError
FNF:1
FNH:1
FNDA:2,mapMagicLinkError
DA:9,2
DA:10,2
DA:11,1
DA:14,1
LF:4
LH:4
BRDA:9,0,0,0
BRDA:9,0,1,2
BRDA:10,1,0,1
BRDA:10,1,1,1
BRF:4
BRH:3
end_of_record
TN:
SF:src\utils\purgeLogs.ts
FN:12,getFlag
FN:24,setFlag
FN:38,checkAndPurgeLogs
FNF:3
FNH:3
FNDA:3,getFlag
FNDA:2,setFlag
FNDA:3,checkAndPurgeLogs
DA:4,1
DA:13,3
DA:14,3
DA:15,3
DA:25,2
DA:26,2
DA:39,3
DA:40,3
DA:42,3
DA:43,2
DA:44,2
DA:45,2
DA:47,1
LF:13
LH:13
BRDA:15,0,0,3
BRDA:15,0,1,1
BRDA:38,1,0,2
BRDA:42,2,0,2
BRDA:42,2,1,1
BRDA:42,3,0,3
BRDA:42,3,1,2
BRDA:45,4,0,2
BRDA:45,4,1,0
BRDA:47,5,0,1
BRDA:47,5,1,0
BRF:11
BRH:9
end_of_record
TN:
SF:src\utils\support.ts
FN:9,handleSupport
FN:38,(anonymous_1)
FNF:2
FNH:2
FNDA:2,handleSupport
FNDA:2,(anonymous_1)
DA:10,2
DA:11,2
DA:14,2
DA:36,2
DA:38,2
DA:39,2
DA:40,1
DA:42,1
LF:8
LH:8
BRDA:39,0,0,1
BRDA:39,0,1,1
BRF:2
BRH:2
end_of_record
TN:
SF:src\utils\text.ts
FN:7,(anonymous_0)
FN:17,(anonymous_1)
FNF:2
FNH:2
FNDA:22,(anonymous_0)
FNDA:8,(anonymous_1)
DA:7,2
DA:8,22
DA:17,2
DA:18,8
DA:19,6
DA:20,6
DA:29,6
LF:7
LH:7
BRDA:8,0,0,22
BRDA:8,0,1,13
BRDA:18,1,0,2
BRDA:18,1,1,6
BRDA:29,2,0,6
BRDA:29,2,1,2
BRF:6
BRH:6
end_of_record
TN:
SF:src\utils\validationChallenge.ts
FN:34,(anonymous_0)
FN:35,(anonymous_1)
FN:38,(anonymous_2)
FN:39,(anonymous_3)
FN:40,(anonymous_4)
FN:41,(anonymous_5)
FN:47,isDefiFormReady
FN:69,validateDefi
FN:136,coerceDefi
FNF:9
FNH:9
FNDA:67,(anonymous_0)
FNDA:12,(anonymous_1)
FNDA:1,(anonymous_2)
FNDA:54,(anonymous_3)
FNDA:20,(anonymous_4)
FNDA:4,(anonymous_5)
FNDA:2,isDefiFormReady
FNDA:4,validateDefi
FNDA:1,coerceDefi
DA:27,1
DA:28,1
DA:29,1
DA:30,1
DA:31,1
DA:34,67
DA:35,12
DA:38,1
DA:39,54
DA:40,20
DA:41,4
DA:48,2
DA:70,4
DA:71,4
DA:72,4
DA:74,4
DA:75,4
DA:76,4
DA:77,4
DA:80,4
DA:81,0
DA:82,4
DA:83,0
DA:84,4
DA:85,0
DA:89,4
DA:90,0
DA:91,4
DA:92,0
DA:93,4
DA:94,0
DA:98,4
DA:99,0
DA:100,4
DA:101,0
DA:102,4
DA:103,0
DA:107,4
DA:108,0
DA:109,4
DA:110,0
DA:111,4
DA:112,0
DA:116,4
DA:123,1
DA:124,1
DA:127,4
DA:129,4
DA:137,1
LF:49
LH:37
BRDA:34,0,0,67
BRDA:34,0,1,0
BRDA:35,1,0,3
BRDA:35,1,1,9
BRDA:49,2,0,2
BRDA:49,2,1,1
BRDA:49,2,2,1
BRDA:49,2,3,1
BRDA:49,2,4,1
BRDA:49,2,5,1
BRDA:49,2,6,1
BRDA:49,2,7,1
BRDA:49,2,8,1
BRDA:74,3,0,1
BRDA:74,3,1,3
BRDA:75,4,0,0
BRDA:75,4,1,4
BRDA:76,5,0,0
BRDA:76,5,1,4
BRDA:77,6,0,0
BRDA:77,6,1,4
BRDA:80,7,0,0
BRDA:80,7,1,4
BRDA:82,8,0,0
BRDA:82,8,1,4
BRDA:84,9,0,0
BRDA:84,9,1,4
BRDA:89,10,0,0
BRDA:89,10,1,4
BRDA:91,11,0,0
BRDA:91,11,1,4
BRDA:93,12,0,0
BRDA:93,12,1,4
BRDA:98,13,0,0
BRDA:98,13,1,4
BRDA:100,14,0,0
BRDA:100,14,1,4
BRDA:102,15,0,0
BRDA:102,15,1,4
BRDA:107,16,0,0
BRDA:107,16,1,4
BRDA:109,17,0,0
BRDA:109,17,1,4
BRDA:111,18,0,0
BRDA:111,18,1,4
BRDA:116,19,0,1
BRDA:116,19,1,3
BRDA:117,20,0,4
BRDA:117,20,1,4
BRDA:117,20,2,4
BRDA:117,20,3,4
BRDA:117,20,4,4
BRDA:127,21,0,0
BRDA:127,21,1,4
BRF:54
BRH:37
end_of_record
